[2025-12-06 00:01:01.650] [gg] [info] [player_list.cpp:100] Disconnected from AllGank/NoFC (Kirari__)
[2025-12-06 00:01:18.437] [gg] [info] [player_list.cpp:168] Connected to Boberino (GunterCanFly)
[2025-12-06 00:02:47.144] [gg] [info] [player_list.cpp:100] Disconnected from Boberino (GunterCanFly)
[2025-12-06 00:03:00.858] [gg] [info] [player_list.cpp:168] Connected to Tilespawn 150/I (Tilespawn)
[2025-12-06 00:03:32.343] [gg] [info] [player_list.cpp:100] Disconnected from 9.8㉓ packet loss (pancakes)
[2025-12-06 00:03:43.667] [gg] [info] [player_list.cpp:168] Connected to AllGank/NoFC (Kirari__)
[2025-12-06 00:04:07.101] [gg] [info] [player_list.cpp:100] Disconnected from Tilespawn 150/I (Tilespawn)
[2025-12-06 00:04:18.557] [gg] [info] [player_list.cpp:168] Connected to pancake rabbit (hexwave)
[2025-12-06 00:05:22.844] [gg] [info] [player_list.cpp:100] Disconnected from AllGank/NoFC (Kirari__)
[2025-12-06 00:05:46.301] [gg] [info] [player_list.cpp:100] Disconnected from pancake rabbit (hexwave)
[2025-12-06 00:05:49.673] [gg] [info] [player_list.cpp:168] Connected to 9.8㉓ packet loss (pancakes)
[2025-12-06 00:06:04.828] [gg] [info] [player_list.cpp:168] Connected to AllGank/NoFC (Kirari__)
[2025-12-06 00:07:10.401] [gg] [info] [player_list.cpp:100] Disconnected from AllGank/NoFC (Kirari__)
[2025-12-06 00:07:31.009] [gg] [info] [player_list.cpp:168] Connected to Tilespawn 150/I (Tilespawn)
[2025-12-06 00:09:50.747] [gg] [info] [player_list.cpp:100] Disconnected from 9.8㉓ packet loss (pancakes)
[2025-12-06 00:10:04.196] [gg] [info] [player_list.cpp:100] Disconnected from Tilespawn 150/I (Tilespawn)
[2025-12-06 00:10:08.405] [gg] [info] [player_list.cpp:168] Connected to pancake rabbit (hexwave)
[2025-12-06 00:10:17.835] [gg] [info] [player_list.cpp:168] Connected to AllGank/NoFC (Kirari__)
[2025-12-06 00:13:18.198] [gg] [info] [player_list.cpp:100] Disconnected from AZEN (Azen_)
[2025-12-06 00:13:35.315] [gg] [info] [player_list.cpp:168] Connected to 9.8㉓ packet loss (pancakes)
[2025-12-06 00:20:19.958] [gg] [info] [player_list.cpp:100] Disconnected from pancake rabbit (hexwave)
[2025-12-06 00:20:19.958] [gg] [info] [player_list.cpp:100] Disconnected from 9.8㉓ packet loss (pancakes)
[2025-12-06 00:20:20.357] [gg] [info] [player_list.cpp:100] Disconnected from AllGank/NoFC (Kirari__)
[2025-12-06 00:20:26.221] [gg] [info] [player_list.cpp:168] Connected to mongkey_aim (mongkey_aim)
[2025-12-06 00:20:26.225] [gg] [info] [player_list.cpp:168] Connected to ttv/Fujitora (Fujitora)
[2025-12-06 00:20:56.302] [gg] [info] [player_list.cpp:100] Disconnected from ttv/Fujitora (Fujitora)
[2025-12-06 00:21:11.438] [gg] [info] [player_list.cpp:168] Connected to 9.8㉓ packet loss (pancakes)
[2025-12-06 00:21:24.271] [gg] [info] [player_list.cpp:168] Connected to pancake rabbit (hexwave)
[2025-12-06 00:21:32.857] [gg] [info] [player_list.cpp:168] Connected to AZEN (Azen_)
[2025-12-06 00:22:53.008] [gg] [info] [player_list.cpp:100] Disconnected from 9.8㉓ packet loss (pancakes)
[2025-12-06 00:23:12.892] [gg] [info] [player_list.cpp:100] Disconnected from mongkey_aim (mongkey_aim)
[2025-12-06 00:23:12.990] [gg] [info] [player_list.cpp:100] Disconnected from pancake rabbit (hexwave)
[2025-12-06 00:23:13.056] [gg] [info] [player_list.cpp:100] Disconnected from AZEN (Azen_)
[2025-12-06 00:25:32.719] [gg] [info] [player_list.cpp:168] Connected to mongkey_aim (mongkey_aim)
[2025-12-06 00:25:32.724] [gg] [info] [player_list.cpp:168] Connected to pancake rabbit (hexwave)
[2025-12-06 00:26:53.287] [gg] [info] [player_list.cpp:168] Connected to AllGank/NoFC (Kirari__)
[2025-12-06 00:27:08.905] [gg] [info] [player_list.cpp:168] Connected to AZEN (Azen_)
[2025-12-06 00:27:42.098] [gg] [info] [player_list.cpp:100] Disconnected from AZEN (Azen_)
[2025-12-06 00:32:08.156] [gg] [info] [player_list.cpp:168] Connected to mongkey_aim (mongkey_aim)
[2025-12-06 00:32:08.160] [gg] [info] [player_list.cpp:168] Connected to pancake rabbit (hexwave)
[2025-12-06 00:32:08.165] [gg] [info] [player_list.cpp:168] Connected to AllGank/NoFC (Kirari__)
[2025-12-06 00:32:40.337] [gg] [info] [player_list.cpp:168] Connected to mongkey_aim (mongkey_aim)
[2025-12-06 00:32:40.341] [gg] [info] [player_list.cpp:168] Connected to pancake rabbit (hexwave)
[2025-12-06 00:32:40.347] [gg] [info] [player_list.cpp:168] Connected to AllGank/NoFC (Kirari__)
[2025-12-06 00:34:39.168] [gg] [info] [player_list.cpp:168] Connected to mongkey_aim (mongkey_aim)
[2025-12-06 00:34:39.173] [gg] [info] [player_list.cpp:168] Connected to pancake rabbit (hexwave)
[2025-12-06 00:34:39.177] [gg] [info] [player_list.cpp:168] Connected to AllGank/NoFC (Kirari__)
[2025-12-06 00:36:28.171] [gg] [info] [player_list.cpp:168] Connected to mongkey_aim (mongkey_aim)
[2025-12-06 00:36:28.176] [gg] [info] [player_list.cpp:168] Connected to pancake rabbit (hexwave)
[2025-12-06 00:36:28.180] [gg] [info] [player_list.cpp:168] Connected to AllGank/NoFC (Kirari__)
[2025-12-06 00:37:48.157] [gg] [info] [player_list.cpp:168] Connected to mongkey_aim (mongkey_aim)
[2025-12-06 00:37:48.162] [gg] [info] [player_list.cpp:168] Connected to pancake rabbit (hexwave)
[2025-12-06 00:37:48.166] [gg] [info] [player_list.cpp:168] Connected to AllGank/NoFC (Kirari__)
[2025-12-06 00:40:55.258] [gg] [info] [player_list.cpp:168] Connected to mongkey_aim (mongkey_aim)
[2025-12-06 00:40:55.263] [gg] [info] [player_list.cpp:168] Connected to pancake rabbit (hexwave)
[2025-12-06 00:40:55.268] [gg] [info] [player_list.cpp:168] Connected to AllGank/NoFC (Kirari__)
[2025-12-06 00:41:50.103] [gg] [info] [player_list.cpp:168] Connected to AZEN (Azen_)
[2025-12-06 00:42:06.587] [gg] [info] [player_list.cpp:100] Disconnected from AZEN (Azen_)
[2025-12-06 00:42:50.019] [gg] [info] [player_list.cpp:100] Disconnected from mongkey_aim (mongkey_aim)
[2025-12-06 00:42:50.050] [gg] [info] [player_list.cpp:100] Disconnected from pancake rabbit (hexwave)
[2025-12-06 00:42:50.116] [gg] [info] [player_list.cpp:100] Disconnected from AllGank/NoFC (Kirari__)
[2025-12-06 00:44:15.314] [gg] [info] [player_list.cpp:168] Connected to mongkey_aim (mongkey_aim)
[2025-12-06 00:44:15.320] [gg] [info] [player_list.cpp:168] Connected to pancake rabbit (hexwave)
[2025-12-06 00:44:15.324] [gg] [info] [player_list.cpp:168] Connected to AllGank/NoFC (Kirari__)
[2025-12-06 00:45:54.495] [gg] [info] [player_list.cpp:168] Connected to mongkey_aim (mongkey_aim)
[2025-12-06 00:45:54.500] [gg] [info] [player_list.cpp:168] Connected to pancake rabbit (hexwave)
[2025-12-06 00:45:54.504] [gg] [info] [player_list.cpp:168] Connected to AllGank/NoFC (Kirari__)
[2025-12-06 00:48:43.730] [gg] [info] [player_list.cpp:168] Connected to mongkey_aim (mongkey_aim)
[2025-12-06 00:48:43.735] [gg] [info] [player_list.cpp:168] Connected to pancake rabbit (hexwave)
[2025-12-06 00:48:43.740] [gg] [info] [player_list.cpp:168] Connected to AllGank/NoFC (Kirari__)
[2025-12-06 00:52:10.499] [gg] [info] [player_list.cpp:168] Connected to AZEN (Azen_)
[2025-12-06 00:52:27.304] [gg] [info] [player_list.cpp:100] Disconnected from AZEN (Azen_)
[2025-12-06 00:52:54.704] [gg] [info] [player_list.cpp:100] Disconnected from pancake rabbit (hexwave)
[2025-12-06 00:53:23.489] [gg] [info] [player_list.cpp:100] Disconnected from mongkey_aim (mongkey_aim)
[2025-12-06 00:53:23.687] [gg] [info] [player_list.cpp:100] Disconnected from AllGank/NoFC (Kirari__)
[2025-12-06 00:56:20.678] [gg] [info] [player_list.cpp:168] Connected to mongkey_aim (mongkey_aim)
[2025-12-06 00:56:24.385] [gg] [info] [player_list.cpp:168] Connected to pancake rabbit (hexwave)
[2025-12-06 00:56:24.484] [gg] [info] [player_list.cpp:168] Connected to AllGank/NoFC (Kirari__)
[2025-12-06 00:58:17.130] [gg] [info] [player_list.cpp:168] Connected to mongkey_aim (mongkey_aim)
[2025-12-06 00:58:17.134] [gg] [info] [player_list.cpp:168] Connected to pancake rabbit (hexwave)
[2025-12-06 00:58:17.140] [gg] [info] [player_list.cpp:168] Connected to AllGank/NoFC (Kirari__)
[2025-12-06 01:01:35.751] [gg] [info] [player_list.cpp:168] Connected to mongkey_aim (mongkey_aim)
[2025-12-06 01:01:35.756] [gg] [info] [player_list.cpp:168] Connected to pancake rabbit (hexwave)
[2025-12-06 01:01:35.761] [gg] [info] [player_list.cpp:168] Connected to AllGank/NoFC (Kirari__)
[2025-12-06 01:04:42.745] [gg] [info] [player_list.cpp:168] Connected to mongkey_aim (mongkey_aim)
[2025-12-06 01:04:42.750] [gg] [info] [player_list.cpp:168] Connected to pancake rabbit (hexwave)
[2025-12-06 01:04:42.755] [gg] [info] [player_list.cpp:168] Connected to AllGank/NoFC (Kirari__)
[2025-12-06 01:06:29.094] [gg] [info] [player_list.cpp:168] Connected to mongkey_aim (mongkey_aim)
[2025-12-06 01:06:29.099] [gg] [info] [player_list.cpp:168] Connected to pancake rabbit (hexwave)
[2025-12-06 01:06:29.103] [gg] [info] [player_list.cpp:168] Connected to AllGank/NoFC (Kirari__)
[2025-12-06 01:08:49.078] [gg] [info] [player_list.cpp:168] Connected to mongkey_aim (mongkey_aim)
[2025-12-06 01:08:49.084] [gg] [info] [player_list.cpp:168] Connected to pancake rabbit (hexwave)
[2025-12-06 01:08:49.090] [gg] [info] [player_list.cpp:168] Connected to AllGank/NoFC (Kirari__)
[2025-12-06 01:12:23.934] [gg] [info] [player_list.cpp:168] Connected to mongkey_aim (mongkey_aim)
[2025-12-06 01:12:23.940] [gg] [info] [player_list.cpp:168] Connected to pancake rabbit (hexwave)
[2025-12-06 01:12:23.945] [gg] [info] [player_list.cpp:168] Connected to AllGank/NoFC (Kirari__)
[2025-12-06 01:14:48.668] [gg] [info] [player_list.cpp:168] Connected to mongkey_aim (mongkey_aim)
[2025-12-06 01:14:48.676] [gg] [info] [player_list.cpp:168] Connected to pancake rabbit (hexwave)
[2025-12-06 01:14:48.680] [gg] [info] [player_list.cpp:168] Connected to AllGank/NoFC (Kirari__)
[2025-12-06 01:17:49.944] [gg] [info] [player_list.cpp:168] Connected to mongkey_aim (mongkey_aim)
[2025-12-06 01:17:49.948] [gg] [info] [player_list.cpp:168] Connected to pancake rabbit (hexwave)
[2025-12-06 01:17:49.953] [gg] [info] [player_list.cpp:168] Connected to AllGank/NoFC (Kirari__)
[2025-12-06 01:20:43.408] [gg] [info] [player_list.cpp:168] Connected to mongkey_aim (mongkey_aim)
[2025-12-06 01:20:43.412] [gg] [info] [player_list.cpp:168] Connected to pancake rabbit (hexwave)
[2025-12-06 01:20:43.417] [gg] [info] [player_list.cpp:168] Connected to AllGank/NoFC (Kirari__)
[2025-12-06 01:23:07.288] [gg] [info] [player_list.cpp:168] Connected to mongkey_aim (mongkey_aim)
[2025-12-06 01:23:07.294] [gg] [info] [player_list.cpp:168] Connected to pancake rabbit (hexwave)
[2025-12-06 01:23:07.299] [gg] [info] [player_list.cpp:168] Connected to AllGank/NoFC (Kirari__)
[2025-12-06 01:25:42.392] [gg] [info] [player_list.cpp:168] Connected to mongkey_aim (mongkey_aim)
[2025-12-06 01:25:42.397] [gg] [info] [player_list.cpp:168] Connected to pancake rabbit (hexwave)
[2025-12-06 01:25:42.402] [gg] [info] [player_list.cpp:168] Connected to AllGank/NoFC (Kirari__)
[2025-12-06 01:27:23.841] [gg] [info] [player_list.cpp:168] Connected to mongkey_aim (mongkey_aim)
[2025-12-06 01:27:23.845] [gg] [info] [player_list.cpp:168] Connected to pancake rabbit (hexwave)
[2025-12-06 01:27:23.850] [gg] [info] [player_list.cpp:168] Connected to AllGank/NoFC (Kirari__)
[2025-12-06 01:29:39.900] [gg] [info] [player_list.cpp:168] Connected to mongkey_aim (mongkey_aim)
[2025-12-06 01:29:39.904] [gg] [info] [player_list.cpp:168] Connected to pancake rabbit (hexwave)
[2025-12-06 01:29:39.909] [gg] [info] [player_list.cpp:168] Connected to AllGank/NoFC (Kirari__)
[2025-12-06 01:30:47.240] [gg] [info] [player_list.cpp:168] Connected to mongkey_aim (mongkey_aim)
[2025-12-06 01:30:47.244] [gg] [info] [player_list.cpp:168] Connected to pancake rabbit (hexwave)
[2025-12-06 01:30:47.249] [gg] [info] [player_list.cpp:168] Connected to AllGank/NoFC (Kirari__)
[2025-12-06 01:33:21.807] [gg] [info] [player_list.cpp:168] Connected to mongkey_aim (mongkey_aim)
[2025-12-06 01:33:21.812] [gg] [info] [player_list.cpp:168] Connected to pancake rabbit (hexwave)
[2025-12-06 01:33:21.817] [gg] [info] [player_list.cpp:168] Connected to AllGank/NoFC (Kirari__)
[2025-12-06 01:35:06.389] [gg] [info] [player_list.cpp:168] Connected to mongkey_aim (mongkey_aim)
[2025-12-06 01:35:06.394] [gg] [info] [player_list.cpp:168] Connected to pancake rabbit (hexwave)
[2025-12-06 01:35:06.399] [gg] [info] [player_list.cpp:168] Connected to AllGank/NoFC (Kirari__)
[2025-12-06 01:37:08.025] [gg] [info] [player_list.cpp:168] Connected to mongkey_aim (mongkey_aim)
[2025-12-06 01:37:08.029] [gg] [info] [player_list.cpp:168] Connected to pancake rabbit (hexwave)
[2025-12-06 01:37:08.034] [gg] [info] [player_list.cpp:168] Connected to AllGank/NoFC (Kirari__)
[2025-12-06 01:40:31.959] [gg] [info] [player_list.cpp:168] Connected to mongkey_aim (mongkey_aim)
[2025-12-06 01:40:31.964] [gg] [info] [player_list.cpp:168] Connected to pancake rabbit (hexwave)
[2025-12-06 01:40:31.968] [gg] [info] [player_list.cpp:168] Connected to AllGank/NoFC (Kirari__)
[2025-12-06 01:42:20.762] [gg] [info] [player_list.cpp:168] Connected to mongkey_aim (mongkey_aim)
[2025-12-06 01:42:20.767] [gg] [info] [player_list.cpp:168] Connected to pancake rabbit (hexwave)
[2025-12-06 01:42:20.771] [gg] [info] [player_list.cpp:168] Connected to AllGank/NoFC (Kirari__)
[2025-12-06 01:46:02.301] [gg] [info] [player_list.cpp:168] Connected to mongkey_aim (mongkey_aim)
[2025-12-06 01:46:02.306] [gg] [info] [player_list.cpp:168] Connected to pancake rabbit (hexwave)
[2025-12-06 01:46:02.310] [gg] [info] [player_list.cpp:168] Connected to AllGank/NoFC (Kirari__)
[2025-12-06 01:50:08.615] [gg] [info] [player_list.cpp:168] Connected to mongkey_aim (mongkey_aim)
[2025-12-06 01:50:08.620] [gg] [info] [player_list.cpp:168] Connected to pancake rabbit (hexwave)
[2025-12-06 01:50:08.625] [gg] [info] [player_list.cpp:168] Connected to AllGank/NoFC (Kirari__)
[2025-12-06 01:52:16.629] [gg] [info] [player_list.cpp:168] Connected to mongkey_aim (mongkey_aim)
[2025-12-06 01:52:16.633] [gg] [info] [player_list.cpp:168] Connected to pancake rabbit (hexwave)
[2025-12-06 01:52:16.637] [gg] [info] [player_list.cpp:168] Connected to AllGank/NoFC (Kirari__)
[2025-12-06 01:53:24.882] [gg] [info] [player_list.cpp:168] Connected to mongkey_aim (mongkey_aim)
[2025-12-06 01:53:24.887] [gg] [info] [player_list.cpp:168] Connected to pancake rabbit (hexwave)
[2025-12-06 01:53:24.892] [gg] [info] [player_list.cpp:168] Connected to AllGank/NoFC (Kirari__)
[2025-12-06 01:53:30.039] [gg] [info] [render_disconnect.cpp:25] Disconnecting from online session
[2025-12-06 01:53:30.141] [gg] [info] [player_list.cpp:100] Disconnected from pancake rabbit (hexwave)
[2025-12-06 01:53:30.176] [gg] [info] [player_list.cpp:100] Disconnected from mongkey_aim (mongkey_aim)
[2025-12-06 01:53:30.240] [gg] [info] [player_list.cpp:100] Disconnected from AllGank/NoFC (Kirari__)
[2025-12-06 21:19:12.360] [gg] [info] [dllmain.cpp:79] GG version 1.0.2
[2025-12-06 21:19:14.386] [gg] [warning] [singletons.cpp:48] Unknown singleton CSTrophy at 0x7ff6ac3a9478
[2025-12-06 21:19:14.392] [gg] [warning] [singletons.cpp:60] Can't find singleton FD4HkEzDrawRigidBodyDispBufferManager
[2025-12-06 21:19:14.395] [gg] [info] [dllmain.cpp:88] Initialized mod
[2025-12-06 21:41:51.465] [gg] [info] [player_list.cpp:168] Connected to Samurai Kai (Samurai Kai)
[2025-12-06 21:41:51.469] [gg] [info] [player_list.cpp:168] Connected to bean/ (bean)
[2025-12-06 21:41:51.474] [gg] [info] [player_list.cpp:168] Connected to AZEN (Azen_)
[2025-12-06 21:41:51.479] [gg] [info] [player_list.cpp:168] Connected to 62 FPS Backswing (Fortnite Kid 21)
[2025-12-06 21:42:05.730] [gg] [info] [player_list.cpp:168] Connected to Scaramouche (scaramouche)
[2025-12-06 21:44:14.799] [gg] [info] [player_list.cpp:100] Disconnected from AZEN (Azen_)
[2025-12-06 21:44:31.502] [gg] [info] [player_list.cpp:168] Connected to Hey (Fujitora)
[2025-12-06 21:48:02.181] [gg] [info] [player_list.cpp:100] Disconnected from 62 FPS Backswing (Fortnite Kid 21)
[2025-12-06 21:48:02.219] [gg] [info] [player_list.cpp:100] Disconnected from Samurai Kai (Samurai Kai)
[2025-12-06 21:48:02.219] [gg] [info] [player_list.cpp:100] Disconnected from Hey (Fujitora)
[2025-12-06 21:48:02.219] [gg] [info] [player_list.cpp:100] Disconnected from Scaramouche (scaramouche)
[2025-12-06 21:48:02.280] [gg] [info] [player_list.cpp:100] Disconnected from bean/ (bean)
[2025-12-06 22:02:23.297] [gg] [info] [player_list.cpp:168] Connected to Samurai Kai (Samurai Kai)
[2025-12-06 22:02:23.302] [gg] [info] [player_list.cpp:168] Connected to bean/ (bean)
[2025-12-06 22:02:23.306] [gg] [info] [player_list.cpp:168] Connected to 62 FPS Backswing (Fortnite Kid 21)
[2025-12-06 22:02:23.310] [gg] [info] [player_list.cpp:168] Connected to Scaramouche (scaramouche)
[2025-12-06 22:02:41.360] [gg] [info] [player_list.cpp:168] Connected to AZEN (Azen_)
[2025-12-06 22:07:24.046] [gg] [info] [player_list.cpp:100] Disconnected from 62 FPS Backswing (Fortnite Kid 21)
[2025-12-06 22:07:24.081] [gg] [info] [player_list.cpp:100] Disconnected from Samurai Kai (Samurai Kai)
[2025-12-06 22:07:24.081] [gg] [info] [player_list.cpp:100] Disconnected from Scaramouche (scaramouche)
[2025-12-06 22:07:24.113] [gg] [info] [player_list.cpp:100] Disconnected from AZEN (Azen_)
[2025-12-06 22:07:24.147] [gg] [info] [player_list.cpp:100] Disconnected from bean/ (bean)
[2025-12-06 22:08:52.800] [gg] [info] [player_list.cpp:168] Connected to Samurai Kai (Samurai Kai)
[2025-12-06 22:08:52.805] [gg] [info] [player_list.cpp:168] Connected to bean/ (bean)
[2025-12-06 22:08:52.809] [gg] [info] [player_list.cpp:168] Connected to Boberino (GunterCanFly)
[2025-12-06 22:08:52.814] [gg] [info] [player_list.cpp:168] Connected to 62 FPS Backswing (Fortnite Kid 21)
[2025-12-06 22:08:52.819] [gg] [info] [player_list.cpp:168] Connected to AZEN (Azen_)
[2025-12-06 22:09:39.955] [gg] [info] [player_list.cpp:100] Disconnected from AZEN (Azen_)
[2025-12-06 22:09:53.525] [gg] [info] [player_list.cpp:168] Connected to AllGank/NoFC (Kirari__)
[2025-12-06 22:10:10.445] [gg] [info] [player_list.cpp:100] Disconnected from Boberino (GunterCanFly)
[2025-12-06 22:10:23.505] [gg] [info] [player_list.cpp:168] Connected to Hey (Fujitora)
[2025-12-06 22:12:59.224] [gg] [info] [player_list.cpp:100] Disconnected from 62 FPS Backswing (Fortnite Kid 21)
[2025-12-06 22:12:59.257] [gg] [info] [player_list.cpp:100] Disconnected from Hey (Fujitora)
[2025-12-06 22:12:59.292] [gg] [info] [player_list.cpp:100] Disconnected from Samurai Kai (Samurai Kai)
[2025-12-06 22:12:59.328] [gg] [info] [player_list.cpp:100] Disconnected from bean/ (bean)
[2025-12-06 22:12:59.329] [gg] [info] [player_list.cpp:100] Disconnected from AllGank/NoFC (Kirari__)
[2025-12-06 22:40:45.384] [gg] [info] [player_list.cpp:168] Connected to Samurai Kai (Samurai Kai)
[2025-12-06 22:40:45.390] [gg] [info] [player_list.cpp:168] Connected to AZEN (Azen_)
[2025-12-06 22:40:45.395] [gg] [info] [player_list.cpp:168] Connected to bean/ (bean)
[2025-12-06 22:40:45.402] [gg] [info] [player_list.cpp:168] Connected to Fortnite Kid 21 (Fortnite Kid 21)
[2025-12-06 22:40:59.275] [gg] [info] [player_list.cpp:168] Connected to TheAverageNerd (TheAverageNerd)
[2025-12-06 22:41:56.065] [gg] [info] [player_list.cpp:100] Disconnected from TheAverageNerd (TheAverageNerd)
[2025-12-06 22:42:07.642] [gg] [info] [player_list.cpp:168] Connected to Hey (Fujitora)
[2025-12-06 22:44:24.175] [gg] [info] [player_list.cpp:100] Disconnected from Fortnite Kid 21 (Fortnite Kid 21)
[2025-12-06 22:44:24.211] [gg] [info] [player_list.cpp:100] Disconnected from Samurai Kai (Samurai Kai)
[2025-12-06 22:44:24.244] [gg] [info] [player_list.cpp:100] Disconnected from AZEN (Azen_)
[2025-12-06 22:44:24.245] [gg] [info] [player_list.cpp:100] Disconnected from Hey (Fujitora)
[2025-12-06 22:44:24.275] [gg] [info] [player_list.cpp:100] Disconnected from bean/ (bean)
