[2025-12-03 02:22:42.898] [modengine] [info] Attempting to load global config at C:\Users\lol13\Downloads\MithMaps\MithMaps\modengine2\config.toml
[2025-12-03 02:22:42.898] [modengine] [info] Attempting to load mod settings config at C:\Users\lol13\Downloads\MithMaps\MithMaps\ModFiles\DenMaps\1.7.0-beta19\config_DenMaps_1.7.0-beta19.toml
[2025-12-03 02:22:42.906] [modengine] [info] Local config loaded
[2025-12-03 02:22:42.907] [modengine] [info] ModEngine version 2.1.0-0924ab36f1311bf84e7e626740b4bf2c0d54909a initializing for Elden Ring
[2025-12-03 02:22:42.907] [modengine] [info] Local settings loaded: true, Global settings loaded: false
[2025-12-03 02:22:42.907] [modengine] [info] Main thread ID: 46480
[2025-12-03 02:22:42.990] [modengine] [info] Loaded external DLL C:\Users\lol13\Downloads\MithMaps\MithMaps\ModFiles\DenMaps\1.7.0-beta19\../../SeamlessCoop/v1.9.0/SeamlessCoop/ersc.dll
[2025-12-03 02:22:48.674] [modengine] [info] Loaded external DLL C:\Users\lol13\Downloads\MithMaps\MithMaps\ModFiles\DenMaps\1.7.0-beta19\../../DenMaps/1.7.0-beta19/mod_files/EldenRingScriptExtender.dll
[2025-12-03 02:22:48.675] [modengine] [warning] External dll C:\Users\lol13\Downloads\MithMaps\MithMaps\ModFiles\DenMaps\1.7.0-beta19\../../DenMaps/1.7.0-beta19/mod_files/EldenRingScriptExtender.dll at base address 0x7ff8634a0000 is not a modengine extension
[2025-12-03 02:22:48.700] [modengine] [info] Loaded external DLL C:\Users\lol13\Downloads\MithMaps\MithMaps\ModFiles\DenMaps\1.7.0-beta19\../../DenMaps/1.7.0-beta19/mod_files/DEN-Maps.dll
[2025-12-03 02:22:48.700] [modengine] [warning] External dll C:\Users\lol13\Downloads\MithMaps\MithMaps\ModFiles\DenMaps\1.7.0-beta19\../../DenMaps/1.7.0-beta19/mod_files/DEN-Maps.dll at base address 0x7ff8754e0000 is not a modengine extension
[2025-12-03 02:22:50.518] [modengine] [info] Loaded external DLL C:\Users\lol13\Downloads\MithMaps\MithMaps\ModFiles\DenMaps\1.7.0-beta19\../../DenMaps/1.7.0-beta19/mod_files/3v3m.dll
[2025-12-03 02:22:50.518] [modengine] [warning] External dll C:\Users\lol13\Downloads\MithMaps\MithMaps\ModFiles\DenMaps\1.7.0-beta19\../../DenMaps/1.7.0-beta19/mod_files/3v3m.dll at base address 0x7ff8c7c60000 is not a modengine extension
[2025-12-03 02:22:50.518] [modengine] [info] Enabling extension base
[2025-12-03 02:22:50.518] [modengine] [info] Enabled extension base
[2025-12-03 02:22:50.518] [modengine] [info] Enabling extension mod_loader
[2025-12-03 02:22:50.524] [modengine] [info] Installing mod location mod_files/file_modding
[2025-12-03 02:22:50.524] [modengine] [info] Resolved mod path to C:\Users\lol13\Downloads\MithMaps\MithMaps\ModFiles\DenMaps\1.7.0-beta19\mod_files/file_modding
[2025-12-03 02:22:50.524] [modengine] [info] Enabled extension mod_loader
[2025-12-03 02:22:50.699] [modengine] [info] Applied 3 hooks
[2025-12-03 02:22:50.716] [modengine] [info] Starting worker thread
[2025-12-03 12:50:49.920] [modengine] [info] Attempting to load global config at C:\Users\lol13\Downloads\MithMaps\MithMaps\modengine2\config.toml
[2025-12-03 12:50:49.920] [modengine] [info] Attempting to load mod settings config at C:\Users\lol13\Downloads\MithMaps\MithMaps\ModFiles\DenMaps\1.7.0-beta19\config_DenMaps_1.7.0-beta19.toml
[2025-12-03 12:50:49.927] [modengine] [info] Local config loaded
[2025-12-03 12:50:49.927] [modengine] [info] ModEngine version 2.1.0-0924ab36f1311bf84e7e626740b4bf2c0d54909a initializing for Elden Ring
[2025-12-03 12:50:49.927] [modengine] [info] Local settings loaded: true, Global settings loaded: false
[2025-12-03 12:50:49.927] [modengine] [info] Main thread ID: 45852
[2025-12-03 12:50:49.999] [modengine] [info] Loaded external DLL C:\Users\lol13\Downloads\MithMaps\MithMaps\ModFiles\DenMaps\1.7.0-beta19\../../SeamlessCoop/v1.9.0/SeamlessCoop/ersc.dll
[2025-12-03 12:50:54.895] [modengine] [info] Loaded external DLL C:\Users\lol13\Downloads\MithMaps\MithMaps\ModFiles\DenMaps\1.7.0-beta19\../../DenMaps/1.7.0-beta19/mod_files/EldenRingScriptExtender.dll
[2025-12-03 12:50:54.895] [modengine] [warning] External dll C:\Users\lol13\Downloads\MithMaps\MithMaps\ModFiles\DenMaps\1.7.0-beta19\../../DenMaps/1.7.0-beta19/mod_files/EldenRingScriptExtender.dll at base address 0x7ff8afee0000 is not a modengine extension
[2025-12-03 12:50:54.919] [modengine] [info] Loaded external DLL C:\Users\lol13\Downloads\MithMaps\MithMaps\ModFiles\DenMaps\1.7.0-beta19\../../DenMaps/1.7.0-beta19/mod_files/DEN-Maps.dll
[2025-12-03 12:50:54.919] [modengine] [warning] External dll C:\Users\lol13\Downloads\MithMaps\MithMaps\ModFiles\DenMaps\1.7.0-beta19\../../DenMaps/1.7.0-beta19/mod_files/DEN-Maps.dll at base address 0x7ff8ab3b0000 is not a modengine extension
[2025-12-03 12:50:57.378] [modengine] [info] Loaded external DLL C:\Users\lol13\Downloads\MithMaps\MithMaps\ModFiles\DenMaps\1.7.0-beta19\../../DenMaps/1.7.0-beta19/mod_files/3v3m.dll
[2025-12-03 12:50:57.378] [modengine] [warning] External dll C:\Users\lol13\Downloads\MithMaps\MithMaps\ModFiles\DenMaps\1.7.0-beta19\../../DenMaps/1.7.0-beta19/mod_files/3v3m.dll at base address 0x7ff8b9100000 is not a modengine extension
[2025-12-03 12:50:57.378] [modengine] [info] Enabling extension base
[2025-12-03 12:50:57.379] [modengine] [info] Enabled extension base
[2025-12-03 12:50:57.379] [modengine] [info] Enabling extension mod_loader
[2025-12-03 12:50:57.379] [modengine] [info] Installing mod location mod_files/file_modding
[2025-12-03 12:50:57.379] [modengine] [info] Resolved mod path to C:\Users\lol13\Downloads\MithMaps\MithMaps\ModFiles\DenMaps\1.7.0-beta19\mod_files/file_modding
[2025-12-03 12:50:57.379] [modengine] [info] Enabled extension mod_loader
[2025-12-03 12:50:57.408] [modengine] [info] Applied 3 hooks
[2025-12-03 12:50:57.420] [modengine] [info] Starting worker thread
[2025-12-03 16:06:49.430] [modengine] [info] Attempting to load global config at C:\Users\lol13\Downloads\MithMaps\MithMaps\modengine2\config.toml
[2025-12-03 16:06:49.430] [modengine] [info] Attempting to load mod settings config at C:\Users\lol13\Downloads\MithMaps\MithMaps\ModFiles\DenMaps\1.7.0-beta19\config_DenMaps_1.7.0-beta19.toml
[2025-12-03 16:06:49.437] [modengine] [info] Local config loaded
[2025-12-03 16:06:49.437] [modengine] [info] ModEngine version 2.1.0-0924ab36f1311bf84e7e626740b4bf2c0d54909a initializing for Elden Ring
[2025-12-03 16:06:49.437] [modengine] [info] Local settings loaded: true, Global settings loaded: false
[2025-12-03 16:06:49.437] [modengine] [info] Main thread ID: 10236
[2025-12-03 16:06:49.501] [modengine] [info] Loaded external DLL C:\Users\lol13\Downloads\MithMaps\MithMaps\ModFiles\DenMaps\1.7.0-beta19\../../SeamlessCoop/v1.9.0/SeamlessCoop/ersc.dll
[2025-12-03 16:06:54.246] [modengine] [info] Loaded external DLL C:\Users\lol13\Downloads\MithMaps\MithMaps\ModFiles\DenMaps\1.7.0-beta19\../../DenMaps/1.7.0-beta19/mod_files/EldenRingScriptExtender.dll
[2025-12-03 16:06:54.246] [modengine] [warning] External dll C:\Users\lol13\Downloads\MithMaps\MithMaps\ModFiles\DenMaps\1.7.0-beta19\../../DenMaps/1.7.0-beta19/mod_files/EldenRingScriptExtender.dll at base address 0x7fff96210000 is not a modengine extension
[2025-12-03 16:06:54.271] [modengine] [info] Loaded external DLL C:\Users\lol13\Downloads\MithMaps\MithMaps\ModFiles\DenMaps\1.7.0-beta19\../../DenMaps/1.7.0-beta19/mod_files/DEN-Maps.dll
[2025-12-03 16:06:54.271] [modengine] [warning] External dll C:\Users\lol13\Downloads\MithMaps\MithMaps\ModFiles\DenMaps\1.7.0-beta19\../../DenMaps/1.7.0-beta19/mod_files/DEN-Maps.dll at base address 0x7fff96190000 is not a modengine extension
[2025-12-03 16:06:56.714] [modengine] [info] Loaded external DLL C:\Users\lol13\Downloads\MithMaps\MithMaps\ModFiles\DenMaps\1.7.0-beta19\../../DenMaps/1.7.0-beta19/mod_files/3v3m.dll
[2025-12-03 16:06:56.714] [modengine] [warning] External dll C:\Users\lol13\Downloads\MithMaps\MithMaps\ModFiles\DenMaps\1.7.0-beta19\../../DenMaps/1.7.0-beta19/mod_files/3v3m.dll at base address 0x7fffdbe70000 is not a modengine extension
[2025-12-03 16:06:56.714] [modengine] [info] Enabling extension base
[2025-12-03 16:06:56.714] [modengine] [info] Enabled extension base
[2025-12-03 16:06:56.714] [modengine] [info] Enabling extension mod_loader
[2025-12-03 16:06:56.715] [modengine] [info] Installing mod location mod_files/file_modding
[2025-12-03 16:06:56.715] [modengine] [info] Resolved mod path to C:\Users\lol13\Downloads\MithMaps\MithMaps\ModFiles\DenMaps\1.7.0-beta19\mod_files/file_modding
[2025-12-03 16:06:56.715] [modengine] [info] Enabled extension mod_loader
[2025-12-03 16:06:56.744] [modengine] [info] Applied 3 hooks
[2025-12-03 16:06:56.751] [modengine] [info] Starting worker thread
[2025-12-03 16:42:42.816] [modengine] [warning] Failed to load file C:\Users\lol13\Downloads\MithMaps\MithMaps\ModFiles\DenMaps\1.7.0-beta19\mod_files/file_modding\asset\aeg\aeg067\aeg067_003.geombnd.dcx
[2025-12-03 16:42:42.817] [modengine] [warning] Failed to load file C:\Users\lol13\Downloads\MithMaps\MithMaps\ModFiles\DenMaps\1.7.0-beta19\mod_files/file_modding\asset\aeg\aeg067\aeg067_003.geombnd.dcx
[2025-12-03 16:42:42.817] [modengine] [warning] Failed to load file C:\Users\lol13\Downloads\MithMaps\MithMaps\ModFiles\DenMaps\1.7.0-beta19\mod_files/file_modding\asset\aeg\aeg067\aeg067_003.geombnd.dcx
[2025-12-03 16:42:42.817] [modengine] [warning] Failed to load file C:\Users\lol13\Downloads\MithMaps\MithMaps\ModFiles\DenMaps\1.7.0-beta19\mod_files/file_modding\asset\aeg\aeg067\aeg067_003.geombnd.dcx
[2025-12-03 16:42:42.818] [modengine] [warning] Failed to load file C:\Users\lol13\Downloads\MithMaps\MithMaps\ModFiles\DenMaps\1.7.0-beta19\mod_files/file_modding\asset\aeg\aeg067\aeg067_003.geombnd.dcx
[2025-12-03 16:42:42.818] [modengine] [warning] Failed to load file C:\Users\lol13\Downloads\MithMaps\MithMaps\ModFiles\DenMaps\1.7.0-beta19\mod_files/file_modding\asset\aeg\aeg067\aeg067_003.geombnd.dcx
[2025-12-03 16:42:42.818] [modengine] [warning] Failed to load file C:\Users\lol13\Downloads\MithMaps\MithMaps\ModFiles\DenMaps\1.7.0-beta19\mod_files/file_modding\asset\aeg\aeg067\aeg067_003.geombnd.dcx
[2025-12-03 16:42:42.818] [modengine] [warning] Failed to load file C:\Users\lol13\Downloads\MithMaps\MithMaps\ModFiles\DenMaps\1.7.0-beta19\mod_files/file_modding\asset\aeg\aeg067\aeg067_003.geombnd.dcx
[2025-12-03 16:42:42.818] [modengine] [warning] Failed to load file C:\Users\lol13\Downloads\MithMaps\MithMaps\ModFiles\DenMaps\1.7.0-beta19\mod_files/file_modding\asset\aeg\aeg067\aeg067_003.geombnd.dcx
[2025-12-03 16:42:42.818] [modengine] [warning] Failed to load file C:\Users\lol13\Downloads\MithMaps\MithMaps\ModFiles\DenMaps\1.7.0-beta19\mod_files/file_modding\asset\aeg\aeg067\aeg067_003.geombnd.dcx
[2025-12-03 19:19:44.741] [modengine] [info] Attempting to load global config at C:\Users\lol13\Downloads\MithMaps\MithMaps\modengine2\config.toml
[2025-12-03 19:19:44.741] [modengine] [info] Attempting to load mod settings config at C:\Users\lol13\Downloads\MithMaps\MithMaps\ModFiles\DenMaps\1.7.0-beta19\config_DenMaps_1.7.0-beta19.toml
[2025-12-03 19:19:44.742] [modengine] [info] Local config loaded
[2025-12-03 19:19:44.742] [modengine] [info] ModEngine version 2.1.0-0924ab36f1311bf84e7e626740b4bf2c0d54909a initializing for Elden Ring
[2025-12-03 19:19:44.742] [modengine] [info] Local settings loaded: true, Global settings loaded: false
[2025-12-03 19:19:44.742] [modengine] [info] Main thread ID: 28476
[2025-12-03 19:19:44.747] [modengine] [info] Loaded external DLL C:\Users\lol13\Downloads\MithMaps\MithMaps\ModFiles\DenMaps\1.7.0-beta19\../../SeamlessCoop/v1.9.0/SeamlessCoop/ersc.dll
[2025-12-03 19:19:48.212] [modengine] [info] Loaded external DLL C:\Users\lol13\Downloads\MithMaps\MithMaps\ModFiles\DenMaps\1.7.0-beta19\../../DenMaps/1.7.0-beta19/mod_files/EldenRingScriptExtender.dll
[2025-12-03 19:19:48.212] [modengine] [warning] External dll C:\Users\lol13\Downloads\MithMaps\MithMaps\ModFiles\DenMaps\1.7.0-beta19\../../DenMaps/1.7.0-beta19/mod_files/EldenRingScriptExtender.dll at base address 0x7fff96210000 is not a modengine extension
[2025-12-03 19:19:48.230] [modengine] [info] Loaded external DLL C:\Users\lol13\Downloads\MithMaps\MithMaps\ModFiles\DenMaps\1.7.0-beta19\../../DenMaps/1.7.0-beta19/mod_files/DEN-Maps.dll
[2025-12-03 19:19:48.230] [modengine] [warning] External dll C:\Users\lol13\Downloads\MithMaps\MithMaps\ModFiles\DenMaps\1.7.0-beta19\../../DenMaps/1.7.0-beta19/mod_files/DEN-Maps.dll at base address 0x7fff96190000 is not a modengine extension
[2025-12-03 19:19:49.576] [modengine] [info] Loaded external DLL C:\Users\lol13\Downloads\MithMaps\MithMaps\ModFiles\DenMaps\1.7.0-beta19\../../DenMaps/1.7.0-beta19/mod_files/3v3m.dll
[2025-12-03 19:19:49.576] [modengine] [warning] External dll C:\Users\lol13\Downloads\MithMaps\MithMaps\ModFiles\DenMaps\1.7.0-beta19\../../DenMaps/1.7.0-beta19/mod_files/3v3m.dll at base address 0x7fffdbe70000 is not a modengine extension
[2025-12-03 19:19:49.576] [modengine] [info] Enabling extension base
[2025-12-03 19:19:49.576] [modengine] [info] Enabled extension base
[2025-12-03 19:19:49.576] [modengine] [info] Enabling extension mod_loader
[2025-12-03 19:19:49.577] [modengine] [info] Installing mod location mod_files/file_modding
[2025-12-03 19:19:49.577] [modengine] [info] Resolved mod path to C:\Users\lol13\Downloads\MithMaps\MithMaps\ModFiles\DenMaps\1.7.0-beta19\mod_files/file_modding
[2025-12-03 19:19:49.577] [modengine] [info] Enabled extension mod_loader
[2025-12-03 19:19:49.616] [modengine] [info] Applied 3 hooks
[2025-12-03 19:19:49.628] [modengine] [info] Starting worker thread
[2025-12-03 19:20:00.578] [modengine] [info] Attempting to load global config at C:\Users\lol13\Downloads\MithMaps\MithMaps\modengine2\config.toml
[2025-12-03 19:20:00.578] [modengine] [info] Attempting to load mod settings config at C:\Users\lol13\Downloads\MithMaps\MithMaps\ModFiles\DenMaps\1.7.0-beta19\config_DenMaps_1.7.0-beta19.toml
[2025-12-03 19:20:00.578] [modengine] [info] Local config loaded
[2025-12-03 19:20:00.578] [modengine] [info] ModEngine version 2.1.0-0924ab36f1311bf84e7e626740b4bf2c0d54909a initializing for Elden Ring
[2025-12-03 19:20:00.578] [modengine] [info] Local settings loaded: true, Global settings loaded: false
[2025-12-03 19:20:00.578] [modengine] [info] Main thread ID: 10300
[2025-12-03 19:20:00.583] [modengine] [info] Loaded external DLL C:\Users\lol13\Downloads\MithMaps\MithMaps\ModFiles\DenMaps\1.7.0-beta19\../../SeamlessCoop/v1.9.0/SeamlessCoop/ersc.dll
[2025-12-03 19:20:04.094] [modengine] [info] Loaded external DLL C:\Users\lol13\Downloads\MithMaps\MithMaps\ModFiles\DenMaps\1.7.0-beta19\../../DenMaps/1.7.0-beta19/mod_files/EldenRingScriptExtender.dll
[2025-12-03 19:20:04.094] [modengine] [warning] External dll C:\Users\lol13\Downloads\MithMaps\MithMaps\ModFiles\DenMaps\1.7.0-beta19\../../DenMaps/1.7.0-beta19/mod_files/EldenRingScriptExtender.dll at base address 0x7fffea330000 is not a modengine extension
[2025-12-03 19:20:04.095] [modengine] [info] Loaded external DLL C:\Users\lol13\Downloads\MithMaps\MithMaps\ModFiles\DenMaps\1.7.0-beta19\../../DenMaps/1.7.0-beta19/mod_files/DEN-Maps.dll
[2025-12-03 19:20:04.095] [modengine] [warning] External dll C:\Users\lol13\Downloads\MithMaps\MithMaps\ModFiles\DenMaps\1.7.0-beta19\../../DenMaps/1.7.0-beta19/mod_files/DEN-Maps.dll at base address 0x7fff989e0000 is not a modengine extension
[2025-12-03 19:20:06.536] [modengine] [info] Loaded external DLL C:\Users\lol13\Downloads\MithMaps\MithMaps\ModFiles\DenMaps\1.7.0-beta19\../../DenMaps/1.7.0-beta19/mod_files/3v3m.dll
[2025-12-03 19:20:06.536] [modengine] [warning] External dll C:\Users\lol13\Downloads\MithMaps\MithMaps\ModFiles\DenMaps\1.7.0-beta19\../../DenMaps/1.7.0-beta19/mod_files/3v3m.dll at base address 0x7fffeef50000 is not a modengine extension
[2025-12-03 19:20:06.536] [modengine] [info] Enabling extension base
[2025-12-03 19:20:06.536] [modengine] [info] Enabled extension base
[2025-12-03 19:20:06.536] [modengine] [info] Enabling extension mod_loader
[2025-12-03 19:20:06.536] [modengine] [info] Installing mod location mod_files/file_modding
[2025-12-03 19:20:06.536] [modengine] [info] Resolved mod path to C:\Users\lol13\Downloads\MithMaps\MithMaps\ModFiles\DenMaps\1.7.0-beta19\mod_files/file_modding
[2025-12-03 19:20:06.536] [modengine] [info] Enabled extension mod_loader
[2025-12-03 19:20:06.565] [modengine] [info] Applied 3 hooks
[2025-12-03 19:20:06.568] [modengine] [info] Starting worker thread
[2025-12-03 21:53:05.968] [modengine] [info] Attempting to load global config at C:\Users\lol13\Downloads\MithMaps\MithMaps\modengine2\config.toml
[2025-12-03 21:53:05.969] [modengine] [info] Attempting to load mod settings config at C:\Users\lol13\Downloads\MithMaps\MithMaps\ModFiles\DenMaps\1.7.0-beta19\config_DenMaps_1.7.0-beta19.toml
[2025-12-03 21:53:05.969] [modengine] [info] Local config loaded
[2025-12-03 21:53:05.969] [modengine] [info] ModEngine version 2.1.0-0924ab36f1311bf84e7e626740b4bf2c0d54909a initializing for Elden Ring
[2025-12-03 21:53:05.969] [modengine] [info] Local settings loaded: true, Global settings loaded: false
[2025-12-03 21:53:05.969] [modengine] [info] Main thread ID: 34984
[2025-12-03 21:53:05.972] [modengine] [info] Loaded external DLL C:\Users\lol13\Downloads\MithMaps\MithMaps\ModFiles\DenMaps\1.7.0-beta19\../../SeamlessCoop/v1.9.0/SeamlessCoop/ersc.dll
[2025-12-03 21:53:10.788] [modengine] [info] Loaded external DLL C:\Users\lol13\Downloads\MithMaps\MithMaps\ModFiles\DenMaps\1.7.0-beta19\../../DenMaps/1.7.0-beta19/mod_files/EldenRingScriptExtender.dll
[2025-12-03 21:53:10.789] [modengine] [warning] External dll C:\Users\lol13\Downloads\MithMaps\MithMaps\ModFiles\DenMaps\1.7.0-beta19\../../DenMaps/1.7.0-beta19/mod_files/EldenRingScriptExtender.dll at base address 0x7fffb4930000 is not a modengine extension
[2025-12-03 21:53:10.793] [modengine] [info] Loaded external DLL C:\Users\lol13\Downloads\MithMaps\MithMaps\ModFiles\DenMaps\1.7.0-beta19\../../DenMaps/1.7.0-beta19/mod_files/DEN-Maps.dll
[2025-12-03 21:53:10.793] [modengine] [warning] External dll C:\Users\lol13\Downloads\MithMaps\MithMaps\ModFiles\DenMaps\1.7.0-beta19\../../DenMaps/1.7.0-beta19/mod_files/DEN-Maps.dll at base address 0x7fffeef10000 is not a modengine extension
[2025-12-03 21:53:14.264] [modengine] [info] Loaded external DLL C:\Users\lol13\Downloads\MithMaps\MithMaps\ModFiles\DenMaps\1.7.0-beta19\../../DenMaps/1.7.0-beta19/mod_files/3v3m.dll
[2025-12-03 21:53:14.264] [modengine] [warning] External dll C:\Users\lol13\Downloads\MithMaps\MithMaps\ModFiles\DenMaps\1.7.0-beta19\../../DenMaps/1.7.0-beta19/mod_files/3v3m.dll at base address 0x7fffef120000 is not a modengine extension
[2025-12-03 21:53:14.264] [modengine] [info] Enabling extension base
[2025-12-03 21:53:14.265] [modengine] [info] Enabled extension base
[2025-12-03 21:53:14.266] [modengine] [info] Enabling extension mod_loader
[2025-12-03 21:53:14.266] [modengine] [info] Installing mod location mod_files/file_modding
[2025-12-03 21:53:14.266] [modengine] [info] Resolved mod path to C:\Users\lol13\Downloads\MithMaps\MithMaps\ModFiles\DenMaps\1.7.0-beta19\mod_files/file_modding
[2025-12-03 21:53:14.266] [modengine] [info] Enabled extension mod_loader
[2025-12-03 21:53:14.392] [modengine] [info] Applied 3 hooks
[2025-12-03 21:53:14.410] [modengine] [info] Starting worker thread
[2025-12-03 22:00:29.740] [modengine] [info] Attempting to load global config at C:\Users\lol13\Downloads\MithMaps\MithMaps\modengine2\config.toml
[2025-12-03 22:00:29.741] [modengine] [info] Attempting to load mod settings config at C:\Users\lol13\Downloads\MithMaps\MithMaps\ModFiles\DenMaps\1.7.0-beta19\config_DenMaps_1.7.0-beta19.toml
[2025-12-03 22:00:29.741] [modengine] [info] Local config loaded
[2025-12-03 22:00:29.741] [modengine] [info] ModEngine version 2.1.0-0924ab36f1311bf84e7e626740b4bf2c0d54909a initializing for Elden Ring
[2025-12-03 22:00:29.741] [modengine] [info] Local settings loaded: true, Global settings loaded: false
[2025-12-03 22:00:29.741] [modengine] [info] Main thread ID: 35756
[2025-12-03 22:00:29.745] [modengine] [info] Loaded external DLL C:\Users\lol13\Downloads\MithMaps\MithMaps\ModFiles\DenMaps\1.7.0-beta19\../../SeamlessCoop/v1.9.0/SeamlessCoop/ersc.dll
[2025-12-03 22:00:33.464] [modengine] [info] Loaded external DLL C:\Users\lol13\Downloads\MithMaps\MithMaps\ModFiles\DenMaps\1.7.0-beta19\../../DenMaps/1.7.0-beta19/mod_files/EldenRingScriptExtender.dll
[2025-12-03 22:00:33.464] [modengine] [warning] External dll C:\Users\lol13\Downloads\MithMaps\MithMaps\ModFiles\DenMaps\1.7.0-beta19\../../DenMaps/1.7.0-beta19/mod_files/EldenRingScriptExtender.dll at base address 0x7fffdb060000 is not a modengine extension
[2025-12-03 22:00:33.484] [modengine] [info] Loaded external DLL C:\Users\lol13\Downloads\MithMaps\MithMaps\ModFiles\DenMaps\1.7.0-beta19\../../DenMaps/1.7.0-beta19/mod_files/DEN-Maps.dll
[2025-12-03 22:00:33.484] [modengine] [warning] External dll C:\Users\lol13\Downloads\MithMaps\MithMaps\ModFiles\DenMaps\1.7.0-beta19\../../DenMaps/1.7.0-beta19/mod_files/DEN-Maps.dll at base address 0x7fffeef10000 is not a modengine extension
[2025-12-03 22:00:37.153] [modengine] [info] Loaded external DLL C:\Users\lol13\Downloads\MithMaps\MithMaps\ModFiles\DenMaps\1.7.0-beta19\../../DenMaps/1.7.0-beta19/mod_files/3v3m.dll
[2025-12-03 22:00:37.153] [modengine] [warning] External dll C:\Users\lol13\Downloads\MithMaps\MithMaps\ModFiles\DenMaps\1.7.0-beta19\../../DenMaps/1.7.0-beta19/mod_files/3v3m.dll at base address 0x7fffea480000 is not a modengine extension
[2025-12-03 22:00:37.153] [modengine] [info] Enabling extension base
[2025-12-03 22:00:37.278] [modengine] [info] Enabled extension base
[2025-12-03 22:00:37.278] [modengine] [info] Enabling extension mod_loader
[2025-12-03 22:00:37.278] [modengine] [info] Installing mod location mod_files/file_modding
[2025-12-03 22:00:37.278] [modengine] [info] Resolved mod path to C:\Users\lol13\Downloads\MithMaps\MithMaps\ModFiles\DenMaps\1.7.0-beta19\mod_files/file_modding
[2025-12-03 22:00:37.279] [modengine] [info] Enabled extension mod_loader
[2025-12-03 22:00:37.416] [modengine] [info] Applied 3 hooks
[2025-12-03 22:00:37.422] [modengine] [info] Starting worker thread
[2025-12-03 22:05:03.870] [modengine] [info] Attempting to load global config at C:\Users\lol13\Downloads\MithMaps\MithMaps\modengine2\config.toml
[2025-12-03 22:05:03.870] [modengine] [info] Attempting to load mod settings config at C:\Users\lol13\Downloads\MithMaps\MithMaps\ModFiles\DenMaps\1.7.0-beta19\config_DenMaps_1.7.0-beta19.toml
[2025-12-03 22:05:03.870] [modengine] [info] Local config loaded
[2025-12-03 22:05:03.871] [modengine] [info] ModEngine version 2.1.0-0924ab36f1311bf84e7e626740b4bf2c0d54909a initializing for Elden Ring
[2025-12-03 22:05:03.871] [modengine] [info] Local settings loaded: true, Global settings loaded: false
[2025-12-03 22:05:03.871] [modengine] [info] Main thread ID: 22680
[2025-12-03 22:05:03.876] [modengine] [info] Loaded external DLL C:\Users\lol13\Downloads\MithMaps\MithMaps\ModFiles\DenMaps\1.7.0-beta19\../../SeamlessCoop/v1.9.0/SeamlessCoop/ersc.dll
[2025-12-03 22:05:07.579] [modengine] [info] Loaded external DLL C:\Users\lol13\Downloads\MithMaps\MithMaps\ModFiles\DenMaps\1.7.0-beta19\../../DenMaps/1.7.0-beta19/mod_files/EldenRingScriptExtender.dll
[2025-12-03 22:05:07.579] [modengine] [warning] External dll C:\Users\lol13\Downloads\MithMaps\MithMaps\ModFiles\DenMaps\1.7.0-beta19\../../DenMaps/1.7.0-beta19/mod_files/EldenRingScriptExtender.dll at base address 0x7fffdb060000 is not a modengine extension
[2025-12-03 22:05:07.581] [modengine] [info] Loaded external DLL C:\Users\lol13\Downloads\MithMaps\MithMaps\ModFiles\DenMaps\1.7.0-beta19\../../DenMaps/1.7.0-beta19/mod_files/DEN-Maps.dll
[2025-12-03 22:05:07.581] [modengine] [warning] External dll C:\Users\lol13\Downloads\MithMaps\MithMaps\ModFiles\DenMaps\1.7.0-beta19\../../DenMaps/1.7.0-beta19/mod_files/DEN-Maps.dll at base address 0x7fffeef10000 is not a modengine extension
[2025-12-03 22:05:11.056] [modengine] [info] Loaded external DLL C:\Users\lol13\Downloads\MithMaps\MithMaps\ModFiles\DenMaps\1.7.0-beta19\../../DenMaps/1.7.0-beta19/mod_files/3v3m.dll
[2025-12-03 22:05:11.056] [modengine] [warning] External dll C:\Users\lol13\Downloads\MithMaps\MithMaps\ModFiles\DenMaps\1.7.0-beta19\../../DenMaps/1.7.0-beta19/mod_files/3v3m.dll at base address 0x7fffea480000 is not a modengine extension
[2025-12-03 22:05:11.056] [modengine] [info] Enabling extension base
[2025-12-03 22:05:11.056] [modengine] [info] Enabled extension base
[2025-12-03 22:05:11.056] [modengine] [info] Enabling extension mod_loader
[2025-12-03 22:05:11.056] [modengine] [info] Installing mod location mod_files/file_modding
[2025-12-03 22:05:11.056] [modengine] [info] Resolved mod path to C:\Users\lol13\Downloads\MithMaps\MithMaps\ModFiles\DenMaps\1.7.0-beta19\mod_files/file_modding
[2025-12-03 22:05:11.056] [modengine] [info] Enabled extension mod_loader
[2025-12-03 22:05:11.086] [modengine] [info] Applied 3 hooks
[2025-12-03 22:05:11.089] [modengine] [info] Starting worker thread
[2025-12-03 22:07:43.184] [modengine] [info] Attempting to load global config at C:\Users\lol13\Downloads\MithMaps\MithMaps\modengine2\config.toml
[2025-12-03 22:07:43.184] [modengine] [info] Attempting to load mod settings config at C:\Users\lol13\Downloads\MithMaps\MithMaps\ModFiles\DenMaps\1.7.0-beta19\config_DenMaps_1.7.0-beta19.toml
[2025-12-03 22:07:43.184] [modengine] [info] Local config loaded
[2025-12-03 22:07:43.184] [modengine] [info] ModEngine version 2.1.0-0924ab36f1311bf84e7e626740b4bf2c0d54909a initializing for Elden Ring
[2025-12-03 22:07:43.184] [modengine] [info] Local settings loaded: true, Global settings loaded: false
[2025-12-03 22:07:43.184] [modengine] [info] Main thread ID: 1648
[2025-12-03 22:07:43.189] [modengine] [info] Loaded external DLL C:\Users\lol13\Downloads\MithMaps\MithMaps\ModFiles\DenMaps\1.7.0-beta19\../../SeamlessCoop/v1.9.0/SeamlessCoop/ersc.dll
[2025-12-03 22:07:48.147] [modengine] [info] Loaded external DLL C:\Users\lol13\Downloads\MithMaps\MithMaps\ModFiles\DenMaps\1.7.0-beta19\../../DenMaps/1.7.0-beta19/mod_files/EldenRingScriptExtender.dll
[2025-12-03 22:07:48.148] [modengine] [warning] External dll C:\Users\lol13\Downloads\MithMaps\MithMaps\ModFiles\DenMaps\1.7.0-beta19\../../DenMaps/1.7.0-beta19/mod_files/EldenRingScriptExtender.dll at base address 0x7fffdb060000 is not a modengine extension
[2025-12-03 22:07:48.164] [modengine] [info] Loaded external DLL C:\Users\lol13\Downloads\MithMaps\MithMaps\ModFiles\DenMaps\1.7.0-beta19\../../DenMaps/1.7.0-beta19/mod_files/DEN-Maps.dll
[2025-12-03 22:07:48.164] [modengine] [warning] External dll C:\Users\lol13\Downloads\MithMaps\MithMaps\ModFiles\DenMaps\1.7.0-beta19\../../DenMaps/1.7.0-beta19/mod_files/DEN-Maps.dll at base address 0x7fffeef10000 is not a modengine extension
[2025-12-03 22:07:52.197] [modengine] [info] Loaded external DLL C:\Users\lol13\Downloads\MithMaps\MithMaps\ModFiles\DenMaps\1.7.0-beta19\../../DenMaps/1.7.0-beta19/mod_files/3v3m.dll
[2025-12-03 22:07:52.197] [modengine] [warning] External dll C:\Users\lol13\Downloads\MithMaps\MithMaps\ModFiles\DenMaps\1.7.0-beta19\../../DenMaps/1.7.0-beta19/mod_files/3v3m.dll at base address 0x7fffea480000 is not a modengine extension
[2025-12-03 22:07:52.197] [modengine] [info] Enabling extension base
[2025-12-03 22:07:52.198] [modengine] [info] Enabled extension base
[2025-12-03 22:07:52.198] [modengine] [info] Enabling extension mod_loader
[2025-12-03 22:07:52.198] [modengine] [info] Installing mod location mod_files/file_modding
[2025-12-03 22:07:52.198] [modengine] [info] Resolved mod path to C:\Users\lol13\Downloads\MithMaps\MithMaps\ModFiles\DenMaps\1.7.0-beta19\mod_files/file_modding
[2025-12-03 22:07:52.198] [modengine] [info] Enabled extension mod_loader
[2025-12-03 22:07:52.487] [modengine] [info] Applied 3 hooks
[2025-12-03 22:07:52.513] [modengine] [info] Starting worker thread
