[2025-12-10 00:03:15.922] [modengine] [info] Attempting to load global config at C:\Users\basic\Documents\MithMaps\modengine2\config.toml
[2025-12-10 00:03:15.922] [modengine] [info] Attempting to load mod settings config at C:\Users\basic\Documents\MithMaps\ModFiles\DenMaps\1.7.0-beta19\config_DenMaps_1.7.0-beta19.toml
[2025-12-10 00:03:15.922] [modengine] [info] Local config loaded
[2025-12-10 00:03:15.922] [modengine] [info] ModEngine version 2.1.0-0924ab36f1311bf84e7e626740b4bf2c0d54909a initializing for Elden Ring
[2025-12-10 00:03:15.922] [modengine] [info] Local settings loaded: true, Global settings loaded: false
[2025-12-10 00:03:15.923] [modengine] [info] Main thread ID: 2960
[2025-12-10 00:03:15.925] [modengine] [info] Loaded external DLL C:\Users\basic\Documents\MithMaps\ModFiles\DenMaps\1.7.0-beta19\../../SeamlessCoop/v1.9.0/SeamlessCoop/ersc.dll
[2025-12-10 00:03:17.068] [modengine] [info] Loaded external DLL C:\Users\basic\Documents\MithMaps\ModFiles\DenMaps\1.7.0-beta19\../../DenMaps/1.7.0-beta19/mod_files/EldenRingScriptExtender.dll
[2025-12-10 00:03:17.068] [modengine] [warning] External dll C:\Users\basic\Documents\MithMaps\ModFiles\DenMaps\1.7.0-beta19\../../DenMaps/1.7.0-beta19/mod_files/EldenRingScriptExtender.dll at base address 0x7ffab7c80000 is not a modengine extension
[2025-12-10 00:03:17.069] [modengine] [info] Loaded external DLL C:\Users\basic\Documents\MithMaps\ModFiles\DenMaps\1.7.0-beta19\../../DenMaps/1.7.0-beta19/mod_files/DEN-Maps.dll
[2025-12-10 00:03:17.069] [modengine] [warning] External dll C:\Users\basic\Documents\MithMaps\ModFiles\DenMaps\1.7.0-beta19\../../DenMaps/1.7.0-beta19/mod_files/DEN-Maps.dll at base address 0x7ffac0940000 is not a modengine extension
[2025-12-10 00:03:18.574] [modengine] [info] Loaded external DLL C:\Users\basic\Documents\MithMaps\ModFiles\DenMaps\1.7.0-beta19\../../DenMaps/1.7.0-beta19/mod_files/3v3m.dll
[2025-12-10 00:03:18.574] [modengine] [warning] External dll C:\Users\basic\Documents\MithMaps\ModFiles\DenMaps\1.7.0-beta19\../../DenMaps/1.7.0-beta19/mod_files/3v3m.dll at base address 0x7ffad6fb0000 is not a modengine extension
[2025-12-10 00:03:18.576] [modengine] [info] Loaded external DLL C:\Users\basic\Documents\MithMaps\ModFiles\DenMaps\1.7.0-beta19\../../DenMaps/1.7.0-beta19/mod_files/ergg.dll
[2025-12-10 00:03:18.576] [modengine] [info] Enabling extension base
[2025-12-10 00:03:18.576] [modengine] [info] Enabled extension base
[2025-12-10 00:03:18.576] [modengine] [info] Enabling extension mod_loader
[2025-12-10 00:03:18.576] [modengine] [info] Installing mod location mod_files/file_modding
[2025-12-10 00:03:18.576] [modengine] [info] Resolved mod path to C:\Users\basic\Documents\MithMaps\ModFiles\DenMaps\1.7.0-beta19\mod_files/file_modding
[2025-12-10 00:03:18.576] [modengine] [info] Enabled extension mod_loader
[2025-12-10 00:03:18.609] [modengine] [info] Applied 3 hooks
[2025-12-10 00:03:18.611] [modengine] [info] Starting worker thread
[2025-12-10 00:09:47.870] [modengine] [info] Attempting to load global config at C:\Users\basic\Documents\MithMaps\modengine2\config.toml
[2025-12-10 00:09:47.870] [modengine] [info] Attempting to load mod settings config at C:\Users\basic\Documents\MithMaps\ModFiles\DenMaps\1.7.0-beta19\config_DenMaps_1.7.0-beta19.toml
[2025-12-10 00:09:47.870] [modengine] [info] Local config loaded
[2025-12-10 00:09:47.870] [modengine] [info] ModEngine version 2.1.0-0924ab36f1311bf84e7e626740b4bf2c0d54909a initializing for Elden Ring
[2025-12-10 00:09:47.870] [modengine] [info] Local settings loaded: true, Global settings loaded: false
[2025-12-10 00:09:47.870] [modengine] [info] Main thread ID: 10252
[2025-12-10 00:09:47.873] [modengine] [info] Loaded external DLL C:\Users\basic\Documents\MithMaps\ModFiles\DenMaps\1.7.0-beta19\../../SeamlessCoop/v1.9.0/SeamlessCoop/ersc.dll
[2025-12-10 00:09:49.044] [modengine] [info] Loaded external DLL C:\Users\basic\Documents\MithMaps\ModFiles\DenMaps\1.7.0-beta19\../../DenMaps/1.7.0-beta19/mod_files/EldenRingScriptExtender.dll
[2025-12-10 00:09:49.044] [modengine] [warning] External dll C:\Users\basic\Documents\MithMaps\ModFiles\DenMaps\1.7.0-beta19\../../DenMaps/1.7.0-beta19/mod_files/EldenRingScriptExtender.dll at base address 0x7ffab7e60000 is not a modengine extension
[2025-12-10 00:09:49.045] [modengine] [info] Loaded external DLL C:\Users\basic\Documents\MithMaps\ModFiles\DenMaps\1.7.0-beta19\../../DenMaps/1.7.0-beta19/mod_files/DEN-Maps.dll
[2025-12-10 00:09:49.045] [modengine] [warning] External dll C:\Users\basic\Documents\MithMaps\ModFiles\DenMaps\1.7.0-beta19\../../DenMaps/1.7.0-beta19/mod_files/DEN-Maps.dll at base address 0x7ffac0940000 is not a modengine extension
[2025-12-10 00:10:35.081] [modengine] [info] Loaded external DLL C:\Users\basic\Documents\MithMaps\ModFiles\DenMaps\1.7.0-beta19\../../DenMaps/1.7.0-beta19/mod_files/3v3m.dll
[2025-12-10 00:10:35.081] [modengine] [warning] External dll C:\Users\basic\Documents\MithMaps\ModFiles\DenMaps\1.7.0-beta19\../../DenMaps/1.7.0-beta19/mod_files/3v3m.dll at base address 0x7ffad6fb0000 is not a modengine extension
[2025-12-10 00:10:35.084] [modengine] [info] Loaded external DLL C:\Users\basic\Documents\MithMaps\ModFiles\DenMaps\1.7.0-beta19\../../DenMaps/1.7.0-beta19/mod_files/ergg.dll
[2025-12-10 00:10:35.084] [modengine] [info] Enabling extension base
[2025-12-10 00:10:35.084] [modengine] [info] Enabled extension base
[2025-12-10 00:10:35.084] [modengine] [info] Enabling extension mod_loader
[2025-12-10 00:10:35.084] [modengine] [info] Installing mod location mod_files/file_modding
[2025-12-10 00:10:35.084] [modengine] [info] Resolved mod path to C:\Users\basic\Documents\MithMaps\ModFiles\DenMaps\1.7.0-beta19\mod_files/file_modding
[2025-12-10 00:10:35.084] [modengine] [info] Enabled extension mod_loader
[2025-12-10 00:10:35.112] [modengine] [info] Applied 3 hooks
[2025-12-10 00:10:35.115] [modengine] [info] Starting worker thread
[2025-12-10 00:18:16.518] [modengine] [info] Attempting to load global config at C:\Users\basic\Documents\MithMaps\modengine2\config.toml
[2025-12-10 00:18:16.518] [modengine] [info] Attempting to load mod settings config at C:\Users\basic\Documents\MithMaps\ModFiles\DenMaps\1.7.0-beta19\config_DenMaps_1.7.0-beta19.toml
[2025-12-10 00:18:16.518] [modengine] [info] Local config loaded
[2025-12-10 00:18:16.518] [modengine] [info] ModEngine version 2.1.0-0924ab36f1311bf84e7e626740b4bf2c0d54909a initializing for Elden Ring
[2025-12-10 00:18:16.518] [modengine] [info] Local settings loaded: true, Global settings loaded: false
[2025-12-10 00:18:16.518] [modengine] [info] Main thread ID: 18684
[2025-12-10 00:18:16.521] [modengine] [info] Loaded external DLL C:\Users\basic\Documents\MithMaps\ModFiles\DenMaps\1.7.0-beta19\../../SeamlessCoop/v1.9.0/SeamlessCoop/ersc.dll
[2025-12-10 00:18:17.700] [modengine] [info] Loaded external DLL C:\Users\basic\Documents\MithMaps\ModFiles\DenMaps\1.7.0-beta19\../../DenMaps/1.7.0-beta19/mod_files/EldenRingScriptExtender.dll
[2025-12-10 00:18:17.700] [modengine] [warning] External dll C:\Users\basic\Documents\MithMaps\ModFiles\DenMaps\1.7.0-beta19\../../DenMaps/1.7.0-beta19/mod_files/EldenRingScriptExtender.dll at base address 0x7ffab7c90000 is not a modengine extension
[2025-12-10 00:18:17.701] [modengine] [info] Loaded external DLL C:\Users\basic\Documents\MithMaps\ModFiles\DenMaps\1.7.0-beta19\../../DenMaps/1.7.0-beta19/mod_files/DEN-Maps.dll
[2025-12-10 00:18:17.701] [modengine] [warning] External dll C:\Users\basic\Documents\MithMaps\ModFiles\DenMaps\1.7.0-beta19\../../DenMaps/1.7.0-beta19/mod_files/DEN-Maps.dll at base address 0x7ffab42e0000 is not a modengine extension
[2025-12-10 00:18:19.840] [modengine] [info] Loaded external DLL C:\Users\basic\Documents\MithMaps\ModFiles\DenMaps\1.7.0-beta19\../../DenMaps/1.7.0-beta19/mod_files/3v3m.dll
[2025-12-10 00:18:19.840] [modengine] [warning] External dll C:\Users\basic\Documents\MithMaps\ModFiles\DenMaps\1.7.0-beta19\../../DenMaps/1.7.0-beta19/mod_files/3v3m.dll at base address 0x7ffad6ff0000 is not a modengine extension
[2025-12-10 00:18:19.842] [modengine] [info] Loaded external DLL C:\Users\basic\Documents\MithMaps\ModFiles\DenMaps\1.7.0-beta19\../../DenMaps/1.7.0-beta19/mod_files/ergg.dll
[2025-12-10 00:18:19.842] [modengine] [info] Enabling extension base
[2025-12-10 00:18:19.842] [modengine] [info] Enabled extension base
[2025-12-10 00:18:19.842] [modengine] [info] Enabling extension mod_loader
[2025-12-10 00:18:19.842] [modengine] [info] Installing mod location mod_files/file_modding
[2025-12-10 00:18:19.842] [modengine] [info] Resolved mod path to C:\Users\basic\Documents\MithMaps\ModFiles\DenMaps\1.7.0-beta19\mod_files/file_modding
[2025-12-10 00:18:19.842] [modengine] [info] Enabled extension mod_loader
[2025-12-10 00:18:19.871] [modengine] [info] Applied 3 hooks
[2025-12-10 00:18:19.873] [modengine] [info] Starting worker thread
[2025-12-10 00:21:42.726] [modengine] [info] Attempting to load global config at C:\Users\basic\Documents\MithMaps\modengine2\config.toml
[2025-12-10 00:21:42.726] [modengine] [info] Attempting to load mod settings config at C:\Users\basic\Documents\MithMaps\ModFiles\DenMaps\1.7.0-beta19\config_DenMaps_1.7.0-beta19.toml
[2025-12-10 00:21:42.726] [modengine] [info] Local config loaded
[2025-12-10 00:21:42.726] [modengine] [info] ModEngine version 2.1.0-0924ab36f1311bf84e7e626740b4bf2c0d54909a initializing for Elden Ring
[2025-12-10 00:21:42.726] [modengine] [info] Local settings loaded: true, Global settings loaded: false
[2025-12-10 00:21:42.726] [modengine] [info] Main thread ID: 7872
[2025-12-10 00:21:42.730] [modengine] [info] Loaded external DLL C:\Users\basic\Documents\MithMaps\ModFiles\DenMaps\1.7.0-beta19\../../SeamlessCoop/v1.9.0/SeamlessCoop/ersc.dll
[2025-12-10 00:21:43.858] [modengine] [info] Loaded external DLL C:\Users\basic\Documents\MithMaps\ModFiles\DenMaps\1.7.0-beta19\../../DenMaps/1.7.0-beta19/mod_files/EldenRingScriptExtender.dll
[2025-12-10 00:21:43.858] [modengine] [warning] External dll C:\Users\basic\Documents\MithMaps\ModFiles\DenMaps\1.7.0-beta19\../../DenMaps/1.7.0-beta19/mod_files/EldenRingScriptExtender.dll at base address 0x7ffab7c90000 is not a modengine extension
[2025-12-10 00:21:43.859] [modengine] [info] Loaded external DLL C:\Users\basic\Documents\MithMaps\ModFiles\DenMaps\1.7.0-beta19\../../DenMaps/1.7.0-beta19/mod_files/DEN-Maps.dll
[2025-12-10 00:21:43.859] [modengine] [warning] External dll C:\Users\basic\Documents\MithMaps\ModFiles\DenMaps\1.7.0-beta19\../../DenMaps/1.7.0-beta19/mod_files/DEN-Maps.dll at base address 0x7ffab5000000 is not a modengine extension
[2025-12-10 00:21:44.793] [modengine] [info] Loaded external DLL C:\Users\basic\Documents\MithMaps\ModFiles\DenMaps\1.7.0-beta19\../../DenMaps/1.7.0-beta19/mod_files/3v3m.dll
[2025-12-10 00:21:44.793] [modengine] [warning] External dll C:\Users\basic\Documents\MithMaps\ModFiles\DenMaps\1.7.0-beta19\../../DenMaps/1.7.0-beta19/mod_files/3v3m.dll at base address 0x7ffad6ff0000 is not a modengine extension
[2025-12-10 00:21:44.794] [modengine] [info] Loaded external DLL C:\Users\basic\Documents\MithMaps\ModFiles\DenMaps\1.7.0-beta19\../../DenMaps/1.7.0-beta19/mod_files/ergg.dll
[2025-12-10 00:21:44.794] [modengine] [info] Enabling extension base
[2025-12-10 00:21:44.794] [modengine] [info] Enabled extension base
[2025-12-10 00:21:44.794] [modengine] [info] Enabling extension mod_loader
[2025-12-10 00:21:44.794] [modengine] [info] Installing mod location mod_files/file_modding
[2025-12-10 00:21:44.794] [modengine] [info] Resolved mod path to C:\Users\basic\Documents\MithMaps\ModFiles\DenMaps\1.7.0-beta19\mod_files/file_modding
[2025-12-10 00:21:44.794] [modengine] [info] Enabled extension mod_loader
[2025-12-10 00:21:44.823] [modengine] [info] Applied 3 hooks
[2025-12-10 00:21:44.826] [modengine] [info] Starting worker thread
[2025-12-10 00:25:19.418] [modengine] [info] Attempting to load global config at C:\Users\basic\Documents\MithMaps\modengine2\config.toml
[2025-12-10 00:25:19.418] [modengine] [info] Attempting to load mod settings config at C:\Users\basic\Documents\MithMaps\ModFiles\DenMaps\1.7.0-beta19\config_DenMaps_1.7.0-beta19.toml
[2025-12-10 00:25:19.418] [modengine] [info] Local config loaded
[2025-12-10 00:25:19.418] [modengine] [info] ModEngine version 2.1.0-0924ab36f1311bf84e7e626740b4bf2c0d54909a initializing for Elden Ring
[2025-12-10 00:25:19.418] [modengine] [info] Local settings loaded: true, Global settings loaded: false
[2025-12-10 00:25:19.418] [modengine] [info] Main thread ID: 21152
[2025-12-10 00:25:19.421] [modengine] [info] Loaded external DLL C:\Users\basic\Documents\MithMaps\ModFiles\DenMaps\1.7.0-beta19\../../SeamlessCoop/v1.9.0/SeamlessCoop/ersc.dll
[2025-12-10 00:25:20.657] [modengine] [info] Loaded external DLL C:\Users\basic\Documents\MithMaps\ModFiles\DenMaps\1.7.0-beta19\../../DenMaps/1.7.0-beta19/mod_files/EldenRingScriptExtender.dll
[2025-12-10 00:25:20.657] [modengine] [warning] External dll C:\Users\basic\Documents\MithMaps\ModFiles\DenMaps\1.7.0-beta19\../../DenMaps/1.7.0-beta19/mod_files/EldenRingScriptExtender.dll at base address 0x7ffab42d0000 is not a modengine extension
[2025-12-10 00:25:20.658] [modengine] [info] Loaded external DLL C:\Users\basic\Documents\MithMaps\ModFiles\DenMaps\1.7.0-beta19\../../DenMaps/1.7.0-beta19/mod_files/DEN-Maps.dll
[2025-12-10 00:25:20.658] [modengine] [warning] External dll C:\Users\basic\Documents\MithMaps\ModFiles\DenMaps\1.7.0-beta19\../../DenMaps/1.7.0-beta19/mod_files/DEN-Maps.dll at base address 0x7ffaa4690000 is not a modengine extension
[2025-12-10 00:25:23.598] [modengine] [info] Loaded external DLL C:\Users\basic\Documents\MithMaps\ModFiles\DenMaps\1.7.0-beta19\../../DenMaps/1.7.0-beta19/mod_files/3v3m.dll
[2025-12-10 00:25:23.599] [modengine] [warning] External dll C:\Users\basic\Documents\MithMaps\ModFiles\DenMaps\1.7.0-beta19\../../DenMaps/1.7.0-beta19/mod_files/3v3m.dll at base address 0x7ffad6fb0000 is not a modengine extension
[2025-12-10 00:25:23.600] [modengine] [info] Loaded external DLL C:\Users\basic\Documents\MithMaps\ModFiles\DenMaps\1.7.0-beta19\../../DenMaps/1.7.0-beta19/mod_files/ergg.dll
[2025-12-10 00:25:23.600] [modengine] [info] Enabling extension base
[2025-12-10 00:25:23.600] [modengine] [info] Enabled extension base
[2025-12-10 00:25:23.600] [modengine] [info] Enabling extension mod_loader
[2025-12-10 00:25:23.600] [modengine] [info] Installing mod location mod_files/file_modding
[2025-12-10 00:25:23.600] [modengine] [info] Resolved mod path to C:\Users\basic\Documents\MithMaps\ModFiles\DenMaps\1.7.0-beta19\mod_files/file_modding
[2025-12-10 00:25:23.600] [modengine] [info] Enabled extension mod_loader
[2025-12-10 00:25:23.629] [modengine] [info] Applied 3 hooks
[2025-12-10 00:25:23.632] [modengine] [info] Starting worker thread
[2025-12-10 00:33:04.253] [modengine] [info] Attempting to load global config at C:\Users\basic\Documents\MithMaps\modengine2\config.toml
[2025-12-10 00:33:04.253] [modengine] [info] Attempting to load mod settings config at C:\Users\basic\Documents\MithMaps\ModFiles\DenMaps\1.7.0-beta19\config_DenMaps_1.7.0-beta19.toml
[2025-12-10 00:33:04.253] [modengine] [info] Local config loaded
[2025-12-10 00:33:04.254] [modengine] [info] ModEngine version 2.1.0-0924ab36f1311bf84e7e626740b4bf2c0d54909a initializing for Elden Ring
[2025-12-10 00:33:04.254] [modengine] [info] Local settings loaded: true, Global settings loaded: false
[2025-12-10 00:33:04.254] [modengine] [info] Main thread ID: 16800
[2025-12-10 00:33:04.258] [modengine] [info] Loaded external DLL C:\Users\basic\Documents\MithMaps\ModFiles\DenMaps\1.7.0-beta19\../../SeamlessCoop/v1.9.0/SeamlessCoop/ersc.dll
[2025-12-10 00:33:05.440] [modengine] [info] Loaded external DLL C:\Users\basic\Documents\MithMaps\ModFiles\DenMaps\1.7.0-beta19\../../DenMaps/1.7.0-beta19/mod_files/EldenRingScriptExtender.dll
[2025-12-10 00:33:05.440] [modengine] [warning] External dll C:\Users\basic\Documents\MithMaps\ModFiles\DenMaps\1.7.0-beta19\../../DenMaps/1.7.0-beta19/mod_files/EldenRingScriptExtender.dll at base address 0x7ffab7c90000 is not a modengine extension
[2025-12-10 00:33:05.441] [modengine] [info] Loaded external DLL C:\Users\basic\Documents\MithMaps\ModFiles\DenMaps\1.7.0-beta19\../../DenMaps/1.7.0-beta19/mod_files/DEN-Maps.dll
[2025-12-10 00:33:05.441] [modengine] [warning] External dll C:\Users\basic\Documents\MithMaps\ModFiles\DenMaps\1.7.0-beta19\../../DenMaps/1.7.0-beta19/mod_files/DEN-Maps.dll at base address 0x7ffac07d0000 is not a modengine extension
[2025-12-10 00:33:59.770] [modengine] [info] Loaded external DLL C:\Users\basic\Documents\MithMaps\ModFiles\DenMaps\1.7.0-beta19\../../DenMaps/1.7.0-beta19/mod_files/3v3m.dll
[2025-12-10 00:33:59.770] [modengine] [warning] External dll C:\Users\basic\Documents\MithMaps\ModFiles\DenMaps\1.7.0-beta19\../../DenMaps/1.7.0-beta19/mod_files/3v3m.dll at base address 0x7ffad6ff0000 is not a modengine extension
[2025-12-10 00:33:59.773] [modengine] [info] Loaded external DLL C:\Users\basic\Documents\MithMaps\ModFiles\DenMaps\1.7.0-beta19\../../DenMaps/1.7.0-beta19/mod_files/ergg.dll
[2025-12-10 00:33:59.773] [modengine] [info] Enabling extension base
[2025-12-10 00:33:59.773] [modengine] [info] Enabled extension base
[2025-12-10 00:33:59.773] [modengine] [info] Enabling extension mod_loader
[2025-12-10 00:33:59.773] [modengine] [info] Installing mod location mod_files/file_modding
[2025-12-10 00:33:59.773] [modengine] [info] Resolved mod path to C:\Users\basic\Documents\MithMaps\ModFiles\DenMaps\1.7.0-beta19\mod_files/file_modding
[2025-12-10 00:33:59.773] [modengine] [info] Enabled extension mod_loader
[2025-12-10 00:33:59.803] [modengine] [info] Applied 3 hooks
[2025-12-10 00:33:59.805] [modengine] [info] Starting worker thread
[2025-12-10 00:44:27.620] [modengine] [info] Attempting to load global config at C:\Users\basic\Documents\MithMaps\modengine2\config.toml
[2025-12-10 00:44:27.620] [modengine] [info] Attempting to load mod settings config at C:\Users\basic\Documents\MithMaps\ModFiles\DenMaps\1.7.0-beta19\config_DenMaps_1.7.0-beta19.toml
[2025-12-10 00:44:27.620] [modengine] [info] Local config loaded
[2025-12-10 00:44:27.620] [modengine] [info] ModEngine version 2.1.0-0924ab36f1311bf84e7e626740b4bf2c0d54909a initializing for Elden Ring
[2025-12-10 00:44:27.620] [modengine] [info] Local settings loaded: true, Global settings loaded: false
[2025-12-10 00:44:27.620] [modengine] [info] Main thread ID: 11808
[2025-12-10 00:44:27.623] [modengine] [info] Loaded external DLL C:\Users\basic\Documents\MithMaps\ModFiles\DenMaps\1.7.0-beta19\../../SeamlessCoop/v1.9.0/SeamlessCoop/ersc.dll
[2025-12-10 00:44:28.896] [modengine] [info] Loaded external DLL C:\Users\basic\Documents\MithMaps\ModFiles\DenMaps\1.7.0-beta19\../../DenMaps/1.7.0-beta19/mod_files/EldenRingScriptExtender.dll
[2025-12-10 00:44:28.896] [modengine] [warning] External dll C:\Users\basic\Documents\MithMaps\ModFiles\DenMaps\1.7.0-beta19\../../DenMaps/1.7.0-beta19/mod_files/EldenRingScriptExtender.dll at base address 0x7ffab7cb0000 is not a modengine extension
[2025-12-10 00:44:28.897] [modengine] [info] Loaded external DLL C:\Users\basic\Documents\MithMaps\ModFiles\DenMaps\1.7.0-beta19\../../DenMaps/1.7.0-beta19/mod_files/DEN-Maps.dll
[2025-12-10 00:44:28.897] [modengine] [warning] External dll C:\Users\basic\Documents\MithMaps\ModFiles\DenMaps\1.7.0-beta19\../../DenMaps/1.7.0-beta19/mod_files/DEN-Maps.dll at base address 0x7ffab42e0000 is not a modengine extension
[2025-12-10 00:44:43.741] [modengine] [info] Loaded external DLL C:\Users\basic\Documents\MithMaps\ModFiles\DenMaps\1.7.0-beta19\../../DenMaps/1.7.0-beta19/mod_files/3v3m.dll
[2025-12-10 00:44:43.741] [modengine] [warning] External dll C:\Users\basic\Documents\MithMaps\ModFiles\DenMaps\1.7.0-beta19\../../DenMaps/1.7.0-beta19/mod_files/3v3m.dll at base address 0x7ffad7080000 is not a modengine extension
[2025-12-10 00:44:43.744] [modengine] [info] Loaded external DLL C:\Users\basic\Documents\MithMaps\ModFiles\DenMaps\1.7.0-beta19\../../DenMaps/1.7.0-beta19/mod_files/ergg.dll
[2025-12-10 00:44:43.744] [modengine] [info] Enabling extension base
[2025-12-10 00:44:43.744] [modengine] [info] Enabled extension base
[2025-12-10 00:44:43.744] [modengine] [info] Enabling extension mod_loader
[2025-12-10 00:44:43.744] [modengine] [info] Installing mod location mod_files/file_modding
[2025-12-10 00:44:43.744] [modengine] [info] Resolved mod path to C:\Users\basic\Documents\MithMaps\ModFiles\DenMaps\1.7.0-beta19\mod_files/file_modding
[2025-12-10 00:44:43.744] [modengine] [info] Enabled extension mod_loader
[2025-12-10 00:44:43.774] [modengine] [info] Applied 3 hooks
[2025-12-10 00:44:43.777] [modengine] [info] Starting worker thread
[2025-12-10 00:56:30.809] [modengine] [info] Attempting to load global config at C:\Users\basic\Documents\MithMaps\modengine2\config.toml
[2025-12-10 00:56:30.809] [modengine] [info] Attempting to load mod settings config at C:\Users\basic\Documents\MithMaps\ModFiles\DenMaps\1.7.0-beta19\config_DenMaps_1.7.0-beta19.toml
[2025-12-10 00:56:30.810] [modengine] [info] Local config loaded
[2025-12-10 00:56:30.810] [modengine] [info] ModEngine version 2.1.0-0924ab36f1311bf84e7e626740b4bf2c0d54909a initializing for Elden Ring
[2025-12-10 00:56:30.810] [modengine] [info] Local settings loaded: true, Global settings loaded: false
[2025-12-10 00:56:30.810] [modengine] [info] Main thread ID: 19960
[2025-12-10 00:56:30.812] [modengine] [info] Loaded external DLL C:\Users\basic\Documents\MithMaps\ModFiles\DenMaps\1.7.0-beta19\../../SeamlessCoop/v1.9.0/SeamlessCoop/ersc.dll
[2025-12-10 00:56:32.138] [modengine] [info] Loaded external DLL C:\Users\basic\Documents\MithMaps\ModFiles\DenMaps\1.7.0-beta19\../../DenMaps/1.7.0-beta19/mod_files/EldenRingScriptExtender.dll
[2025-12-10 00:56:32.138] [modengine] [warning] External dll C:\Users\basic\Documents\MithMaps\ModFiles\DenMaps\1.7.0-beta19\../../DenMaps/1.7.0-beta19/mod_files/EldenRingScriptExtender.dll at base address 0x7ffab42d0000 is not a modengine extension
[2025-12-10 00:56:32.139] [modengine] [info] Loaded external DLL C:\Users\basic\Documents\MithMaps\ModFiles\DenMaps\1.7.0-beta19\../../DenMaps/1.7.0-beta19/mod_files/DEN-Maps.dll
[2025-12-10 00:56:32.139] [modengine] [warning] External dll C:\Users\basic\Documents\MithMaps\ModFiles\DenMaps\1.7.0-beta19\../../DenMaps/1.7.0-beta19/mod_files/DEN-Maps.dll at base address 0x7ffac0940000 is not a modengine extension
[2025-12-10 00:56:33.339] [modengine] [info] Loaded external DLL C:\Users\basic\Documents\MithMaps\ModFiles\DenMaps\1.7.0-beta19\../../DenMaps/1.7.0-beta19/mod_files/3v3m.dll
[2025-12-10 00:56:33.339] [modengine] [warning] External dll C:\Users\basic\Documents\MithMaps\ModFiles\DenMaps\1.7.0-beta19\../../DenMaps/1.7.0-beta19/mod_files/3v3m.dll at base address 0x7ffad7050000 is not a modengine extension
[2025-12-10 00:56:33.341] [modengine] [info] Loaded external DLL C:\Users\basic\Documents\MithMaps\ModFiles\DenMaps\1.7.0-beta19\../../DenMaps/1.7.0-beta19/mod_files/ergg.dll
[2025-12-10 00:56:33.341] [modengine] [info] Enabling extension base
[2025-12-10 00:56:33.341] [modengine] [info] Enabled extension base
[2025-12-10 00:56:33.341] [modengine] [info] Enabling extension mod_loader
[2025-12-10 00:56:33.341] [modengine] [info] Installing mod location mod_files/file_modding
[2025-12-10 00:56:33.341] [modengine] [info] Resolved mod path to C:\Users\basic\Documents\MithMaps\ModFiles\DenMaps\1.7.0-beta19\mod_files/file_modding
[2025-12-10 00:56:33.341] [modengine] [info] Enabled extension mod_loader
[2025-12-10 00:56:33.371] [modengine] [info] Applied 3 hooks
[2025-12-10 00:56:33.373] [modengine] [info] Starting worker thread
[2025-12-10 00:56:41.844] [modengine] [info] Attempting to load global config at C:\Users\basic\Documents\MithMaps\modengine2\config.toml
[2025-12-10 00:56:41.844] [modengine] [info] Attempting to load mod settings config at C:\Users\basic\Documents\MithMaps\ModFiles\DenMaps\1.7.0-beta19\config_DenMaps_1.7.0-beta19.toml
[2025-12-10 00:56:41.844] [modengine] [info] Local config loaded
[2025-12-10 00:56:41.844] [modengine] [info] ModEngine version 2.1.0-0924ab36f1311bf84e7e626740b4bf2c0d54909a initializing for Elden Ring
[2025-12-10 00:56:41.844] [modengine] [info] Local settings loaded: true, Global settings loaded: false
[2025-12-10 00:56:41.844] [modengine] [info] Main thread ID: 2376
[2025-12-10 00:56:41.848] [modengine] [info] Loaded external DLL C:\Users\basic\Documents\MithMaps\ModFiles\DenMaps\1.7.0-beta19\../../SeamlessCoop/v1.9.0/SeamlessCoop/ersc.dll
[2025-12-10 00:56:43.204] [modengine] [info] Loaded external DLL C:\Users\basic\Documents\MithMaps\ModFiles\DenMaps\1.7.0-beta19\../../DenMaps/1.7.0-beta19/mod_files/EldenRingScriptExtender.dll
[2025-12-10 00:56:43.204] [modengine] [warning] External dll C:\Users\basic\Documents\MithMaps\ModFiles\DenMaps\1.7.0-beta19\../../DenMaps/1.7.0-beta19/mod_files/EldenRingScriptExtender.dll at base address 0x7ffab42d0000 is not a modengine extension
[2025-12-10 00:56:43.205] [modengine] [info] Loaded external DLL C:\Users\basic\Documents\MithMaps\ModFiles\DenMaps\1.7.0-beta19\../../DenMaps/1.7.0-beta19/mod_files/DEN-Maps.dll
[2025-12-10 00:56:43.205] [modengine] [warning] External dll C:\Users\basic\Documents\MithMaps\ModFiles\DenMaps\1.7.0-beta19\../../DenMaps/1.7.0-beta19/mod_files/DEN-Maps.dll at base address 0x7ffac0940000 is not a modengine extension
[2025-12-10 00:56:44.056] [modengine] [info] Loaded external DLL C:\Users\basic\Documents\MithMaps\ModFiles\DenMaps\1.7.0-beta19\../../DenMaps/1.7.0-beta19/mod_files/3v3m.dll
[2025-12-10 00:56:44.056] [modengine] [warning] External dll C:\Users\basic\Documents\MithMaps\ModFiles\DenMaps\1.7.0-beta19\../../DenMaps/1.7.0-beta19/mod_files/3v3m.dll at base address 0x7ffad7050000 is not a modengine extension
[2025-12-10 00:56:44.058] [modengine] [info] Loaded external DLL C:\Users\basic\Documents\MithMaps\ModFiles\DenMaps\1.7.0-beta19\../../DenMaps/1.7.0-beta19/mod_files/ergg.dll
[2025-12-10 00:56:44.058] [modengine] [info] Enabling extension base
[2025-12-10 00:56:44.058] [modengine] [info] Enabled extension base
[2025-12-10 00:56:44.058] [modengine] [info] Enabling extension mod_loader
[2025-12-10 00:56:44.058] [modengine] [info] Installing mod location mod_files/file_modding
[2025-12-10 00:56:44.058] [modengine] [info] Resolved mod path to C:\Users\basic\Documents\MithMaps\ModFiles\DenMaps\1.7.0-beta19\mod_files/file_modding
[2025-12-10 00:56:44.058] [modengine] [info] Enabled extension mod_loader
[2025-12-10 00:56:44.089] [modengine] [info] Applied 3 hooks
[2025-12-10 00:56:44.092] [modengine] [info] Starting worker thread
[2025-12-10 01:03:20.811] [modengine] [info] Attempting to load global config at C:\Users\basic\Documents\MithMaps\modengine2\config.toml
[2025-12-10 01:03:20.812] [modengine] [info] Attempting to load mod settings config at C:\Users\basic\Documents\MithMaps\ModFiles\DenMaps\1.7.0-beta19\config_DenMaps_1.7.0-beta19.toml
[2025-12-10 01:03:20.812] [modengine] [info] Local config loaded
[2025-12-10 01:03:20.812] [modengine] [info] ModEngine version 2.1.0-0924ab36f1311bf84e7e626740b4bf2c0d54909a initializing for Elden Ring
[2025-12-10 01:03:20.812] [modengine] [info] Local settings loaded: true, Global settings loaded: false
[2025-12-10 01:03:20.812] [modengine] [info] Main thread ID: 19372
[2025-12-10 01:03:20.815] [modengine] [info] Loaded external DLL C:\Users\basic\Documents\MithMaps\ModFiles\DenMaps\1.7.0-beta19\../../SeamlessCoop/v1.9.0/SeamlessCoop/ersc.dll
[2025-12-10 01:03:22.046] [modengine] [info] Loaded external DLL C:\Users\basic\Documents\MithMaps\ModFiles\DenMaps\1.7.0-beta19\../../DenMaps/1.7.0-beta19/mod_files/EldenRingScriptExtender.dll
[2025-12-10 01:03:22.046] [modengine] [warning] External dll C:\Users\basic\Documents\MithMaps\ModFiles\DenMaps\1.7.0-beta19\../../DenMaps/1.7.0-beta19/mod_files/EldenRingScriptExtender.dll at base address 0x7ffab42d0000 is not a modengine extension
[2025-12-10 01:03:22.047] [modengine] [info] Loaded external DLL C:\Users\basic\Documents\MithMaps\ModFiles\DenMaps\1.7.0-beta19\../../DenMaps/1.7.0-beta19/mod_files/DEN-Maps.dll
[2025-12-10 01:03:22.047] [modengine] [warning] External dll C:\Users\basic\Documents\MithMaps\ModFiles\DenMaps\1.7.0-beta19\../../DenMaps/1.7.0-beta19/mod_files/DEN-Maps.dll at base address 0x7ffac0940000 is not a modengine extension
[2025-12-10 01:04:31.496] [modengine] [info] Loaded external DLL C:\Users\basic\Documents\MithMaps\ModFiles\DenMaps\1.7.0-beta19\../../DenMaps/1.7.0-beta19/mod_files/3v3m.dll
[2025-12-10 01:04:31.496] [modengine] [warning] External dll C:\Users\basic\Documents\MithMaps\ModFiles\DenMaps\1.7.0-beta19\../../DenMaps/1.7.0-beta19/mod_files/3v3m.dll at base address 0x7ffad6ff0000 is not a modengine extension
[2025-12-10 01:04:31.499] [modengine] [info] Loaded external DLL C:\Users\basic\Documents\MithMaps\ModFiles\DenMaps\1.7.0-beta19\../../DenMaps/1.7.0-beta19/mod_files/ergg.dll
[2025-12-10 01:04:31.499] [modengine] [info] Enabling extension base
[2025-12-10 01:04:31.499] [modengine] [info] Enabled extension base
[2025-12-10 01:04:31.499] [modengine] [info] Enabling extension mod_loader
[2025-12-10 01:04:31.499] [modengine] [info] Installing mod location mod_files/file_modding
[2025-12-10 01:04:31.499] [modengine] [info] Resolved mod path to C:\Users\basic\Documents\MithMaps\ModFiles\DenMaps\1.7.0-beta19\mod_files/file_modding
[2025-12-10 01:04:31.500] [modengine] [info] Enabled extension mod_loader
[2025-12-10 01:04:31.531] [modengine] [info] Applied 3 hooks
[2025-12-10 01:04:31.533] [modengine] [info] Starting worker thread
