[2025-12-11 00:05:55.209] [modengine] [info] Attempting to load global config at C:\Users\lol13\Downloads\MithMaps\MithMaps\modengine2\config.toml
[2025-12-11 00:05:55.209] [modengine] [info] Attempting to load mod settings config at C:\Users\lol13\Downloads\MithMaps\MithMaps\ModFiles\DenMaps\1.7.0-beta19\config_DenMaps_1.7.0-beta19.toml
[2025-12-11 00:05:55.210] [modengine] [info] Local config loaded
[2025-12-11 00:05:55.210] [modengine] [info] ModEngine version 2.1.0-0924ab36f1311bf84e7e626740b4bf2c0d54909a initializing for Elden Ring
[2025-12-11 00:05:55.210] [modengine] [info] Local settings loaded: true, Global settings loaded: false
[2025-12-11 00:05:55.210] [modengine] [info] Main thread ID: 26528
[2025-12-11 00:05:55.216] [modengine] [info] Loaded external DLL C:\Users\lol13\Downloads\MithMaps\MithMaps\ModFiles\DenMaps\1.7.0-beta19\../../SeamlessCoop/v1.9.0/SeamlessCoop/ersc.dll
[2025-12-11 00:05:58.702] [modengine] [info] Loaded external DLL C:\Users\lol13\Downloads\MithMaps\MithMaps\ModFiles\DenMaps\1.7.0-beta19\../../DenMaps/1.7.0-beta19/mod_files/EldenRingScriptExtender.dll
[2025-12-11 00:05:58.702] [modengine] [warning] External dll C:\Users\lol13\Downloads\MithMaps\MithMaps\ModFiles\DenMaps\1.7.0-beta19\../../DenMaps/1.7.0-beta19/mod_files/EldenRingScriptExtender.dll at base address 0x7ffa671f0000 is not a modengine extension
[2025-12-11 00:05:58.703] [modengine] [info] Loaded external DLL C:\Users\lol13\Downloads\MithMaps\MithMaps\ModFiles\DenMaps\1.7.0-beta19\../../DenMaps/1.7.0-beta19/mod_files/DEN-Maps.dll
[2025-12-11 00:05:58.703] [modengine] [warning] External dll C:\Users\lol13\Downloads\MithMaps\MithMaps\ModFiles\DenMaps\1.7.0-beta19\../../DenMaps/1.7.0-beta19/mod_files/DEN-Maps.dll at base address 0x7ffa6dce0000 is not a modengine extension
[2025-12-11 00:06:23.130] [modengine] [info] Attempting to load global config at C:\Users\lol13\Downloads\MithMaps\MithMaps\modengine2\config.toml
[2025-12-11 00:06:23.130] [modengine] [info] Attempting to load mod settings config at C:\Users\lol13\Downloads\MithMaps\MithMaps\ModFiles\DenMaps\1.7.0-beta19\config_DenMaps_1.7.0-beta19.toml
[2025-12-11 00:06:23.130] [modengine] [info] Local config loaded
[2025-12-11 00:06:23.130] [modengine] [info] ModEngine version 2.1.0-0924ab36f1311bf84e7e626740b4bf2c0d54909a initializing for Elden Ring
[2025-12-11 00:06:23.130] [modengine] [info] Local settings loaded: true, Global settings loaded: false
[2025-12-11 00:06:23.130] [modengine] [info] Main thread ID: 38064
[2025-12-11 00:06:23.135] [modengine] [info] Loaded external DLL C:\Users\lol13\Downloads\MithMaps\MithMaps\ModFiles\DenMaps\1.7.0-beta19\../../SeamlessCoop/v1.9.0/SeamlessCoop/ersc.dll
[2025-12-11 00:06:26.561] [modengine] [info] Loaded external DLL C:\Users\lol13\Downloads\MithMaps\MithMaps\ModFiles\DenMaps\1.7.0-beta19\../../DenMaps/1.7.0-beta19/mod_files/EldenRingScriptExtender.dll
[2025-12-11 00:06:26.561] [modengine] [warning] External dll C:\Users\lol13\Downloads\MithMaps\MithMaps\ModFiles\DenMaps\1.7.0-beta19\../../DenMaps/1.7.0-beta19/mod_files/EldenRingScriptExtender.dll at base address 0x7ffa671f0000 is not a modengine extension
[2025-12-11 00:06:26.561] [modengine] [info] Loaded external DLL C:\Users\lol13\Downloads\MithMaps\MithMaps\ModFiles\DenMaps\1.7.0-beta19\../../DenMaps/1.7.0-beta19/mod_files/DEN-Maps.dll
[2025-12-11 00:06:26.561] [modengine] [warning] External dll C:\Users\lol13\Downloads\MithMaps\MithMaps\ModFiles\DenMaps\1.7.0-beta19\../../DenMaps/1.7.0-beta19/mod_files/DEN-Maps.dll at base address 0x7ffa6dce0000 is not a modengine extension
[2025-12-11 00:06:28.133] [modengine] [info] Loaded external DLL C:\Users\lol13\Downloads\MithMaps\MithMaps\ModFiles\DenMaps\1.7.0-beta19\../../DenMaps/1.7.0-beta19/mod_files/3v3m.dll
[2025-12-11 00:06:28.133] [modengine] [warning] External dll C:\Users\lol13\Downloads\MithMaps\MithMaps\ModFiles\DenMaps\1.7.0-beta19\../../DenMaps/1.7.0-beta19/mod_files/3v3m.dll at base address 0x7ffac7400000 is not a modengine extension
[2025-12-11 00:06:28.137] [modengine] [info] Loaded external DLL C:\Users\lol13\Downloads\MithMaps\MithMaps\ModFiles\DenMaps\1.7.0-beta19\../../DenMaps/1.7.0-beta19/mod_files/ergg.dll
[2025-12-11 00:06:28.137] [modengine] [info] Enabling extension base
[2025-12-11 00:06:28.137] [modengine] [info] Enabled extension base
[2025-12-11 00:06:28.137] [modengine] [info] Enabling extension mod_loader
[2025-12-11 00:06:28.138] [modengine] [info] Installing mod location mod_files/file_modding
[2025-12-11 00:06:28.138] [modengine] [info] Resolved mod path to C:\Users\lol13\Downloads\MithMaps\MithMaps\ModFiles\DenMaps\1.7.0-beta19\mod_files/file_modding
[2025-12-11 00:06:28.138] [modengine] [info] Enabled extension mod_loader
[2025-12-11 00:06:28.194] [modengine] [info] Applied 3 hooks
[2025-12-11 00:06:28.200] [modengine] [info] Starting worker thread
[2025-12-11 02:37:59.155] [modengine] [info] Attempting to load global config at C:\Users\lol13\Downloads\MithMaps\MithMaps\modengine2\config.toml
[2025-12-11 02:37:59.155] [modengine] [info] Attempting to load mod settings config at C:\Users\lol13\Downloads\MithMaps\MithMaps\ModFiles\DenMaps\1.7.0-beta19\config_DenMaps_1.7.0-beta19.toml
[2025-12-11 02:37:59.155] [modengine] [info] Local config loaded
[2025-12-11 02:37:59.155] [modengine] [info] ModEngine version 2.1.0-0924ab36f1311bf84e7e626740b4bf2c0d54909a initializing for Elden Ring
[2025-12-11 02:37:59.155] [modengine] [info] Local settings loaded: true, Global settings loaded: false
[2025-12-11 02:37:59.155] [modengine] [info] Main thread ID: 7296
[2025-12-11 02:37:59.158] [modengine] [info] Loaded external DLL C:\Users\lol13\Downloads\MithMaps\MithMaps\ModFiles\DenMaps\1.7.0-beta19\../../SeamlessCoop/v1.9.0/SeamlessCoop/ersc.dll
[2025-12-11 02:38:03.195] [modengine] [info] Loaded external DLL C:\Users\lol13\Downloads\MithMaps\MithMaps\ModFiles\DenMaps\1.7.0-beta19\../../DenMaps/1.7.0-beta19/mod_files/EldenRingScriptExtender.dll
[2025-12-11 02:38:03.195] [modengine] [warning] External dll C:\Users\lol13\Downloads\MithMaps\MithMaps\ModFiles\DenMaps\1.7.0-beta19\../../DenMaps/1.7.0-beta19/mod_files/EldenRingScriptExtender.dll at base address 0x7ffa671f0000 is not a modengine extension
[2025-12-11 02:38:03.197] [modengine] [info] Loaded external DLL C:\Users\lol13\Downloads\MithMaps\MithMaps\ModFiles\DenMaps\1.7.0-beta19\../../DenMaps/1.7.0-beta19/mod_files/DEN-Maps.dll
[2025-12-11 02:38:03.197] [modengine] [warning] External dll C:\Users\lol13\Downloads\MithMaps\MithMaps\ModFiles\DenMaps\1.7.0-beta19\../../DenMaps/1.7.0-beta19/mod_files/DEN-Maps.dll at base address 0x7ffa6dce0000 is not a modengine extension
[2025-12-11 02:38:13.839] [modengine] [info] Loaded external DLL C:\Users\lol13\Downloads\MithMaps\MithMaps\ModFiles\DenMaps\1.7.0-beta19\../../DenMaps/1.7.0-beta19/mod_files/3v3m.dll
[2025-12-11 02:38:13.839] [modengine] [warning] External dll C:\Users\lol13\Downloads\MithMaps\MithMaps\ModFiles\DenMaps\1.7.0-beta19\../../DenMaps/1.7.0-beta19/mod_files/3v3m.dll at base address 0x7ffac7400000 is not a modengine extension
[2025-12-11 02:38:13.845] [modengine] [info] Loaded external DLL C:\Users\lol13\Downloads\MithMaps\MithMaps\ModFiles\DenMaps\1.7.0-beta19\../../DenMaps/1.7.0-beta19/mod_files/ergg.dll
[2025-12-11 02:38:13.845] [modengine] [info] Enabling extension base
[2025-12-11 02:38:13.845] [modengine] [info] Enabled extension base
[2025-12-11 02:38:13.845] [modengine] [info] Enabling extension mod_loader
[2025-12-11 02:38:13.846] [modengine] [info] Installing mod location mod_files/file_modding
[2025-12-11 02:38:13.846] [modengine] [info] Resolved mod path to C:\Users\lol13\Downloads\MithMaps\MithMaps\ModFiles\DenMaps\1.7.0-beta19\mod_files/file_modding
[2025-12-11 02:38:13.846] [modengine] [info] Enabled extension mod_loader
[2025-12-11 02:38:13.884] [modengine] [info] Applied 3 hooks
[2025-12-11 02:38:13.889] [modengine] [info] Starting worker thread
