[2025-12-06 13:42:17.005] [modengine] [info] Attempting to load global config at C:\Users\lol13\Downloads\MithMaps\MithMaps\modengine2\config.toml
[2025-12-06 13:42:17.005] [modengine] [info] Attempting to load mod settings config at C:\Users\lol13\Downloads\MithMaps\MithMaps\ModFiles\DenMaps\1.7.0-beta19\config_DenMaps_1.7.0-beta19.toml
[2025-12-06 13:42:17.012] [modengine] [info] Local config loaded
[2025-12-06 13:42:17.013] [modengine] [info] ModEngine version 2.1.0-0924ab36f1311bf84e7e626740b4bf2c0d54909a initializing for Elden Ring
[2025-12-06 13:42:17.013] [modengine] [info] Local settings loaded: true, Global settings loaded: false
[2025-12-06 13:42:17.013] [modengine] [info] Main thread ID: 6920
[2025-12-06 13:42:17.067] [modengine] [info] Loaded external DLL C:\Users\lol13\Downloads\MithMaps\MithMaps\ModFiles\DenMaps\1.7.0-beta19\../../SeamlessCoop/v1.9.0/SeamlessCoop/ersc.dll
[2025-12-06 13:42:20.764] [modengine] [info] Loaded external DLL C:\Users\lol13\Downloads\MithMaps\MithMaps\ModFiles\DenMaps\1.7.0-beta19\../../DenMaps/1.7.0-beta19/mod_files/EldenRingScriptExtender.dll
[2025-12-06 13:42:20.764] [modengine] [warning] External dll C:\Users\lol13\Downloads\MithMaps\MithMaps\ModFiles\DenMaps\1.7.0-beta19\../../DenMaps/1.7.0-beta19/mod_files/EldenRingScriptExtender.dll at base address 0x7ff8fe9f0000 is not a modengine extension
[2025-12-06 13:42:20.787] [modengine] [info] Loaded external DLL C:\Users\lol13\Downloads\MithMaps\MithMaps\ModFiles\DenMaps\1.7.0-beta19\../../DenMaps/1.7.0-beta19/mod_files/DEN-Maps.dll
[2025-12-06 13:42:20.787] [modengine] [warning] External dll C:\Users\lol13\Downloads\MithMaps\MithMaps\ModFiles\DenMaps\1.7.0-beta19\../../DenMaps/1.7.0-beta19/mod_files/DEN-Maps.dll at base address 0x7ff8fe4c0000 is not a modengine extension
[2025-12-06 13:42:35.328] [modengine] [info] Attempting to load global config at C:\Users\lol13\Downloads\MithMaps\MithMaps\modengine2\config.toml
[2025-12-06 13:42:35.328] [modengine] [info] Attempting to load mod settings config at C:\Users\lol13\Downloads\MithMaps\MithMaps\ModFiles\DenMaps\1.7.0-beta19\config_DenMaps_1.7.0-beta19.toml
[2025-12-06 13:42:35.328] [modengine] [info] Local config loaded
[2025-12-06 13:42:35.329] [modengine] [info] ModEngine version 2.1.0-0924ab36f1311bf84e7e626740b4bf2c0d54909a initializing for Elden Ring
[2025-12-06 13:42:35.329] [modengine] [info] Local settings loaded: true, Global settings loaded: false
[2025-12-06 13:42:35.329] [modengine] [info] Main thread ID: 6196
[2025-12-06 13:42:35.333] [modengine] [info] Loaded external DLL C:\Users\lol13\Downloads\MithMaps\MithMaps\ModFiles\DenMaps\1.7.0-beta19\../../SeamlessCoop/v1.9.0/SeamlessCoop/ersc.dll
[2025-12-06 13:42:38.381] [modengine] [info] Loaded external DLL C:\Users\lol13\Downloads\MithMaps\MithMaps\ModFiles\DenMaps\1.7.0-beta19\../../DenMaps/1.7.0-beta19/mod_files/EldenRingScriptExtender.dll
[2025-12-06 13:42:38.381] [modengine] [warning] External dll C:\Users\lol13\Downloads\MithMaps\MithMaps\ModFiles\DenMaps\1.7.0-beta19\../../DenMaps/1.7.0-beta19/mod_files/EldenRingScriptExtender.dll at base address 0x7ff8fe9f0000 is not a modengine extension
[2025-12-06 13:42:38.382] [modengine] [info] Loaded external DLL C:\Users\lol13\Downloads\MithMaps\MithMaps\ModFiles\DenMaps\1.7.0-beta19\../../DenMaps/1.7.0-beta19/mod_files/DEN-Maps.dll
[2025-12-06 13:42:38.383] [modengine] [warning] External dll C:\Users\lol13\Downloads\MithMaps\MithMaps\ModFiles\DenMaps\1.7.0-beta19\../../DenMaps/1.7.0-beta19/mod_files/DEN-Maps.dll at base address 0x7ff8fe4c0000 is not a modengine extension
[2025-12-06 13:42:40.557] [modengine] [info] Loaded external DLL C:\Users\lol13\Downloads\MithMaps\MithMaps\ModFiles\DenMaps\1.7.0-beta19\../../DenMaps/1.7.0-beta19/mod_files/3v3m.dll
[2025-12-06 13:42:40.557] [modengine] [warning] External dll C:\Users\lol13\Downloads\MithMaps\MithMaps\ModFiles\DenMaps\1.7.0-beta19\../../DenMaps/1.7.0-beta19/mod_files/3v3m.dll at base address 0x7ff91c140000 is not a modengine extension
[2025-12-06 13:42:40.557] [modengine] [info] Enabling extension base
[2025-12-06 13:42:40.557] [modengine] [info] Enabled extension base
[2025-12-06 13:42:40.557] [modengine] [info] Enabling extension mod_loader
[2025-12-06 13:42:40.557] [modengine] [info] Installing mod location mod_files/file_modding
[2025-12-06 13:42:40.557] [modengine] [info] Resolved mod path to C:\Users\lol13\Downloads\MithMaps\MithMaps\ModFiles\DenMaps\1.7.0-beta19\mod_files/file_modding
[2025-12-06 13:42:40.557] [modengine] [info] Enabled extension mod_loader
[2025-12-06 13:42:40.585] [modengine] [info] Applied 3 hooks
[2025-12-06 13:42:40.590] [modengine] [info] Starting worker thread
