[2025-12-01 00:12:53.528] [modengine] [info] Attempting to load global config at C:\Users\basic\Desktop\MithMaps\ModFiles\ModEngine\v2.1.0\modengine2\config.toml
[2025-12-01 00:12:53.528] [modengine] [info] Attempting to load mod settings config at C:\Users\basic\Desktop\MithMaps\ModFiles\DenMaps\1.7.0-beta19\config_DenMaps_1.7.0-beta19.toml
[2025-12-01 00:12:53.529] [modengine] [info] Local config loaded
[2025-12-01 00:12:53.529] [modengine] [info] ModEngine version 2.1.0-0924ab36f1311bf84e7e626740b4bf2c0d54909a initializing for Elden Ring
[2025-12-01 00:12:53.529] [modengine] [info] Local settings loaded: true, Global settings loaded: false
[2025-12-01 00:12:53.529] [modengine] [info] Main thread ID: 19544
[2025-12-01 00:12:53.531] [modengine] [info] Loaded external DLL C:\Users\basic\Desktop\MithMaps\ModFiles\DenMaps\1.7.0-beta19\../../SeamlessCoop/v1.9.0/SeamlessCoop/ersc.dll
[2025-12-01 00:12:54.775] [modengine] [info] Loaded external DLL C:\Users\basic\Desktop\MithMaps\ModFiles\DenMaps\1.7.0-beta19\../../DenMaps/1.7.0-beta19/mod_files/EldenRingScriptExtender.dll
[2025-12-01 00:12:54.775] [modengine] [warning] External dll C:\Users\basic\Desktop\MithMaps\ModFiles\DenMaps\1.7.0-beta19\../../DenMaps/1.7.0-beta19/mod_files/EldenRingScriptExtender.dll at base address 0x7ff82a410000 is not a modengine extension
[2025-12-01 00:12:54.776] [modengine] [info] Loaded external DLL C:\Users\basic\Desktop\MithMaps\ModFiles\DenMaps\1.7.0-beta19\../../DenMaps/1.7.0-beta19/mod_files/DEN-Maps.dll
[2025-12-01 00:12:54.776] [modengine] [warning] External dll C:\Users\basic\Desktop\MithMaps\ModFiles\DenMaps\1.7.0-beta19\../../DenMaps/1.7.0-beta19/mod_files/DEN-Maps.dll at base address 0x7ff829fb0000 is not a modengine extension
[2025-12-01 00:12:54.776] [modengine] [info] Enabling extension base
[2025-12-01 00:12:54.776] [modengine] [info] Enabled extension base
[2025-12-01 00:12:54.776] [modengine] [info] Enabling extension mod_loader
[2025-12-01 00:12:54.776] [modengine] [info] Installing mod location mod_files/file_modding
[2025-12-01 00:12:54.776] [modengine] [info] Resolved mod path to C:\Users\basic\Desktop\MithMaps\ModFiles\DenMaps\1.7.0-beta19\mod_files/file_modding
[2025-12-01 00:12:54.776] [modengine] [info] Enabled extension mod_loader
[2025-12-01 00:12:54.809] [modengine] [info] Applied 3 hooks
[2025-12-01 00:12:54.812] [modengine] [info] Starting worker thread
[2025-12-01 00:18:04.786] [modengine] [info] Attempting to load global config at C:\Users\basic\Desktop\MithMaps\ModFiles\ModEngine\v2.1.0\modengine2\config.toml
[2025-12-01 00:18:04.786] [modengine] [info] Attempting to load mod settings config at C:\Users\basic\Desktop\MithMaps\ModFiles\DenMaps\1.7.0-beta19\config_DenMaps_1.7.0-beta19.toml
[2025-12-01 00:18:04.786] [modengine] [info] Local config loaded
[2025-12-01 00:18:04.787] [modengine] [info] ModEngine version 2.1.0-0924ab36f1311bf84e7e626740b4bf2c0d54909a initializing for Elden Ring
[2025-12-01 00:18:04.787] [modengine] [info] Local settings loaded: true, Global settings loaded: false
[2025-12-01 00:18:04.787] [modengine] [info] Main thread ID: 18628
[2025-12-01 00:18:04.789] [modengine] [info] Loaded external DLL C:\Users\basic\Desktop\MithMaps\ModFiles\DenMaps\1.7.0-beta19\../../SeamlessCoop/v1.9.0/SeamlessCoop/ersc.dll
[2025-12-01 00:18:05.973] [modengine] [info] Loaded external DLL C:\Users\basic\Desktop\MithMaps\ModFiles\DenMaps\1.7.0-beta19\../../DenMaps/1.7.0-beta19/mod_files/EldenRingScriptExtender.dll
[2025-12-01 00:18:05.973] [modengine] [warning] External dll C:\Users\basic\Desktop\MithMaps\ModFiles\DenMaps\1.7.0-beta19\../../DenMaps/1.7.0-beta19/mod_files/EldenRingScriptExtender.dll at base address 0x7ff829cb0000 is not a modengine extension
[2025-12-01 00:18:05.973] [modengine] [info] Loaded external DLL C:\Users\basic\Desktop\MithMaps\ModFiles\DenMaps\1.7.0-beta19\../../DenMaps/1.7.0-beta19/mod_files/DEN-Maps.dll
[2025-12-01 00:18:05.973] [modengine] [warning] External dll C:\Users\basic\Desktop\MithMaps\ModFiles\DenMaps\1.7.0-beta19\../../DenMaps/1.7.0-beta19/mod_files/DEN-Maps.dll at base address 0x7ff829fb0000 is not a modengine extension
[2025-12-01 00:18:05.973] [modengine] [info] Enabling extension base
[2025-12-01 00:18:05.973] [modengine] [info] Enabled extension base
[2025-12-01 00:18:05.973] [modengine] [info] Enabling extension mod_loader
[2025-12-01 00:18:05.973] [modengine] [info] Installing mod location mod_files/file_modding
[2025-12-01 00:18:05.973] [modengine] [info] Resolved mod path to C:\Users\basic\Desktop\MithMaps\ModFiles\DenMaps\1.7.0-beta19\mod_files/file_modding
[2025-12-01 00:18:05.973] [modengine] [info] Enabled extension mod_loader
[2025-12-01 00:18:06.007] [modengine] [info] Applied 3 hooks
[2025-12-01 00:18:06.010] [modengine] [info] Starting worker thread
[2025-12-01 00:21:44.278] [modengine] [info] Attempting to load global config at C:\Users\basic\Desktop\MithMaps\ModFiles\ModEngine\v2.1.0\modengine2\config.toml
[2025-12-01 00:21:44.278] [modengine] [info] Attempting to load mod settings config at C:\Users\basic\Desktop\MithMaps\ModFiles\DenMaps\1.7.0-beta19\config_DenMaps_1.7.0-beta19.toml
[2025-12-01 00:21:44.278] [modengine] [info] Local config loaded
[2025-12-01 00:21:44.279] [modengine] [info] ModEngine version 2.1.0-0924ab36f1311bf84e7e626740b4bf2c0d54909a initializing for Elden Ring
[2025-12-01 00:21:44.279] [modengine] [info] Local settings loaded: true, Global settings loaded: false
[2025-12-01 00:21:44.279] [modengine] [info] Main thread ID: 2256
[2025-12-01 00:21:44.281] [modengine] [info] Loaded external DLL C:\Users\basic\Desktop\MithMaps\ModFiles\DenMaps\1.7.0-beta19\../../SeamlessCoop/v1.9.0/SeamlessCoop/ersc.dll
[2025-12-01 00:21:45.455] [modengine] [info] Loaded external DLL C:\Users\basic\Desktop\MithMaps\ModFiles\DenMaps\1.7.0-beta19\../../DenMaps/1.7.0-beta19/mod_files/EldenRingScriptExtender.dll
[2025-12-01 00:21:45.455] [modengine] [warning] External dll C:\Users\basic\Desktop\MithMaps\ModFiles\DenMaps\1.7.0-beta19\../../DenMaps/1.7.0-beta19/mod_files/EldenRingScriptExtender.dll at base address 0x7ff826bc0000 is not a modengine extension
[2025-12-01 00:21:45.456] [modengine] [info] Loaded external DLL C:\Users\basic\Desktop\MithMaps\ModFiles\DenMaps\1.7.0-beta19\../../DenMaps/1.7.0-beta19/mod_files/DEN-Maps.dll
[2025-12-01 00:21:45.456] [modengine] [warning] External dll C:\Users\basic\Desktop\MithMaps\ModFiles\DenMaps\1.7.0-beta19\../../DenMaps/1.7.0-beta19/mod_files/DEN-Maps.dll at base address 0x7ff829fb0000 is not a modengine extension
[2025-12-01 00:21:45.456] [modengine] [info] Enabling extension base
[2025-12-01 00:21:45.456] [modengine] [info] Enabled extension base
[2025-12-01 00:21:45.456] [modengine] [info] Enabling extension mod_loader
[2025-12-01 00:21:45.456] [modengine] [info] Installing mod location mod_files/file_modding
[2025-12-01 00:21:45.456] [modengine] [info] Resolved mod path to C:\Users\basic\Desktop\MithMaps\ModFiles\DenMaps\1.7.0-beta19\mod_files/file_modding
[2025-12-01 00:21:45.456] [modengine] [info] Enabled extension mod_loader
[2025-12-01 00:21:45.490] [modengine] [info] Applied 3 hooks
[2025-12-01 00:21:45.493] [modengine] [info] Starting worker thread
[2025-12-01 20:14:11.612] [modengine] [info] Attempting to load global config at C:\Users\basic\Desktop\MithMaps\ModFiles\ModEngine\v2.1.0\modengine2\config.toml
[2025-12-01 20:14:11.612] [modengine] [info] Attempting to load mod settings config at C:\Users\basic\Desktop\MithMaps\ModFiles\DenMaps\1.7.0-beta19\config_DenMaps_1.7.0-beta19.toml
[2025-12-01 20:14:11.612] [modengine] [error] Failed to load config (from `C:\Users\basic\Desktop\MithMaps\ModFiles\DenMaps\1.7.0-beta19\config_DenMaps_1.7.0-beta19.toml`): Error while parsing array: expected comma or closing ']', saw '"'
[2025-12-01 20:14:11.612] [modengine] [info] ModEngine version 2.1.0-0924ab36f1311bf84e7e626740b4bf2c0d54909a initializing for Elden Ring
[2025-12-01 20:14:11.612] [modengine] [info] Local settings loaded: false, Global settings loaded: false
[2025-12-01 20:14:11.612] [modengine] [info] Main thread ID: 22296
[2025-12-01 20:14:11.614] [modengine] [info] Enabling extension base
[2025-12-01 20:14:11.614] [modengine] [info] Enabled extension base
[2025-12-01 20:14:11.614] [modengine] [info] Applied 1 hooks
[2025-12-01 20:14:11.615] [modengine] [info] Starting worker thread
[2025-12-01 20:14:11.642] [modengine] [info] Destroying
[2025-12-01 20:14:11.642] [modengine] [info] Destroying
[2025-12-01 20:14:11.642] [modengine] [info] Destroying
[2025-12-01 20:14:11.642] [modengine] [info] Destroying
[2025-12-01 20:14:11.642] [modengine] [info] Destroying
[2025-12-01 20:14:11.642] [modengine] [info] Destroying
[2025-12-01 20:14:11.642] [modengine] [info] Destroying
[2025-12-01 20:14:11.642] [modengine] [info] Destroying
[2025-12-01 20:14:11.642] [modengine] [info] Destroying
[2025-12-01 20:14:11.642] [modengine] [info] Destroying
[2025-12-01 20:14:38.924] [modengine] [info] Attempting to load global config at C:\Users\basic\Desktop\MithMaps\ModFiles\ModEngine\v2.1.0\modengine2\config.toml
[2025-12-01 20:14:38.925] [modengine] [info] Attempting to load mod settings config at C:\Users\basic\Desktop\MithMaps\ModFiles\DenMaps\1.7.0-beta19\config_DenMaps_1.7.0-beta19.toml
[2025-12-01 20:14:38.925] [modengine] [error] Failed to load config (from `C:\Users\basic\Desktop\MithMaps\ModFiles\DenMaps\1.7.0-beta19\config_DenMaps_1.7.0-beta19.toml`): Error while parsing array: expected comma or closing ']', saw '"'
[2025-12-01 20:14:38.925] [modengine] [info] ModEngine version 2.1.0-0924ab36f1311bf84e7e626740b4bf2c0d54909a initializing for Elden Ring
[2025-12-01 20:14:38.925] [modengine] [info] Local settings loaded: false, Global settings loaded: false
[2025-12-01 20:14:38.925] [modengine] [info] Main thread ID: 19696
[2025-12-01 20:14:38.927] [modengine] [info] Enabling extension base
[2025-12-01 20:14:38.927] [modengine] [info] Enabled extension base
[2025-12-01 20:14:38.927] [modengine] [info] Applied 1 hooks
[2025-12-01 20:14:38.928] [modengine] [info] Starting worker thread
[2025-12-01 20:14:38.955] [modengine] [info] Destroying
[2025-12-01 20:14:38.955] [modengine] [info] Destroying
[2025-12-01 20:14:38.955] [modengine] [info] Destroying
[2025-12-01 20:14:38.955] [modengine] [info] Destroying
[2025-12-01 20:14:38.955] [modengine] [info] Destroying
[2025-12-01 20:14:38.955] [modengine] [info] Destroying
[2025-12-01 20:14:38.955] [modengine] [info] Destroying
[2025-12-01 20:14:38.955] [modengine] [info] Destroying
[2025-12-01 20:14:38.955] [modengine] [info] Destroying
[2025-12-01 20:14:38.955] [modengine] [info] Destroying
[2025-12-01 20:14:48.047] [modengine] [info] Attempting to load global config at C:\Users\basic\Desktop\MithMaps\ModFiles\ModEngine\v2.1.0\modengine2\config.toml
[2025-12-01 20:14:48.047] [modengine] [info] Attempting to load mod settings config at C:\Users\basic\Desktop\MithMaps\ModFiles\DenMaps\1.7.0-beta19\config_DenMaps_1.7.0-beta19.toml
[2025-12-01 20:14:48.048] [modengine] [info] Local config loaded
[2025-12-01 20:14:48.048] [modengine] [info] ModEngine version 2.1.0-0924ab36f1311bf84e7e626740b4bf2c0d54909a initializing for Elden Ring
[2025-12-01 20:14:48.048] [modengine] [info] Local settings loaded: true, Global settings loaded: false
[2025-12-01 20:14:48.048] [modengine] [info] Main thread ID: 12260
[2025-12-01 20:14:48.102] [modengine] [info] Loaded external DLL C:\Users\basic\Desktop\MithMaps\ModFiles\DenMaps\1.7.0-beta19\../../SeamlessCoop/v1.9.0/SeamlessCoop/ersc.dll
[2025-12-01 20:14:49.278] [modengine] [info] Loaded external DLL C:\Users\basic\Desktop\MithMaps\ModFiles\DenMaps\1.7.0-beta19\../../DenMaps/1.7.0-beta19/mod_files/EldenRingScriptExtender.dll
[2025-12-01 20:14:49.278] [modengine] [warning] External dll C:\Users\basic\Desktop\MithMaps\ModFiles\DenMaps\1.7.0-beta19\../../DenMaps/1.7.0-beta19/mod_files/EldenRingScriptExtender.dll at base address 0x7ff83cf10000 is not a modengine extension
[2025-12-01 20:14:49.281] [modengine] [info] Loaded external DLL C:\Users\basic\Desktop\MithMaps\ModFiles\DenMaps\1.7.0-beta19\../../DenMaps/1.7.0-beta19/mod_files/DEN-Maps.dll
[2025-12-01 20:14:49.281] [modengine] [warning] External dll C:\Users\basic\Desktop\MithMaps\ModFiles\DenMaps\1.7.0-beta19\../../DenMaps/1.7.0-beta19/mod_files/DEN-Maps.dll at base address 0x7ff83d0d0000 is not a modengine extension
[2025-12-01 20:14:49.281] [modengine] [info] Enabling extension base
[2025-12-01 20:14:49.281] [modengine] [info] Enabled extension base
[2025-12-01 20:14:49.281] [modengine] [info] Enabling extension mod_loader
[2025-12-01 20:14:49.281] [modengine] [info] Installing mod location mod_files/file_modding
[2025-12-01 20:14:49.281] [modengine] [info] Resolved mod path to C:\Users\basic\Desktop\MithMaps\ModFiles\DenMaps\1.7.0-beta19\mod_files/file_modding
[2025-12-01 20:14:49.281] [modengine] [info] Enabled extension mod_loader
[2025-12-01 20:14:49.315] [modengine] [info] Applied 3 hooks
[2025-12-01 20:14:49.318] [modengine] [info] Starting worker thread
[2025-12-01 20:14:59.011] [modengine] [info] Attempting to load global config at C:\Users\basic\Desktop\MithMaps\ModFiles\ModEngine\v2.1.0\modengine2\config.toml
[2025-12-01 20:14:59.012] [modengine] [info] Attempting to load mod settings config at C:\Users\basic\Desktop\MithMaps\ModFiles\DenMaps\1.7.0-beta19\config_DenMaps_1.7.0-beta19.toml
[2025-12-01 20:14:59.012] [modengine] [info] Local config loaded
[2025-12-01 20:14:59.012] [modengine] [info] ModEngine version 2.1.0-0924ab36f1311bf84e7e626740b4bf2c0d54909a initializing for Elden Ring
[2025-12-01 20:14:59.012] [modengine] [info] Local settings loaded: true, Global settings loaded: false
[2025-12-01 20:14:59.012] [modengine] [info] Main thread ID: 4224
[2025-12-01 20:14:59.015] [modengine] [info] Loaded external DLL C:\Users\basic\Desktop\MithMaps\ModFiles\DenMaps\1.7.0-beta19\../../SeamlessCoop/v1.9.0/SeamlessCoop/ersc.dll
[2025-12-01 20:15:00.185] [modengine] [info] Loaded external DLL C:\Users\basic\Desktop\MithMaps\ModFiles\DenMaps\1.7.0-beta19\../../DenMaps/1.7.0-beta19/mod_files/EldenRingScriptExtender.dll
[2025-12-01 20:15:00.185] [modengine] [warning] External dll C:\Users\basic\Desktop\MithMaps\ModFiles\DenMaps\1.7.0-beta19\../../DenMaps/1.7.0-beta19/mod_files/EldenRingScriptExtender.dll at base address 0x7ff83cf10000 is not a modengine extension
[2025-12-01 20:15:00.186] [modengine] [info] Loaded external DLL C:\Users\basic\Desktop\MithMaps\ModFiles\DenMaps\1.7.0-beta19\../../DenMaps/1.7.0-beta19/mod_files/DEN-Maps.dll
[2025-12-01 20:15:00.186] [modengine] [warning] External dll C:\Users\basic\Desktop\MithMaps\ModFiles\DenMaps\1.7.0-beta19\../../DenMaps/1.7.0-beta19/mod_files/DEN-Maps.dll at base address 0x7ff83d0d0000 is not a modengine extension
[2025-12-01 20:15:00.186] [modengine] [info] Enabling extension base
[2025-12-01 20:15:00.186] [modengine] [info] Enabled extension base
[2025-12-01 20:15:00.186] [modengine] [info] Enabling extension mod_loader
[2025-12-01 20:15:00.186] [modengine] [info] Installing mod location mod_files/file_modding
[2025-12-01 20:15:00.186] [modengine] [info] Resolved mod path to C:\Users\basic\Desktop\MithMaps\ModFiles\DenMaps\1.7.0-beta19\mod_files/file_modding
[2025-12-01 20:15:00.186] [modengine] [info] Enabled extension mod_loader
[2025-12-01 20:15:00.219] [modengine] [info] Applied 3 hooks
[2025-12-01 20:15:00.222] [modengine] [info] Starting worker thread
[2025-12-01 20:15:38.216] [modengine] [info] Attempting to load global config at C:\Users\basic\Desktop\MithMaps\ModFiles\ModEngine\v2.1.0\modengine2\config.toml
[2025-12-01 20:15:38.216] [modengine] [info] Attempting to load mod settings config at C:\Users\basic\Desktop\MithMaps\ModFiles\DenMaps\1.7.0-beta19\config_DenMaps_1.7.0-beta19.toml
[2025-12-01 20:15:38.216] [modengine] [info] Local config loaded
[2025-12-01 20:15:38.216] [modengine] [info] ModEngine version 2.1.0-0924ab36f1311bf84e7e626740b4bf2c0d54909a initializing for Elden Ring
[2025-12-01 20:15:38.216] [modengine] [info] Local settings loaded: true, Global settings loaded: false
[2025-12-01 20:15:38.216] [modengine] [info] Main thread ID: 10528
[2025-12-01 20:15:38.220] [modengine] [info] Loaded external DLL C:\Users\basic\Desktop\MithMaps\ModFiles\DenMaps\1.7.0-beta19\../../SeamlessCoop/v1.9.0/SeamlessCoop/ersc.dll
[2025-12-01 20:15:39.463] [modengine] [info] Loaded external DLL C:\Users\basic\Desktop\MithMaps\ModFiles\DenMaps\1.7.0-beta19\../../DenMaps/1.7.0-beta19/mod_files/EldenRingScriptExtender.dll
[2025-12-01 20:15:39.463] [modengine] [warning] External dll C:\Users\basic\Desktop\MithMaps\ModFiles\DenMaps\1.7.0-beta19\../../DenMaps/1.7.0-beta19/mod_files/EldenRingScriptExtender.dll at base address 0x7ff83cf10000 is not a modengine extension
[2025-12-01 20:15:39.464] [modengine] [info] Loaded external DLL C:\Users\basic\Desktop\MithMaps\ModFiles\DenMaps\1.7.0-beta19\../../DenMaps/1.7.0-beta19/mod_files/DEN-Maps.dll
[2025-12-01 20:15:39.464] [modengine] [warning] External dll C:\Users\basic\Desktop\MithMaps\ModFiles\DenMaps\1.7.0-beta19\../../DenMaps/1.7.0-beta19/mod_files/DEN-Maps.dll at base address 0x7ff83d0d0000 is not a modengine extension
[2025-12-01 20:15:39.464] [modengine] [info] Enabling extension base
[2025-12-01 20:15:39.464] [modengine] [info] Enabled extension base
[2025-12-01 20:15:39.464] [modengine] [info] Enabling extension mod_loader
[2025-12-01 20:15:39.464] [modengine] [info] Installing mod location mod_files/file_modding
[2025-12-01 20:15:39.464] [modengine] [info] Resolved mod path to C:\Users\basic\Desktop\MithMaps\ModFiles\DenMaps\1.7.0-beta19\mod_files/file_modding
[2025-12-01 20:15:39.464] [modengine] [info] Enabled extension mod_loader
[2025-12-01 20:15:39.498] [modengine] [info] Applied 3 hooks
[2025-12-01 20:15:39.501] [modengine] [info] Starting worker thread
[2025-12-01 20:15:51.560] [modengine] [info] Attempting to load global config at C:\Users\basic\Desktop\MithMaps\ModFiles\ModEngine\v2.1.0\modengine2\config.toml
[2025-12-01 20:15:51.560] [modengine] [info] Attempting to load mod settings config at C:\Users\basic\Desktop\MithMaps\ModFiles\DenMaps\1.7.0-beta19\config_DenMaps_1.7.0-beta19.toml
[2025-12-01 20:15:51.560] [modengine] [info] Local config loaded
[2025-12-01 20:15:51.560] [modengine] [info] ModEngine version 2.1.0-0924ab36f1311bf84e7e626740b4bf2c0d54909a initializing for Elden Ring
[2025-12-01 20:15:51.560] [modengine] [info] Local settings loaded: true, Global settings loaded: false
[2025-12-01 20:15:51.560] [modengine] [info] Main thread ID: 15720
[2025-12-01 20:15:51.563] [modengine] [info] Loaded external DLL C:\Users\basic\Desktop\MithMaps\ModFiles\DenMaps\1.7.0-beta19\../../SeamlessCoop/v1.9.0/SeamlessCoop/ersc.dll
[2025-12-01 20:15:52.783] [modengine] [info] Loaded external DLL C:\Users\basic\Desktop\MithMaps\ModFiles\DenMaps\1.7.0-beta19\../../DenMaps/1.7.0-beta19/mod_files/EldenRingScriptExtender.dll
[2025-12-01 20:15:52.783] [modengine] [warning] External dll C:\Users\basic\Desktop\MithMaps\ModFiles\DenMaps\1.7.0-beta19\../../DenMaps/1.7.0-beta19/mod_files/EldenRingScriptExtender.dll at base address 0x7ff83cf10000 is not a modengine extension
[2025-12-01 20:15:52.783] [modengine] [info] Loaded external DLL C:\Users\basic\Desktop\MithMaps\ModFiles\DenMaps\1.7.0-beta19\../../DenMaps/1.7.0-beta19/mod_files/DEN-Maps.dll
[2025-12-01 20:15:52.783] [modengine] [warning] External dll C:\Users\basic\Desktop\MithMaps\ModFiles\DenMaps\1.7.0-beta19\../../DenMaps/1.7.0-beta19/mod_files/DEN-Maps.dll at base address 0x7ff83d0d0000 is not a modengine extension
[2025-12-01 20:15:52.783] [modengine] [info] Enabling extension base
[2025-12-01 20:15:52.783] [modengine] [info] Enabled extension base
[2025-12-01 20:15:52.783] [modengine] [info] Enabling extension mod_loader
[2025-12-01 20:15:52.783] [modengine] [info] Installing mod location mod_files/file_modding
[2025-12-01 20:15:52.783] [modengine] [info] Resolved mod path to C:\Users\basic\Desktop\MithMaps\ModFiles\DenMaps\1.7.0-beta19\mod_files/file_modding
[2025-12-01 20:15:52.783] [modengine] [info] Enabled extension mod_loader
[2025-12-01 20:15:52.817] [modengine] [info] Applied 3 hooks
[2025-12-01 20:15:52.820] [modengine] [info] Starting worker thread
[2025-12-01 20:16:10.175] [modengine] [info] Attempting to load global config at C:\Users\basic\Desktop\MithMaps\ModFiles\ModEngine\v2.1.0\modengine2\config.toml
[2025-12-01 20:16:10.176] [modengine] [info] Attempting to load mod settings config at C:\Users\basic\Desktop\MithMaps\ModFiles\DenMaps\1.7.0-beta19\config_DenMaps_1.7.0-beta19.toml
[2025-12-01 20:16:10.176] [modengine] [info] Local config loaded
[2025-12-01 20:16:10.176] [modengine] [info] ModEngine version 2.1.0-0924ab36f1311bf84e7e626740b4bf2c0d54909a initializing for Elden Ring
[2025-12-01 20:16:10.176] [modengine] [info] Local settings loaded: true, Global settings loaded: false
[2025-12-01 20:16:10.176] [modengine] [info] Main thread ID: 4768
[2025-12-01 20:16:10.178] [modengine] [info] Loaded external DLL C:\Users\basic\Desktop\MithMaps\ModFiles\DenMaps\1.7.0-beta19\../../SeamlessCoop/v1.9.0/SeamlessCoop/ersc.dll
[2025-12-01 20:16:11.393] [modengine] [info] Loaded external DLL C:\Users\basic\Desktop\MithMaps\ModFiles\DenMaps\1.7.0-beta19\../../DenMaps/1.7.0-beta19/mod_files/EldenRingScriptExtender.dll
[2025-12-01 20:16:11.393] [modengine] [warning] External dll C:\Users\basic\Desktop\MithMaps\ModFiles\DenMaps\1.7.0-beta19\../../DenMaps/1.7.0-beta19/mod_files/EldenRingScriptExtender.dll at base address 0x7ff83cf10000 is not a modengine extension
[2025-12-01 20:16:11.393] [modengine] [info] Loaded external DLL C:\Users\basic\Desktop\MithMaps\ModFiles\DenMaps\1.7.0-beta19\../../DenMaps/1.7.0-beta19/mod_files/DEN-Maps.dll
[2025-12-01 20:16:11.393] [modengine] [warning] External dll C:\Users\basic\Desktop\MithMaps\ModFiles\DenMaps\1.7.0-beta19\../../DenMaps/1.7.0-beta19/mod_files/DEN-Maps.dll at base address 0x7ff83d0d0000 is not a modengine extension
[2025-12-01 20:16:11.393] [modengine] [info] Enabling extension base
[2025-12-01 20:16:11.393] [modengine] [info] Enabled extension base
[2025-12-01 20:16:11.393] [modengine] [info] Enabling extension mod_loader
[2025-12-01 20:16:11.393] [modengine] [info] Installing mod location mod_files/file_modding
[2025-12-01 20:16:11.393] [modengine] [info] Resolved mod path to C:\Users\basic\Desktop\MithMaps\ModFiles\DenMaps\1.7.0-beta19\mod_files/file_modding
[2025-12-01 20:16:11.393] [modengine] [info] Enabled extension mod_loader
[2025-12-01 20:16:11.427] [modengine] [info] Applied 3 hooks
[2025-12-01 20:16:11.430] [modengine] [info] Starting worker thread
[2025-12-01 20:16:22.837] [modengine] [info] Attempting to load global config at C:\Users\basic\Desktop\MithMaps\ModFiles\ModEngine\v2.1.0\modengine2\config.toml
[2025-12-01 20:16:22.837] [modengine] [info] Attempting to load mod settings config at C:\Users\basic\Desktop\MithMaps\ModFiles\DenMaps\1.7.0-beta19\config_DenMaps_1.7.0-beta19.toml
[2025-12-01 20:16:22.837] [modengine] [info] Local config loaded
[2025-12-01 20:16:22.837] [modengine] [info] ModEngine version 2.1.0-0924ab36f1311bf84e7e626740b4bf2c0d54909a initializing for Elden Ring
[2025-12-01 20:16:22.837] [modengine] [info] Local settings loaded: true, Global settings loaded: false
[2025-12-01 20:16:22.837] [modengine] [info] Main thread ID: 19332
[2025-12-01 20:16:22.840] [modengine] [info] Loaded external DLL C:\Users\basic\Desktop\MithMaps\ModFiles\DenMaps\1.7.0-beta19\../../SeamlessCoop/v1.9.0/SeamlessCoop/ersc.dll
[2025-12-01 20:16:24.033] [modengine] [info] Loaded external DLL C:\Users\basic\Desktop\MithMaps\ModFiles\DenMaps\1.7.0-beta19\../../DenMaps/1.7.0-beta19/mod_files/EldenRingScriptExtender.dll
[2025-12-01 20:16:24.033] [modengine] [warning] External dll C:\Users\basic\Desktop\MithMaps\ModFiles\DenMaps\1.7.0-beta19\../../DenMaps/1.7.0-beta19/mod_files/EldenRingScriptExtender.dll at base address 0x7ff83cf10000 is not a modengine extension
[2025-12-01 20:16:24.033] [modengine] [info] Loaded external DLL C:\Users\basic\Desktop\MithMaps\ModFiles\DenMaps\1.7.0-beta19\../../DenMaps/1.7.0-beta19/mod_files/DEN-Maps.dll
[2025-12-01 20:16:24.033] [modengine] [warning] External dll C:\Users\basic\Desktop\MithMaps\ModFiles\DenMaps\1.7.0-beta19\../../DenMaps/1.7.0-beta19/mod_files/DEN-Maps.dll at base address 0x7ff83d0d0000 is not a modengine extension
[2025-12-01 20:16:24.034] [modengine] [info] Enabling extension base
[2025-12-01 20:16:24.034] [modengine] [info] Enabled extension base
[2025-12-01 20:16:24.034] [modengine] [info] Enabling extension mod_loader
[2025-12-01 20:16:24.034] [modengine] [info] Installing mod location mod_files/file_modding
[2025-12-01 20:16:24.034] [modengine] [info] Resolved mod path to C:\Users\basic\Desktop\MithMaps\ModFiles\DenMaps\1.7.0-beta19\mod_files/file_modding
[2025-12-01 20:16:24.034] [modengine] [info] Enabled extension mod_loader
[2025-12-01 20:16:24.068] [modengine] [info] Applied 3 hooks
[2025-12-01 20:16:24.071] [modengine] [info] Starting worker thread
[2025-12-01 20:16:32.268] [modengine] [info] Attempting to load global config at C:\Users\basic\Desktop\MithMaps\ModFiles\ModEngine\v2.1.0\modengine2\config.toml
[2025-12-01 20:16:32.269] [modengine] [info] Attempting to load mod settings config at C:\Users\basic\Desktop\MithMaps\ModFiles\DenMaps\1.7.0-beta19\config_DenMaps_1.7.0-beta19.toml
[2025-12-01 20:16:32.269] [modengine] [info] Local config loaded
[2025-12-01 20:16:32.269] [modengine] [info] ModEngine version 2.1.0-0924ab36f1311bf84e7e626740b4bf2c0d54909a initializing for Elden Ring
[2025-12-01 20:16:32.269] [modengine] [info] Local settings loaded: true, Global settings loaded: false
[2025-12-01 20:16:32.269] [modengine] [info] Main thread ID: 14364
[2025-12-01 20:16:32.271] [modengine] [info] Loaded external DLL C:\Users\basic\Desktop\MithMaps\ModFiles\DenMaps\1.7.0-beta19\../../SeamlessCoop/v1.9.0/SeamlessCoop/ersc.dll
[2025-12-01 20:16:33.476] [modengine] [info] Loaded external DLL C:\Users\basic\Desktop\MithMaps\ModFiles\DenMaps\1.7.0-beta19\../../DenMaps/1.7.0-beta19/mod_files/EldenRingScriptExtender.dll
[2025-12-01 20:16:33.476] [modengine] [warning] External dll C:\Users\basic\Desktop\MithMaps\ModFiles\DenMaps\1.7.0-beta19\../../DenMaps/1.7.0-beta19/mod_files/EldenRingScriptExtender.dll at base address 0x7ff83cf10000 is not a modengine extension
[2025-12-01 20:16:33.477] [modengine] [info] Loaded external DLL C:\Users\basic\Desktop\MithMaps\ModFiles\DenMaps\1.7.0-beta19\../../DenMaps/1.7.0-beta19/mod_files/DEN-Maps.dll
[2025-12-01 20:16:33.477] [modengine] [warning] External dll C:\Users\basic\Desktop\MithMaps\ModFiles\DenMaps\1.7.0-beta19\../../DenMaps/1.7.0-beta19/mod_files/DEN-Maps.dll at base address 0x7ff83d0d0000 is not a modengine extension
[2025-12-01 20:16:33.477] [modengine] [info] Enabling extension base
[2025-12-01 20:16:33.477] [modengine] [info] Enabled extension base
[2025-12-01 20:16:33.477] [modengine] [info] Enabling extension mod_loader
[2025-12-01 20:16:33.477] [modengine] [info] Installing mod location mod_files/file_modding
[2025-12-01 20:16:33.477] [modengine] [info] Resolved mod path to C:\Users\basic\Desktop\MithMaps\ModFiles\DenMaps\1.7.0-beta19\mod_files/file_modding
[2025-12-01 20:16:33.477] [modengine] [info] Enabled extension mod_loader
[2025-12-01 20:16:33.512] [modengine] [info] Applied 3 hooks
[2025-12-01 20:16:33.514] [modengine] [info] Starting worker thread
[2025-12-01 20:16:48.808] [modengine] [info] Attempting to load global config at C:\Users\basic\Desktop\MithMaps\ModFiles\ModEngine\v2.1.0\modengine2\config.toml
[2025-12-01 20:16:48.808] [modengine] [info] Attempting to load mod settings config at C:\Users\basic\Desktop\MithMaps\ModFiles\DenMaps\1.7.0-beta19\config_DenMaps_1.7.0-beta19.toml
[2025-12-01 20:16:48.808] [modengine] [info] Local config loaded
[2025-12-01 20:16:48.808] [modengine] [info] ModEngine version 2.1.0-0924ab36f1311bf84e7e626740b4bf2c0d54909a initializing for Elden Ring
[2025-12-01 20:16:48.808] [modengine] [info] Local settings loaded: true, Global settings loaded: false
[2025-12-01 20:16:48.808] [modengine] [info] Main thread ID: 17012
[2025-12-01 20:16:48.811] [modengine] [info] Loaded external DLL C:\Users\basic\Desktop\MithMaps\ModFiles\DenMaps\1.7.0-beta19\../../SeamlessCoop/v1.9.0/SeamlessCoop/ersc.dll
[2025-12-01 20:16:50.029] [modengine] [info] Loaded external DLL C:\Users\basic\Desktop\MithMaps\ModFiles\DenMaps\1.7.0-beta19\../../DenMaps/1.7.0-beta19/mod_files/EldenRingScriptExtender.dll
[2025-12-01 20:16:50.029] [modengine] [warning] External dll C:\Users\basic\Desktop\MithMaps\ModFiles\DenMaps\1.7.0-beta19\../../DenMaps/1.7.0-beta19/mod_files/EldenRingScriptExtender.dll at base address 0x7ff83cf10000 is not a modengine extension
[2025-12-01 20:16:50.029] [modengine] [info] Loaded external DLL C:\Users\basic\Desktop\MithMaps\ModFiles\DenMaps\1.7.0-beta19\../../DenMaps/1.7.0-beta19/mod_files/DEN-Maps.dll
[2025-12-01 20:16:50.029] [modengine] [warning] External dll C:\Users\basic\Desktop\MithMaps\ModFiles\DenMaps\1.7.0-beta19\../../DenMaps/1.7.0-beta19/mod_files/DEN-Maps.dll at base address 0x7ff83d0d0000 is not a modengine extension
[2025-12-01 20:16:50.029] [modengine] [info] Enabling extension base
[2025-12-01 20:16:50.029] [modengine] [info] Enabled extension base
[2025-12-01 20:16:50.029] [modengine] [info] Enabling extension mod_loader
[2025-12-01 20:16:50.029] [modengine] [info] Installing mod location mod_files/file_modding
[2025-12-01 20:16:50.029] [modengine] [info] Resolved mod path to C:\Users\basic\Desktop\MithMaps\ModFiles\DenMaps\1.7.0-beta19\mod_files/file_modding
[2025-12-01 20:16:50.029] [modengine] [info] Enabled extension mod_loader
[2025-12-01 20:16:50.063] [modengine] [info] Applied 3 hooks
[2025-12-01 20:16:50.066] [modengine] [info] Starting worker thread
[2025-12-01 20:17:39.622] [modengine] [info] Attempting to load global config at C:\Users\basic\Desktop\MithMaps\ModFiles\ModEngine\v2.1.0\modengine2\config.toml
[2025-12-01 20:17:39.623] [modengine] [info] Attempting to load mod settings config at C:\Users\basic\Desktop\MithMaps\ModFiles\DenMaps\1.7.0-beta19\config_DenMaps_1.7.0-beta19.toml
[2025-12-01 20:17:39.623] [modengine] [info] Local config loaded
[2025-12-01 20:17:39.623] [modengine] [info] ModEngine version 2.1.0-0924ab36f1311bf84e7e626740b4bf2c0d54909a initializing for Elden Ring
[2025-12-01 20:17:39.623] [modengine] [info] Local settings loaded: true, Global settings loaded: false
[2025-12-01 20:17:39.623] [modengine] [info] Main thread ID: 21132
[2025-12-01 20:17:39.625] [modengine] [info] Loaded external DLL C:\Users\basic\Desktop\MithMaps\ModFiles\DenMaps\1.7.0-beta19\../../SeamlessCoop/v1.9.0/SeamlessCoop/ersc.dll
[2025-12-01 20:17:40.881] [modengine] [info] Loaded external DLL C:\Users\basic\Desktop\MithMaps\ModFiles\DenMaps\1.7.0-beta19\../../DenMaps/1.7.0-beta19/mod_files/EldenRingScriptExtender.dll
[2025-12-01 20:17:40.881] [modengine] [warning] External dll C:\Users\basic\Desktop\MithMaps\ModFiles\DenMaps\1.7.0-beta19\../../DenMaps/1.7.0-beta19/mod_files/EldenRingScriptExtender.dll at base address 0x7ff83cf10000 is not a modengine extension
[2025-12-01 20:17:40.882] [modengine] [info] Loaded external DLL C:\Users\basic\Desktop\MithMaps\ModFiles\DenMaps\1.7.0-beta19\../../DenMaps/1.7.0-beta19/mod_files/DEN-Maps.dll
[2025-12-01 20:17:40.882] [modengine] [warning] External dll C:\Users\basic\Desktop\MithMaps\ModFiles\DenMaps\1.7.0-beta19\../../DenMaps/1.7.0-beta19/mod_files/DEN-Maps.dll at base address 0x7ff83d0d0000 is not a modengine extension
[2025-12-01 20:17:40.882] [modengine] [info] Enabling extension base
[2025-12-01 20:17:40.882] [modengine] [info] Enabled extension base
[2025-12-01 20:17:40.882] [modengine] [info] Enabling extension mod_loader
[2025-12-01 20:17:40.882] [modengine] [info] Installing mod location mod_files/file_modding
[2025-12-01 20:17:40.882] [modengine] [info] Resolved mod path to C:\Users\basic\Desktop\MithMaps\ModFiles\DenMaps\1.7.0-beta19\mod_files/file_modding
[2025-12-01 20:17:40.882] [modengine] [info] Enabled extension mod_loader
[2025-12-01 20:17:40.916] [modengine] [info] Applied 3 hooks
[2025-12-01 20:17:40.918] [modengine] [info] Starting worker thread
[2025-12-01 20:18:11.841] [modengine] [info] Attempting to load global config at C:\Users\basic\Desktop\MithMaps\ModFiles\ModEngine\v2.1.0\modengine2\config.toml
[2025-12-01 20:18:11.841] [modengine] [info] Attempting to load mod settings config at C:\Users\basic\Desktop\MithMaps\ModFiles\DenMaps\1.7.0-beta19\config_DenMaps_1.7.0-beta19.toml
[2025-12-01 20:18:11.841] [modengine] [info] Local config loaded
[2025-12-01 20:18:11.841] [modengine] [info] ModEngine version 2.1.0-0924ab36f1311bf84e7e626740b4bf2c0d54909a initializing for Elden Ring
[2025-12-01 20:18:11.841] [modengine] [info] Local settings loaded: true, Global settings loaded: false
[2025-12-01 20:18:11.841] [modengine] [info] Main thread ID: 6340
[2025-12-01 20:18:11.844] [modengine] [info] Loaded external DLL C:\Users\basic\Desktop\MithMaps\ModFiles\DenMaps\1.7.0-beta19\../../SeamlessCoop/v1.9.0/SeamlessCoop/ersc.dll
[2025-12-01 20:18:13.065] [modengine] [info] Loaded external DLL C:\Users\basic\Desktop\MithMaps\ModFiles\DenMaps\1.7.0-beta19\../../DenMaps/1.7.0-beta19/mod_files/EldenRingScriptExtender.dll
[2025-12-01 20:18:13.065] [modengine] [warning] External dll C:\Users\basic\Desktop\MithMaps\ModFiles\DenMaps\1.7.0-beta19\../../DenMaps/1.7.0-beta19/mod_files/EldenRingScriptExtender.dll at base address 0x7ff83cf10000 is not a modengine extension
[2025-12-01 20:18:13.066] [modengine] [info] Loaded external DLL C:\Users\basic\Desktop\MithMaps\ModFiles\DenMaps\1.7.0-beta19\../../DenMaps/1.7.0-beta19/mod_files/DEN-Maps.dll
[2025-12-01 20:18:13.066] [modengine] [warning] External dll C:\Users\basic\Desktop\MithMaps\ModFiles\DenMaps\1.7.0-beta19\../../DenMaps/1.7.0-beta19/mod_files/DEN-Maps.dll at base address 0x7ff83d0d0000 is not a modengine extension
[2025-12-01 20:18:13.066] [modengine] [info] Enabling extension base
[2025-12-01 20:18:13.066] [modengine] [info] Enabled extension base
[2025-12-01 20:18:13.066] [modengine] [info] Enabling extension mod_loader
[2025-12-01 20:18:13.066] [modengine] [info] Installing mod location mod_files/file_modding
[2025-12-01 20:18:13.066] [modengine] [info] Resolved mod path to C:\Users\basic\Desktop\MithMaps\ModFiles\DenMaps\1.7.0-beta19\mod_files/file_modding
[2025-12-01 20:18:13.066] [modengine] [info] Enabled extension mod_loader
[2025-12-01 20:18:13.101] [modengine] [info] Applied 3 hooks
[2025-12-01 20:18:13.104] [modengine] [info] Starting worker thread
[2025-12-01 20:19:19.957] [modengine] [info] Attempting to load global config at C:\Users\basic\Desktop\MithMaps\ModFiles\ModEngine\v2.1.0\modengine2\config.toml
[2025-12-01 20:19:19.957] [modengine] [info] Attempting to load mod settings config at C:\Users\basic\Desktop\MithMaps\ModFiles\DenMaps\1.7.0-beta19\config_DenMaps_1.7.0-beta19.toml
[2025-12-01 20:19:19.957] [modengine] [info] Local config loaded
[2025-12-01 20:19:19.957] [modengine] [info] ModEngine version 2.1.0-0924ab36f1311bf84e7e626740b4bf2c0d54909a initializing for Elden Ring
[2025-12-01 20:19:19.957] [modengine] [info] Local settings loaded: true, Global settings loaded: false
[2025-12-01 20:19:19.957] [modengine] [info] Main thread ID: 8624
[2025-12-01 20:19:19.960] [modengine] [info] Loaded external DLL C:\Users\basic\Desktop\MithMaps\ModFiles\DenMaps\1.7.0-beta19\../../SeamlessCoop/v1.9.0/SeamlessCoop/ersc.dll
[2025-12-01 20:19:21.217] [modengine] [info] Loaded external DLL C:\Users\basic\Desktop\MithMaps\ModFiles\DenMaps\1.7.0-beta19\../../DenMaps/1.7.0-beta19/mod_files/EldenRingScriptExtender.dll
[2025-12-01 20:19:21.217] [modengine] [warning] External dll C:\Users\basic\Desktop\MithMaps\ModFiles\DenMaps\1.7.0-beta19\../../DenMaps/1.7.0-beta19/mod_files/EldenRingScriptExtender.dll at base address 0x7ff83cf10000 is not a modengine extension
[2025-12-01 20:19:21.217] [modengine] [info] Loaded external DLL C:\Users\basic\Desktop\MithMaps\ModFiles\DenMaps\1.7.0-beta19\../../DenMaps/1.7.0-beta19/mod_files/DEN-Maps.dll
[2025-12-01 20:19:21.217] [modengine] [warning] External dll C:\Users\basic\Desktop\MithMaps\ModFiles\DenMaps\1.7.0-beta19\../../DenMaps/1.7.0-beta19/mod_files/DEN-Maps.dll at base address 0x7ff8590c0000 is not a modengine extension
[2025-12-01 20:19:21.217] [modengine] [info] Enabling extension base
[2025-12-01 20:19:21.217] [modengine] [info] Enabled extension base
[2025-12-01 20:19:21.217] [modengine] [info] Enabling extension mod_loader
[2025-12-01 20:19:21.217] [modengine] [info] Installing mod location mod_files/file_modding
[2025-12-01 20:19:21.217] [modengine] [info] Resolved mod path to C:\Users\basic\Desktop\MithMaps\ModFiles\DenMaps\1.7.0-beta19\mod_files/file_modding
[2025-12-01 20:19:21.217] [modengine] [info] Enabled extension mod_loader
[2025-12-01 20:19:21.252] [modengine] [info] Applied 3 hooks
[2025-12-01 20:19:21.256] [modengine] [info] Starting worker thread
[2025-12-01 20:20:37.358] [modengine] [info] Attempting to load global config at C:\Users\basic\Desktop\MithMaps\ModFiles\ModEngine\v2.1.0\modengine2\config.toml
[2025-12-01 20:20:37.358] [modengine] [info] Attempting to load mod settings config at C:\Users\basic\Desktop\MithMaps\ModFiles\DenMaps\1.7.0-beta19\config_DenMaps_1.7.0-beta19.toml
[2025-12-01 20:20:37.358] [modengine] [info] Local config loaded
[2025-12-01 20:20:37.359] [modengine] [info] ModEngine version 2.1.0-0924ab36f1311bf84e7e626740b4bf2c0d54909a initializing for Elden Ring
[2025-12-01 20:20:37.359] [modengine] [info] Local settings loaded: true, Global settings loaded: false
[2025-12-01 20:20:37.359] [modengine] [info] Main thread ID: 12044
[2025-12-01 20:20:38.312] [modengine] [info] Loaded external DLL C:\Users\basic\Desktop\MithMaps\ModFiles\DenMaps\1.7.0-beta19\../../DenMaps/1.7.0-beta19/mod_files/3v3.dll
[2025-12-01 20:20:38.312] [modengine] [warning] External dll C:\Users\basic\Desktop\MithMaps\ModFiles\DenMaps\1.7.0-beta19\../../DenMaps/1.7.0-beta19/mod_files/3v3.dll at base address 0x7ff879770000 is not a modengine extension
[2025-12-01 20:20:38.313] [modengine] [info] Loaded external DLL C:\Users\basic\Desktop\MithMaps\ModFiles\DenMaps\1.7.0-beta19\../../SeamlessCoop/v1.9.0/SeamlessCoop/ersc.dll
[2025-12-01 20:20:39.516] [modengine] [info] Loaded external DLL C:\Users\basic\Desktop\MithMaps\ModFiles\DenMaps\1.7.0-beta19\../../DenMaps/1.7.0-beta19/mod_files/EldenRingScriptExtender.dll
[2025-12-01 20:20:39.516] [modengine] [warning] External dll C:\Users\basic\Desktop\MithMaps\ModFiles\DenMaps\1.7.0-beta19\../../DenMaps/1.7.0-beta19/mod_files/EldenRingScriptExtender.dll at base address 0x7ff83cf10000 is not a modengine extension
[2025-12-01 20:20:39.516] [modengine] [info] Loaded external DLL C:\Users\basic\Desktop\MithMaps\ModFiles\DenMaps\1.7.0-beta19\../../DenMaps/1.7.0-beta19/mod_files/DEN-Maps.dll
[2025-12-01 20:20:39.516] [modengine] [warning] External dll C:\Users\basic\Desktop\MithMaps\ModFiles\DenMaps\1.7.0-beta19\../../DenMaps/1.7.0-beta19/mod_files/DEN-Maps.dll at base address 0x7ff84d100000 is not a modengine extension
[2025-12-01 20:20:39.516] [modengine] [info] Enabling extension base
[2025-12-01 20:20:39.516] [modengine] [info] Enabled extension base
[2025-12-01 20:20:39.516] [modengine] [info] Enabling extension mod_loader
[2025-12-01 20:20:39.516] [modengine] [info] Installing mod location mod_files/file_modding
[2025-12-01 20:20:39.516] [modengine] [info] Resolved mod path to C:\Users\basic\Desktop\MithMaps\ModFiles\DenMaps\1.7.0-beta19\mod_files/file_modding
[2025-12-01 20:20:39.516] [modengine] [info] Enabled extension mod_loader
[2025-12-01 20:20:39.550] [modengine] [info] Applied 3 hooks
[2025-12-01 20:20:39.553] [modengine] [info] Starting worker thread
[2025-12-01 20:29:02.903] [modengine] [info] Attempting to load global config at C:\Users\basic\Desktop\MithMaps\ModFiles\ModEngine\v2.1.0\modengine2\config.toml
[2025-12-01 20:29:02.903] [modengine] [info] Attempting to load mod settings config at C:\Users\basic\Desktop\MithMaps\ModFiles\DenMaps\1.7.0-beta19\config_DenMaps_1.7.0-beta19.toml
[2025-12-01 20:29:02.904] [modengine] [info] Local config loaded
[2025-12-01 20:29:02.904] [modengine] [info] ModEngine version 2.1.0-0924ab36f1311bf84e7e626740b4bf2c0d54909a initializing for Elden Ring
[2025-12-01 20:29:02.904] [modengine] [info] Local settings loaded: true, Global settings loaded: false
[2025-12-01 20:29:02.904] [modengine] [info] Main thread ID: 14780
[2025-12-01 20:29:03.883] [modengine] [info] Loaded external DLL C:\Users\basic\Desktop\MithMaps\ModFiles\DenMaps\1.7.0-beta19\../../DenMaps/1.7.0-beta19/mod_files/3v3.dll
[2025-12-01 20:29:03.883] [modengine] [warning] External dll C:\Users\basic\Desktop\MithMaps\ModFiles\DenMaps\1.7.0-beta19\../../DenMaps/1.7.0-beta19/mod_files/3v3.dll at base address 0x7ff879770000 is not a modengine extension
[2025-12-01 20:29:03.884] [modengine] [info] Loaded external DLL C:\Users\basic\Desktop\MithMaps\ModFiles\DenMaps\1.7.0-beta19\../../SeamlessCoop/v1.9.0/SeamlessCoop/ersc.dll
[2025-12-01 20:29:05.204] [modengine] [info] Loaded external DLL C:\Users\basic\Desktop\MithMaps\ModFiles\DenMaps\1.7.0-beta19\../../DenMaps/1.7.0-beta19/mod_files/EldenRingScriptExtender.dll
[2025-12-01 20:29:05.204] [modengine] [warning] External dll C:\Users\basic\Desktop\MithMaps\ModFiles\DenMaps\1.7.0-beta19\../../DenMaps/1.7.0-beta19/mod_files/EldenRingScriptExtender.dll at base address 0x7ff856a80000 is not a modengine extension
[2025-12-01 20:29:05.204] [modengine] [info] Loaded external DLL C:\Users\basic\Desktop\MithMaps\ModFiles\DenMaps\1.7.0-beta19\../../DenMaps/1.7.0-beta19/mod_files/DEN-Maps.dll
[2025-12-01 20:29:05.204] [modengine] [warning] External dll C:\Users\basic\Desktop\MithMaps\ModFiles\DenMaps\1.7.0-beta19\../../DenMaps/1.7.0-beta19/mod_files/DEN-Maps.dll at base address 0x7ff84f820000 is not a modengine extension
[2025-12-01 20:29:05.204] [modengine] [info] Enabling extension base
[2025-12-01 20:29:05.204] [modengine] [info] Enabled extension base
[2025-12-01 20:29:05.204] [modengine] [info] Enabling extension mod_loader
[2025-12-01 20:29:05.204] [modengine] [info] Installing mod location mod_files/file_modding
[2025-12-01 20:29:05.204] [modengine] [info] Resolved mod path to C:\Users\basic\Desktop\MithMaps\ModFiles\DenMaps\1.7.0-beta19\mod_files/file_modding
[2025-12-01 20:29:05.204] [modengine] [info] Enabled extension mod_loader
[2025-12-01 20:29:05.251] [modengine] [info] Applied 3 hooks
[2025-12-01 20:29:05.254] [modengine] [info] Starting worker thread
[2025-12-01 21:02:42.706] [modengine] [info] Attempting to load global config at C:\Users\basic\Desktop\MithMaps\ModFiles\ModEngine\v2.1.0\modengine2\config.toml
[2025-12-01 21:02:42.706] [modengine] [info] Attempting to load mod settings config at C:\Users\basic\Desktop\MithMaps\ModFiles\DenMaps\1.7.0-beta19\config_DenMaps_1.7.0-beta19.toml
[2025-12-01 21:02:42.706] [modengine] [info] Local config loaded
[2025-12-01 21:02:42.707] [modengine] [info] ModEngine version 2.1.0-0924ab36f1311bf84e7e626740b4bf2c0d54909a initializing for Elden Ring
[2025-12-01 21:02:42.707] [modengine] [info] Local settings loaded: true, Global settings loaded: false
[2025-12-01 21:02:42.707] [modengine] [info] Main thread ID: 17992
[2025-12-01 21:02:44.081] [modengine] [info] Loaded external DLL C:\Users\basic\Desktop\MithMaps\ModFiles\DenMaps\1.7.0-beta19\../../DenMaps/1.7.0-beta19/mod_files/3v3.dll
[2025-12-01 21:02:44.082] [modengine] [warning] External dll C:\Users\basic\Desktop\MithMaps\ModFiles\DenMaps\1.7.0-beta19\../../DenMaps/1.7.0-beta19/mod_files/3v3.dll at base address 0x7ff876970000 is not a modengine extension
[2025-12-01 21:02:44.082] [modengine] [info] Loaded external DLL C:\Users\basic\Desktop\MithMaps\ModFiles\DenMaps\1.7.0-beta19\../../SeamlessCoop/v1.9.0/SeamlessCoop/ersc.dll
[2025-12-01 21:02:45.413] [modengine] [info] Loaded external DLL C:\Users\basic\Desktop\MithMaps\ModFiles\DenMaps\1.7.0-beta19\../../DenMaps/1.7.0-beta19/mod_files/EldenRingScriptExtender.dll
[2025-12-01 21:02:45.413] [modengine] [warning] External dll C:\Users\basic\Desktop\MithMaps\ModFiles\DenMaps\1.7.0-beta19\../../DenMaps/1.7.0-beta19/mod_files/EldenRingScriptExtender.dll at base address 0x7ff85bd50000 is not a modengine extension
[2025-12-01 21:02:45.413] [modengine] [info] Loaded external DLL C:\Users\basic\Desktop\MithMaps\ModFiles\DenMaps\1.7.0-beta19\../../DenMaps/1.7.0-beta19/mod_files/DEN-Maps.dll
[2025-12-01 21:02:45.413] [modengine] [warning] External dll C:\Users\basic\Desktop\MithMaps\ModFiles\DenMaps\1.7.0-beta19\../../DenMaps/1.7.0-beta19/mod_files/DEN-Maps.dll at base address 0x7ff85c3f0000 is not a modengine extension
[2025-12-01 21:02:45.413] [modengine] [info] Enabling extension base
[2025-12-01 21:02:45.413] [modengine] [info] Enabled extension base
[2025-12-01 21:02:45.413] [modengine] [info] Enabling extension mod_loader
[2025-12-01 21:02:45.413] [modengine] [info] Installing mod location mod_files/file_modding
[2025-12-01 21:02:45.414] [modengine] [info] Resolved mod path to C:\Users\basic\Desktop\MithMaps\ModFiles\DenMaps\1.7.0-beta19\mod_files/file_modding
[2025-12-01 21:02:45.414] [modengine] [info] Enabled extension mod_loader
[2025-12-01 21:02:45.448] [modengine] [info] Applied 3 hooks
[2025-12-01 21:02:45.451] [modengine] [info] Starting worker thread
[2025-12-01 21:12:19.064] [modengine] [info] Attempting to load global config at C:\Users\basic\Desktop\MithMaps\ModFiles\ModEngine\v2.1.0\modengine2\config.toml
[2025-12-01 21:12:19.064] [modengine] [info] Attempting to load mod settings config at C:\Users\basic\Desktop\MithMaps\ModFiles\DenMaps\1.7.0-beta19\config_DenMaps_1.7.0-beta19.toml
[2025-12-01 21:12:19.065] [modengine] [info] Local config loaded
[2025-12-01 21:12:19.065] [modengine] [info] ModEngine version 2.1.0-0924ab36f1311bf84e7e626740b4bf2c0d54909a initializing for Elden Ring
[2025-12-01 21:12:19.065] [modengine] [info] Local settings loaded: true, Global settings loaded: false
[2025-12-01 21:12:19.065] [modengine] [info] Main thread ID: 4228
[2025-12-01 21:12:20.001] [modengine] [info] Loaded external DLL C:\Users\basic\Desktop\MithMaps\ModFiles\DenMaps\1.7.0-beta19\../../DenMaps/1.7.0-beta19/mod_files/3v3.dll
[2025-12-01 21:12:20.001] [modengine] [warning] External dll C:\Users\basic\Desktop\MithMaps\ModFiles\DenMaps\1.7.0-beta19\../../DenMaps/1.7.0-beta19/mod_files/3v3.dll at base address 0x7ff876970000 is not a modengine extension
[2025-12-01 21:12:20.002] [modengine] [info] Loaded external DLL C:\Users\basic\Desktop\MithMaps\ModFiles\DenMaps\1.7.0-beta19\../../SeamlessCoop/v1.9.0/SeamlessCoop/ersc.dll
[2025-12-01 21:12:21.240] [modengine] [info] Loaded external DLL C:\Users\basic\Desktop\MithMaps\ModFiles\DenMaps\1.7.0-beta19\../../DenMaps/1.7.0-beta19/mod_files/EldenRingScriptExtender.dll
[2025-12-01 21:12:21.240] [modengine] [warning] External dll C:\Users\basic\Desktop\MithMaps\ModFiles\DenMaps\1.7.0-beta19\../../DenMaps/1.7.0-beta19/mod_files/EldenRingScriptExtender.dll at base address 0x7ff85c430000 is not a modengine extension
[2025-12-01 21:12:21.241] [modengine] [info] Loaded external DLL C:\Users\basic\Desktop\MithMaps\ModFiles\DenMaps\1.7.0-beta19\../../DenMaps/1.7.0-beta19/mod_files/DEN-Maps.dll
[2025-12-01 21:12:21.241] [modengine] [warning] External dll C:\Users\basic\Desktop\MithMaps\ModFiles\DenMaps\1.7.0-beta19\../../DenMaps/1.7.0-beta19/mod_files/DEN-Maps.dll at base address 0x7ff85bd60000 is not a modengine extension
[2025-12-01 21:12:21.241] [modengine] [info] Enabling extension base
[2025-12-01 21:12:21.241] [modengine] [info] Enabled extension base
[2025-12-01 21:12:21.241] [modengine] [info] Enabling extension mod_loader
[2025-12-01 21:12:21.241] [modengine] [info] Installing mod location mod_files/file_modding
[2025-12-01 21:12:21.241] [modengine] [info] Resolved mod path to C:\Users\basic\Desktop\MithMaps\ModFiles\DenMaps\1.7.0-beta19\mod_files/file_modding
[2025-12-01 21:12:21.241] [modengine] [info] Enabled extension mod_loader
[2025-12-01 21:12:21.275] [modengine] [info] Applied 3 hooks
[2025-12-01 21:12:21.278] [modengine] [info] Starting worker thread
[2025-12-01 21:15:35.360] [modengine] [info] Attempting to load global config at C:\Users\basic\Desktop\MithMaps\ModFiles\ModEngine\v2.1.0\modengine2\config.toml
[2025-12-01 21:15:35.360] [modengine] [info] Attempting to load mod settings config at C:\Users\basic\Desktop\MithMaps\ModFiles\DenMaps\1.7.0-beta19\config_DenMaps_1.7.0-beta19.toml
[2025-12-01 21:15:35.360] [modengine] [info] Local config loaded
[2025-12-01 21:15:35.360] [modengine] [info] ModEngine version 2.1.0-0924ab36f1311bf84e7e626740b4bf2c0d54909a initializing for Elden Ring
[2025-12-01 21:15:35.360] [modengine] [info] Local settings loaded: true, Global settings loaded: false
[2025-12-01 21:15:35.360] [modengine] [info] Main thread ID: 17048
[2025-12-01 21:15:43.280] [modengine] [info] Loaded external DLL C:\Users\basic\Desktop\MithMaps\ModFiles\DenMaps\1.7.0-beta19\../../DenMaps/1.7.0-beta19/mod_files/3v3.dll
[2025-12-01 21:15:43.280] [modengine] [warning] External dll C:\Users\basic\Desktop\MithMaps\ModFiles\DenMaps\1.7.0-beta19\../../DenMaps/1.7.0-beta19/mod_files/3v3.dll at base address 0x7ff876970000 is not a modengine extension
[2025-12-01 21:15:43.281] [modengine] [info] Loaded external DLL C:\Users\basic\Desktop\MithMaps\ModFiles\DenMaps\1.7.0-beta19\../../SeamlessCoop/v1.9.0/SeamlessCoop/ersc.dll
[2025-12-01 21:15:44.466] [modengine] [info] Loaded external DLL C:\Users\basic\Desktop\MithMaps\ModFiles\DenMaps\1.7.0-beta19\../../DenMaps/1.7.0-beta19/mod_files/EldenRingScriptExtender.dll
[2025-12-01 21:15:44.466] [modengine] [warning] External dll C:\Users\basic\Desktop\MithMaps\ModFiles\DenMaps\1.7.0-beta19\../../DenMaps/1.7.0-beta19/mod_files/EldenRingScriptExtender.dll at base address 0x7ff85c430000 is not a modengine extension
[2025-12-01 21:15:44.467] [modengine] [info] Loaded external DLL C:\Users\basic\Desktop\MithMaps\ModFiles\DenMaps\1.7.0-beta19\../../DenMaps/1.7.0-beta19/mod_files/DEN-Maps.dll
[2025-12-01 21:15:44.467] [modengine] [warning] External dll C:\Users\basic\Desktop\MithMaps\ModFiles\DenMaps\1.7.0-beta19\../../DenMaps/1.7.0-beta19/mod_files/DEN-Maps.dll at base address 0x7ff85eec0000 is not a modengine extension
[2025-12-01 21:15:44.467] [modengine] [info] Enabling extension base
[2025-12-01 21:15:44.467] [modengine] [info] Enabled extension base
[2025-12-01 21:15:44.467] [modengine] [info] Enabling extension mod_loader
[2025-12-01 21:15:44.467] [modengine] [info] Installing mod location mod_files/file_modding
[2025-12-01 21:15:44.467] [modengine] [info] Resolved mod path to C:\Users\basic\Desktop\MithMaps\ModFiles\DenMaps\1.7.0-beta19\mod_files/file_modding
[2025-12-01 21:15:44.467] [modengine] [info] Enabled extension mod_loader
[2025-12-01 21:15:44.501] [modengine] [info] Applied 3 hooks
[2025-12-01 21:15:44.504] [modengine] [info] Starting worker thread
[2025-12-01 21:28:44.719] [modengine] [info] Attempting to load global config at C:\Users\basic\Desktop\MithMaps\ModFiles\ModEngine\v2.1.0\modengine2\config.toml
[2025-12-01 21:28:44.719] [modengine] [info] Attempting to load mod settings config at C:\Users\basic\Desktop\MithMaps\ModFiles\DenMaps\1.7.0-beta19\config_DenMaps_1.7.0-beta19.toml
[2025-12-01 21:28:44.719] [modengine] [info] Local config loaded
[2025-12-01 21:28:44.719] [modengine] [info] ModEngine version 2.1.0-0924ab36f1311bf84e7e626740b4bf2c0d54909a initializing for Elden Ring
[2025-12-01 21:28:44.719] [modengine] [info] Local settings loaded: true, Global settings loaded: false
[2025-12-01 21:28:44.719] [modengine] [info] Main thread ID: 11872
[2025-12-01 21:28:45.554] [modengine] [info] Loaded external DLL C:\Users\basic\Desktop\MithMaps\ModFiles\DenMaps\1.7.0-beta19\../../DenMaps/1.7.0-beta19/mod_files/3v3.dll
[2025-12-01 21:28:45.554] [modengine] [warning] External dll C:\Users\basic\Desktop\MithMaps\ModFiles\DenMaps\1.7.0-beta19\../../DenMaps/1.7.0-beta19/mod_files/3v3.dll at base address 0x7ff872e00000 is not a modengine extension
[2025-12-01 21:28:45.555] [modengine] [info] Loaded external DLL C:\Users\basic\Desktop\MithMaps\ModFiles\DenMaps\1.7.0-beta19\../../SeamlessCoop/v1.9.0/SeamlessCoop/ersc.dll
[2025-12-01 21:28:46.780] [modengine] [error] Failed to load DLL C:\Users\basic\Desktop\MithMaps\ModFiles\DenMaps\1.7.0-beta19\../../DenMaps/1.7.0-beta19/mod_files/DEN-Maps.dll
[2025-12-01 21:28:46.780] [modengine] [info] Enabling extension base
[2025-12-01 21:28:46.780] [modengine] [info] Enabled extension base
[2025-12-01 21:28:46.780] [modengine] [info] Enabling extension mod_loader
[2025-12-01 21:28:46.780] [modengine] [info] Installing mod location mod_files/file_modding
[2025-12-01 21:28:46.780] [modengine] [info] Resolved mod path to C:\Users\basic\Desktop\MithMaps\ModFiles\DenMaps\1.7.0-beta19\mod_files/file_modding
[2025-12-01 21:28:46.780] [modengine] [info] Enabled extension mod_loader
[2025-12-01 21:28:46.810] [modengine] [info] Applied 3 hooks
[2025-12-01 21:28:46.813] [modengine] [info] Starting worker thread
[2025-12-01 21:30:09.676] [modengine] [info] Attempting to load global config at C:\Users\basic\Desktop\MithMaps\ModFiles\ModEngine\v2.1.0\modengine2\config.toml
[2025-12-01 21:30:09.676] [modengine] [info] Attempting to load mod settings config at C:\Users\basic\Desktop\MithMaps\ModFiles\DenMaps\1.7.0-beta19\config_DenMaps_1.7.0-beta19.toml
[2025-12-01 21:30:09.676] [modengine] [info] Local config loaded
[2025-12-01 21:30:09.676] [modengine] [info] ModEngine version 2.1.0-0924ab36f1311bf84e7e626740b4bf2c0d54909a initializing for Elden Ring
[2025-12-01 21:30:09.676] [modengine] [info] Local settings loaded: true, Global settings loaded: false
[2025-12-01 21:30:09.676] [modengine] [info] Main thread ID: 17760
[2025-12-01 21:30:10.561] [modengine] [info] Loaded external DLL C:\Users\basic\Desktop\MithMaps\ModFiles\DenMaps\1.7.0-beta19\../../DenMaps/1.7.0-beta19/mod_files/3v3.dll
[2025-12-01 21:30:10.561] [modengine] [warning] External dll C:\Users\basic\Desktop\MithMaps\ModFiles\DenMaps\1.7.0-beta19\../../DenMaps/1.7.0-beta19/mod_files/3v3.dll at base address 0x7ff876970000 is not a modengine extension
[2025-12-01 21:30:10.562] [modengine] [info] Loaded external DLL C:\Users\basic\Desktop\MithMaps\ModFiles\DenMaps\1.7.0-beta19\../../SeamlessCoop/v1.9.0/SeamlessCoop/ersc.dll
[2025-12-01 21:30:11.774] [modengine] [info] Enabling extension base
[2025-12-01 21:30:11.774] [modengine] [info] Enabled extension base
[2025-12-01 21:30:11.774] [modengine] [info] Enabling extension mod_loader
[2025-12-01 21:30:11.774] [modengine] [info] Installing mod location mod_files/file_modding
[2025-12-01 21:30:11.774] [modengine] [info] Resolved mod path to C:\Users\basic\Desktop\MithMaps\ModFiles\DenMaps\1.7.0-beta19\mod_files/file_modding
[2025-12-01 21:30:11.774] [modengine] [info] Enabled extension mod_loader
[2025-12-01 21:30:11.804] [modengine] [info] Applied 3 hooks
[2025-12-01 21:30:11.807] [modengine] [info] Starting worker thread
[2025-12-01 21:31:57.004] [modengine] [info] Attempting to load global config at C:\Users\basic\Desktop\MithMaps\ModFiles\ModEngine\v2.1.0\modengine2\config.toml
[2025-12-01 21:31:57.004] [modengine] [info] Attempting to load mod settings config at C:\Users\basic\Desktop\MithMaps\ModFiles\DenMaps\1.7.0-beta19\config_DenMaps_1.7.0-beta19.toml
[2025-12-01 21:31:57.013] [modengine] [info] Local config loaded
[2025-12-01 21:31:57.014] [modengine] [info] ModEngine version 2.1.0-0924ab36f1311bf84e7e626740b4bf2c0d54909a initializing for Elden Ring
[2025-12-01 21:31:57.014] [modengine] [info] Local settings loaded: true, Global settings loaded: false
[2025-12-01 21:31:57.014] [modengine] [info] Main thread ID: 5760
[2025-12-01 21:31:58.122] [modengine] [info] Loaded external DLL C:\Users\basic\Desktop\MithMaps\ModFiles\DenMaps\1.7.0-beta19\../../DenMaps/1.7.0-beta19/mod_files/3v3.dll
[2025-12-01 21:31:58.122] [modengine] [warning] External dll C:\Users\basic\Desktop\MithMaps\ModFiles\DenMaps\1.7.0-beta19\../../DenMaps/1.7.0-beta19/mod_files/3v3.dll at base address 0x7ff876970000 is not a modengine extension
[2025-12-01 21:31:58.123] [modengine] [info] Loaded external DLL C:\Users\basic\Desktop\MithMaps\ModFiles\DenMaps\1.7.0-beta19\../../SeamlessCoop/v1.9.0/SeamlessCoop/ersc.dll
[2025-12-01 21:31:59.305] [modengine] [info] Enabling extension base
[2025-12-01 21:31:59.305] [modengine] [info] Enabled extension base
[2025-12-01 21:31:59.305] [modengine] [info] Enabling extension mod_loader
[2025-12-01 21:31:59.305] [modengine] [info] Installing mod location mod_files/file_modding
[2025-12-01 21:31:59.305] [modengine] [info] Resolved mod path to C:\Users\basic\Desktop\MithMaps\ModFiles\DenMaps\1.7.0-beta19\mod_files/file_modding
[2025-12-01 21:31:59.305] [modengine] [info] Enabled extension mod_loader
[2025-12-01 21:31:59.335] [modengine] [info] Applied 3 hooks
[2025-12-01 21:31:59.338] [modengine] [info] Starting worker thread
[2025-12-01 22:29:43.636] [modengine] [info] Attempting to load global config at C:\Users\basic\Desktop\MithMaps\ModFiles\ModEngine\v2.1.0\modengine2\config.toml
[2025-12-01 22:29:43.636] [modengine] [info] Attempting to load mod settings config at C:\Users\basic\Desktop\MithMaps\ModFiles\DenMaps\1.7.0-beta19\config_DenMaps_1.7.0-beta19.toml
[2025-12-01 22:29:43.645] [modengine] [info] Local config loaded
[2025-12-01 22:29:43.645] [modengine] [info] ModEngine version 2.1.0-0924ab36f1311bf84e7e626740b4bf2c0d54909a initializing for Elden Ring
[2025-12-01 22:29:43.645] [modengine] [info] Local settings loaded: true, Global settings loaded: false
[2025-12-01 22:29:43.645] [modengine] [info] Main thread ID: 4048
[2025-12-01 22:29:45.276] [modengine] [info] Loaded external DLL C:\Users\basic\Desktop\MithMaps\ModFiles\DenMaps\1.7.0-beta19\../../DenMaps/1.7.0-beta19/mod_files/3v3.dll
[2025-12-01 22:29:45.276] [modengine] [warning] External dll C:\Users\basic\Desktop\MithMaps\ModFiles\DenMaps\1.7.0-beta19\../../DenMaps/1.7.0-beta19/mod_files/3v3.dll at base address 0x7ff861b90000 is not a modengine extension
[2025-12-01 22:29:45.328] [modengine] [info] Loaded external DLL C:\Users\basic\Desktop\MithMaps\ModFiles\DenMaps\1.7.0-beta19\../../SeamlessCoop/v1.9.0/SeamlessCoop/ersc.dll
[2025-12-01 22:29:46.726] [modengine] [info] Loaded external DLL C:\Users\basic\Desktop\MithMaps\ModFiles\DenMaps\1.7.0-beta19\../../DenMaps/1.7.0-beta19/mod_files/EldenRingScriptExtender.dll
[2025-12-01 22:29:46.726] [modengine] [warning] External dll C:\Users\basic\Desktop\MithMaps\ModFiles\DenMaps\1.7.0-beta19\../../DenMaps/1.7.0-beta19/mod_files/EldenRingScriptExtender.dll at base address 0x7ff828ba0000 is not a modengine extension
[2025-12-01 22:29:46.730] [modengine] [info] Loaded external DLL C:\Users\basic\Desktop\MithMaps\ModFiles\DenMaps\1.7.0-beta19\../../DenMaps/1.7.0-beta19/mod_files/DEN-Maps.dll
[2025-12-01 22:29:46.730] [modengine] [warning] External dll C:\Users\basic\Desktop\MithMaps\ModFiles\DenMaps\1.7.0-beta19\../../DenMaps/1.7.0-beta19/mod_files/DEN-Maps.dll at base address 0x7ff830ec0000 is not a modengine extension
[2025-12-01 22:29:46.730] [modengine] [info] Enabling extension base
[2025-12-01 22:29:46.730] [modengine] [info] Enabled extension base
[2025-12-01 22:29:46.730] [modengine] [info] Enabling extension mod_loader
[2025-12-01 22:29:46.730] [modengine] [info] Installing mod location mod_files/file_modding
[2025-12-01 22:29:46.730] [modengine] [info] Resolved mod path to C:\Users\basic\Desktop\MithMaps\ModFiles\DenMaps\1.7.0-beta19\mod_files/file_modding
[2025-12-01 22:29:46.730] [modengine] [info] Enabled extension mod_loader
[2025-12-01 22:29:46.765] [modengine] [info] Applied 3 hooks
[2025-12-01 22:29:46.769] [modengine] [info] Starting worker thread
[2025-12-01 22:31:39.803] [modengine] [info] Attempting to load global config at C:\Users\basic\Desktop\MithMaps\ModFiles\ModEngine\v2.1.0\modengine2\config.toml
[2025-12-01 22:31:39.803] [modengine] [info] Attempting to load mod settings config at C:\Users\basic\Desktop\MithMaps\ModFiles\DenMaps\1.7.0-beta19\config_DenMaps_1.7.0-beta19.toml
[2025-12-01 22:31:39.803] [modengine] [info] Local config loaded
[2025-12-01 22:31:39.803] [modengine] [info] ModEngine version 2.1.0-0924ab36f1311bf84e7e626740b4bf2c0d54909a initializing for Elden Ring
[2025-12-01 22:31:39.803] [modengine] [info] Local settings loaded: true, Global settings loaded: false
[2025-12-01 22:31:39.803] [modengine] [info] Main thread ID: 5856
[2025-12-01 22:31:41.122] [modengine] [info] Loaded external DLL C:\Users\basic\Desktop\MithMaps\ModFiles\DenMaps\1.7.0-beta19\../../DenMaps/1.7.0-beta19/mod_files/3v3.dll
[2025-12-01 22:31:41.122] [modengine] [warning] External dll C:\Users\basic\Desktop\MithMaps\ModFiles\DenMaps\1.7.0-beta19\../../DenMaps/1.7.0-beta19/mod_files/3v3.dll at base address 0x7ff84e4f0000 is not a modengine extension
[2025-12-01 22:31:41.123] [modengine] [info] Loaded external DLL C:\Users\basic\Desktop\MithMaps\ModFiles\DenMaps\1.7.0-beta19\../../SeamlessCoop/v1.9.0/SeamlessCoop/ersc.dll
[2025-12-01 22:31:42.456] [modengine] [info] Loaded external DLL C:\Users\basic\Desktop\MithMaps\ModFiles\DenMaps\1.7.0-beta19\../../DenMaps/1.7.0-beta19/mod_files/EldenRingScriptExtender.dll
[2025-12-01 22:31:42.456] [modengine] [warning] External dll C:\Users\basic\Desktop\MithMaps\ModFiles\DenMaps\1.7.0-beta19\../../DenMaps/1.7.0-beta19/mod_files/EldenRingScriptExtender.dll at base address 0x7ff828ba0000 is not a modengine extension
[2025-12-01 22:31:42.457] [modengine] [info] Loaded external DLL C:\Users\basic\Desktop\MithMaps\ModFiles\DenMaps\1.7.0-beta19\../../DenMaps/1.7.0-beta19/mod_files/DEN-Maps.dll
[2025-12-01 22:31:42.457] [modengine] [warning] External dll C:\Users\basic\Desktop\MithMaps\ModFiles\DenMaps\1.7.0-beta19\../../DenMaps/1.7.0-beta19/mod_files/DEN-Maps.dll at base address 0x7ff830ec0000 is not a modengine extension
[2025-12-01 22:31:42.457] [modengine] [info] Enabling extension base
[2025-12-01 22:31:42.457] [modengine] [info] Enabled extension base
[2025-12-01 22:31:42.457] [modengine] [info] Enabling extension mod_loader
[2025-12-01 22:31:42.457] [modengine] [info] Installing mod location mod_files/file_modding
[2025-12-01 22:31:42.457] [modengine] [info] Resolved mod path to C:\Users\basic\Desktop\MithMaps\ModFiles\DenMaps\1.7.0-beta19\mod_files/file_modding
[2025-12-01 22:31:42.457] [modengine] [info] Enabled extension mod_loader
[2025-12-01 22:31:42.492] [modengine] [info] Applied 3 hooks
[2025-12-01 22:31:42.495] [modengine] [info] Starting worker thread
[2025-12-01 22:34:08.442] [modengine] [info] Attempting to load global config at C:\Users\basic\Desktop\MithMaps\ModFiles\ModEngine\v2.1.0\modengine2\config.toml
[2025-12-01 22:34:08.442] [modengine] [info] Attempting to load mod settings config at C:\Users\basic\Desktop\MithMaps\ModFiles\DenMaps\1.7.0-beta19\config_DenMaps_1.7.0-beta19.toml
[2025-12-01 22:34:08.442] [modengine] [info] Local config loaded
[2025-12-01 22:34:08.442] [modengine] [info] ModEngine version 2.1.0-0924ab36f1311bf84e7e626740b4bf2c0d54909a initializing for Elden Ring
[2025-12-01 22:34:08.442] [modengine] [info] Local settings loaded: true, Global settings loaded: false
[2025-12-01 22:34:08.442] [modengine] [info] Main thread ID: 104
[2025-12-01 22:34:09.351] [modengine] [info] Loaded external DLL C:\Users\basic\Desktop\MithMaps\ModFiles\DenMaps\1.7.0-beta19\../../DenMaps/1.7.0-beta19/mod_files/3v3.dll
[2025-12-01 22:34:09.351] [modengine] [warning] External dll C:\Users\basic\Desktop\MithMaps\ModFiles\DenMaps\1.7.0-beta19\../../DenMaps/1.7.0-beta19/mod_files/3v3.dll at base address 0x7ff85bda0000 is not a modengine extension
[2025-12-01 22:34:09.352] [modengine] [info] Loaded external DLL C:\Users\basic\Desktop\MithMaps\ModFiles\DenMaps\1.7.0-beta19\../../SeamlessCoop/v1.9.0/SeamlessCoop/ersc.dll
[2025-12-01 22:34:10.725] [modengine] [info] Loaded external DLL C:\Users\basic\Desktop\MithMaps\ModFiles\DenMaps\1.7.0-beta19\../../DenMaps/1.7.0-beta19/mod_files/EldenRingScriptExtender.dll
[2025-12-01 22:34:10.725] [modengine] [warning] External dll C:\Users\basic\Desktop\MithMaps\ModFiles\DenMaps\1.7.0-beta19\../../DenMaps/1.7.0-beta19/mod_files/EldenRingScriptExtender.dll at base address 0x7ff828ba0000 is not a modengine extension
[2025-12-01 22:34:10.725] [modengine] [info] Loaded external DLL C:\Users\basic\Desktop\MithMaps\ModFiles\DenMaps\1.7.0-beta19\../../DenMaps/1.7.0-beta19/mod_files/DEN-Maps.dll
[2025-12-01 22:34:10.725] [modengine] [warning] External dll C:\Users\basic\Desktop\MithMaps\ModFiles\DenMaps\1.7.0-beta19\../../DenMaps/1.7.0-beta19/mod_files/DEN-Maps.dll at base address 0x7ff830ec0000 is not a modengine extension
[2025-12-01 22:34:10.725] [modengine] [info] Enabling extension base
[2025-12-01 22:34:10.725] [modengine] [info] Enabled extension base
[2025-12-01 22:34:10.725] [modengine] [info] Enabling extension mod_loader
[2025-12-01 22:34:10.725] [modengine] [info] Installing mod location mod_files/file_modding
[2025-12-01 22:34:10.725] [modengine] [info] Resolved mod path to C:\Users\basic\Desktop\MithMaps\ModFiles\DenMaps\1.7.0-beta19\mod_files/file_modding
[2025-12-01 22:34:10.725] [modengine] [info] Enabled extension mod_loader
[2025-12-01 22:34:10.760] [modengine] [info] Applied 3 hooks
[2025-12-01 22:34:10.764] [modengine] [info] Starting worker thread
