[2025-12-05 00:07:59.093] [modengine] [info] Attempting to load global config at C:\Users\basic\Documents\MithMaps\modengine2\config.toml
[2025-12-05 00:07:59.093] [modengine] [info] Attempting to load mod settings config at C:\Users\basic\Documents\MithMaps\ModFiles\DenMaps\1.7.0-beta19\config_DenMaps_1.7.0-beta19.toml
[2025-12-05 00:07:59.105] [modengine] [info] Local config loaded
[2025-12-05 00:07:59.105] [modengine] [info] ModEngine version 2.1.0-0924ab36f1311bf84e7e626740b4bf2c0d54909a initializing for Elden Ring
[2025-12-05 00:07:59.105] [modengine] [info] Local settings loaded: true, Global settings loaded: false
[2025-12-05 00:07:59.105] [modengine] [info] Main thread ID: 25584
[2025-12-05 00:07:59.108] [modengine] [info] Loaded external DLL C:\Users\basic\Documents\MithMaps\ModFiles\DenMaps\1.7.0-beta19\../../SeamlessCoop/v1.9.0/SeamlessCoop/ersc.dll
[2025-12-05 00:08:01.264] [modengine] [info] Loaded external DLL C:\Users\basic\Documents\MithMaps\ModFiles\DenMaps\1.7.0-beta19\../../DenMaps/1.7.0-beta19/mod_files/EldenRingScriptExtender.dll
[2025-12-05 00:08:01.264] [modengine] [warning] External dll C:\Users\basic\Documents\MithMaps\ModFiles\DenMaps\1.7.0-beta19\../../DenMaps/1.7.0-beta19/mod_files/EldenRingScriptExtender.dll at base address 0x7ff80ea90000 is not a modengine extension
[2025-12-05 00:08:01.266] [modengine] [info] Loaded external DLL C:\Users\basic\Documents\MithMaps\ModFiles\DenMaps\1.7.0-beta19\../../DenMaps/1.7.0-beta19/mod_files/DEN-Maps.dll
[2025-12-05 00:08:01.267] [modengine] [warning] External dll C:\Users\basic\Documents\MithMaps\ModFiles\DenMaps\1.7.0-beta19\../../DenMaps/1.7.0-beta19/mod_files/DEN-Maps.dll at base address 0x7ff80e7c0000 is not a modengine extension
[2025-12-05 00:08:04.238] [modengine] [info] Loaded external DLL C:\Users\basic\Documents\MithMaps\ModFiles\DenMaps\1.7.0-beta19\../../DenMaps/1.7.0-beta19/mod_files/3v3m.dll
[2025-12-05 00:08:04.238] [modengine] [warning] External dll C:\Users\basic\Documents\MithMaps\ModFiles\DenMaps\1.7.0-beta19\../../DenMaps/1.7.0-beta19/mod_files/3v3m.dll at base address 0x7ff84d5e0000 is not a modengine extension
[2025-12-05 00:08:04.238] [modengine] [info] Enabling extension base
[2025-12-05 00:08:04.238] [modengine] [info] Enabled extension base
[2025-12-05 00:08:04.238] [modengine] [info] Enabling extension mod_loader
[2025-12-05 00:08:04.238] [modengine] [info] Installing mod location mod_files/file_modding
[2025-12-05 00:08:04.238] [modengine] [info] Resolved mod path to C:\Users\basic\Documents\MithMaps\ModFiles\DenMaps\1.7.0-beta19\mod_files/file_modding
[2025-12-05 00:08:04.238] [modengine] [info] Enabled extension mod_loader
[2025-12-05 00:08:04.269] [modengine] [info] Applied 3 hooks
[2025-12-05 00:08:04.272] [modengine] [info] Starting worker thread
[2025-12-05 00:11:17.138] [modengine] [info] Attempting to load global config at C:\Users\basic\Documents\MithMaps\modengine2\config.toml
[2025-12-05 00:11:17.138] [modengine] [info] Attempting to load mod settings config at C:\Users\basic\Documents\MithMaps\ModFiles\DenMaps\1.7.0-beta19\config_DenMaps_1.7.0-beta19.toml
[2025-12-05 00:11:17.138] [modengine] [info] Local config loaded
[2025-12-05 00:11:17.138] [modengine] [info] ModEngine version 2.1.0-0924ab36f1311bf84e7e626740b4bf2c0d54909a initializing for Elden Ring
[2025-12-05 00:11:17.138] [modengine] [info] Local settings loaded: true, Global settings loaded: false
[2025-12-05 00:11:17.138] [modengine] [info] Main thread ID: 22892
[2025-12-05 00:11:17.141] [modengine] [info] Loaded external DLL C:\Users\basic\Documents\MithMaps\ModFiles\DenMaps\1.7.0-beta19\../../SeamlessCoop/v1.9.0/SeamlessCoop/ersc.dll
[2025-12-05 00:11:18.357] [modengine] [info] Loaded external DLL C:\Users\basic\Documents\MithMaps\ModFiles\DenMaps\1.7.0-beta19\../../DenMaps/1.7.0-beta19/mod_files/EldenRingScriptExtender.dll
[2025-12-05 00:11:18.357] [modengine] [warning] External dll C:\Users\basic\Documents\MithMaps\ModFiles\DenMaps\1.7.0-beta19\../../DenMaps/1.7.0-beta19/mod_files/EldenRingScriptExtender.dll at base address 0x7ff829fc0000 is not a modengine extension
[2025-12-05 00:11:18.358] [modengine] [info] Loaded external DLL C:\Users\basic\Documents\MithMaps\ModFiles\DenMaps\1.7.0-beta19\../../DenMaps/1.7.0-beta19/mod_files/DEN-Maps.dll
[2025-12-05 00:11:18.358] [modengine] [warning] External dll C:\Users\basic\Documents\MithMaps\ModFiles\DenMaps\1.7.0-beta19\../../DenMaps/1.7.0-beta19/mod_files/DEN-Maps.dll at base address 0x7ff827960000 is not a modengine extension
[2025-12-05 00:11:19.180] [modengine] [info] Loaded external DLL C:\Users\basic\Documents\MithMaps\ModFiles\DenMaps\1.7.0-beta19\../../DenMaps/1.7.0-beta19/mod_files/3v3m.dll
[2025-12-05 00:11:19.180] [modengine] [warning] External dll C:\Users\basic\Documents\MithMaps\ModFiles\DenMaps\1.7.0-beta19\../../DenMaps/1.7.0-beta19/mod_files/3v3m.dll at base address 0x7ff86d500000 is not a modengine extension
[2025-12-05 00:11:19.180] [modengine] [info] Enabling extension base
[2025-12-05 00:11:19.180] [modengine] [info] Enabled extension base
[2025-12-05 00:11:19.180] [modengine] [info] Enabling extension mod_loader
[2025-12-05 00:11:19.180] [modengine] [info] Installing mod location mod_files/file_modding
[2025-12-05 00:11:19.180] [modengine] [info] Resolved mod path to C:\Users\basic\Documents\MithMaps\ModFiles\DenMaps\1.7.0-beta19\mod_files/file_modding
[2025-12-05 00:11:19.180] [modengine] [info] Enabled extension mod_loader
[2025-12-05 00:11:19.210] [modengine] [info] Applied 3 hooks
[2025-12-05 00:11:19.213] [modengine] [info] Starting worker thread
[2025-12-05 00:14:14.424] [modengine] [info] Attempting to load global config at C:\Users\basic\Documents\MithMaps\modengine2\config.toml
[2025-12-05 00:14:14.424] [modengine] [info] Attempting to load mod settings config at C:\Users\basic\Documents\MithMaps\ModFiles\DenMaps\1.7.0-beta19\config_DenMaps_1.7.0-beta19.toml
[2025-12-05 00:14:14.424] [modengine] [info] Local config loaded
[2025-12-05 00:14:14.424] [modengine] [info] ModEngine version 2.1.0-0924ab36f1311bf84e7e626740b4bf2c0d54909a initializing for Elden Ring
[2025-12-05 00:14:14.424] [modengine] [info] Local settings loaded: true, Global settings loaded: false
[2025-12-05 00:14:14.424] [modengine] [info] Main thread ID: 24712
[2025-12-05 00:14:14.427] [modengine] [info] Loaded external DLL C:\Users\basic\Documents\MithMaps\ModFiles\DenMaps\1.7.0-beta19\../../SeamlessCoop/v1.9.0/SeamlessCoop/ersc.dll
[2025-12-05 00:14:15.656] [modengine] [info] Loaded external DLL C:\Users\basic\Documents\MithMaps\ModFiles\DenMaps\1.7.0-beta19\../../DenMaps/1.7.0-beta19/mod_files/EldenRingScriptExtender.dll
[2025-12-05 00:14:15.656] [modengine] [warning] External dll C:\Users\basic\Documents\MithMaps\ModFiles\DenMaps\1.7.0-beta19\../../DenMaps/1.7.0-beta19/mod_files/EldenRingScriptExtender.dll at base address 0x7ff830f80000 is not a modengine extension
[2025-12-05 00:14:15.657] [modengine] [info] Loaded external DLL C:\Users\basic\Documents\MithMaps\ModFiles\DenMaps\1.7.0-beta19\../../DenMaps/1.7.0-beta19/mod_files/DEN-Maps.dll
[2025-12-05 00:14:15.657] [modengine] [warning] External dll C:\Users\basic\Documents\MithMaps\ModFiles\DenMaps\1.7.0-beta19\../../DenMaps/1.7.0-beta19/mod_files/DEN-Maps.dll at base address 0x7ff829fd0000 is not a modengine extension
[2025-12-05 00:14:16.619] [modengine] [info] Loaded external DLL C:\Users\basic\Documents\MithMaps\ModFiles\DenMaps\1.7.0-beta19\../../DenMaps/1.7.0-beta19/mod_files/3v3m.dll
[2025-12-05 00:14:16.619] [modengine] [warning] External dll C:\Users\basic\Documents\MithMaps\ModFiles\DenMaps\1.7.0-beta19\../../DenMaps/1.7.0-beta19/mod_files/3v3m.dll at base address 0x7ff862b50000 is not a modengine extension
[2025-12-05 00:14:16.619] [modengine] [info] Enabling extension base
[2025-12-05 00:14:16.619] [modengine] [info] Enabled extension base
[2025-12-05 00:14:16.619] [modengine] [info] Enabling extension mod_loader
[2025-12-05 00:14:16.619] [modengine] [info] Installing mod location mod_files/file_modding
[2025-12-05 00:14:16.619] [modengine] [info] Resolved mod path to C:\Users\basic\Documents\MithMaps\ModFiles\DenMaps\1.7.0-beta19\mod_files/file_modding
[2025-12-05 00:14:16.619] [modengine] [info] Enabled extension mod_loader
[2025-12-05 00:14:16.650] [modengine] [info] Applied 3 hooks
[2025-12-05 00:14:16.653] [modengine] [info] Starting worker thread
[2025-12-05 00:16:12.545] [modengine] [info] Attempting to load global config at C:\Users\basic\Documents\MithMaps\modengine2\config.toml
[2025-12-05 00:16:12.545] [modengine] [info] Attempting to load mod settings config at C:\Users\basic\Documents\MithMaps\ModFiles\DenMaps\1.7.0-beta19\config_DenMaps_1.7.0-beta19.toml
[2025-12-05 00:16:12.545] [modengine] [info] Local config loaded
[2025-12-05 00:16:12.546] [modengine] [info] ModEngine version 2.1.0-0924ab36f1311bf84e7e626740b4bf2c0d54909a initializing for Elden Ring
[2025-12-05 00:16:12.546] [modengine] [info] Local settings loaded: true, Global settings loaded: false
[2025-12-05 00:16:12.546] [modengine] [info] Main thread ID: 24656
[2025-12-05 00:16:12.548] [modengine] [info] Loaded external DLL C:\Users\basic\Documents\MithMaps\ModFiles\DenMaps\1.7.0-beta19\../../SeamlessCoop/v1.9.0/SeamlessCoop/ersc.dll
[2025-12-05 00:16:13.806] [modengine] [info] Loaded external DLL C:\Users\basic\Documents\MithMaps\ModFiles\DenMaps\1.7.0-beta19\../../DenMaps/1.7.0-beta19/mod_files/EldenRingScriptExtender.dll
[2025-12-05 00:16:13.806] [modengine] [warning] External dll C:\Users\basic\Documents\MithMaps\ModFiles\DenMaps\1.7.0-beta19\../../DenMaps/1.7.0-beta19/mod_files/EldenRingScriptExtender.dll at base address 0x7ff830f80000 is not a modengine extension
[2025-12-05 00:16:13.807] [modengine] [info] Loaded external DLL C:\Users\basic\Documents\MithMaps\ModFiles\DenMaps\1.7.0-beta19\../../DenMaps/1.7.0-beta19/mod_files/DEN-Maps.dll
[2025-12-05 00:16:13.807] [modengine] [warning] External dll C:\Users\basic\Documents\MithMaps\ModFiles\DenMaps\1.7.0-beta19\../../DenMaps/1.7.0-beta19/mod_files/DEN-Maps.dll at base address 0x7ff829fd0000 is not a modengine extension
[2025-12-05 00:16:14.697] [modengine] [info] Loaded external DLL C:\Users\basic\Documents\MithMaps\ModFiles\DenMaps\1.7.0-beta19\../../DenMaps/1.7.0-beta19/mod_files/3v3m.dll
[2025-12-05 00:16:14.698] [modengine] [warning] External dll C:\Users\basic\Documents\MithMaps\ModFiles\DenMaps\1.7.0-beta19\../../DenMaps/1.7.0-beta19/mod_files/3v3m.dll at base address 0x7ff862b50000 is not a modengine extension
[2025-12-05 00:16:14.698] [modengine] [info] Enabling extension base
[2025-12-05 00:16:14.698] [modengine] [info] Enabled extension base
[2025-12-05 00:16:14.698] [modengine] [info] Enabling extension mod_loader
[2025-12-05 00:16:14.698] [modengine] [info] Installing mod location mod_files/file_modding
[2025-12-05 00:16:14.698] [modengine] [info] Resolved mod path to C:\Users\basic\Documents\MithMaps\ModFiles\DenMaps\1.7.0-beta19\mod_files/file_modding
[2025-12-05 00:16:14.698] [modengine] [info] Enabled extension mod_loader
[2025-12-05 00:16:14.728] [modengine] [info] Applied 3 hooks
[2025-12-05 00:16:14.731] [modengine] [info] Starting worker thread
[2025-12-05 00:18:33.922] [modengine] [info] Attempting to load global config at C:\Users\basic\Documents\MithMaps\modengine2\config.toml
[2025-12-05 00:18:33.923] [modengine] [info] Attempting to load mod settings config at C:\Users\basic\Documents\MithMaps\ModFiles\DenMaps\1.7.0-beta19\config_DenMaps_1.7.0-beta19.toml
[2025-12-05 00:18:33.923] [modengine] [info] Local config loaded
[2025-12-05 00:18:33.923] [modengine] [info] ModEngine version 2.1.0-0924ab36f1311bf84e7e626740b4bf2c0d54909a initializing for Elden Ring
[2025-12-05 00:18:33.923] [modengine] [info] Local settings loaded: true, Global settings loaded: false
[2025-12-05 00:18:33.923] [modengine] [info] Main thread ID: 13736
[2025-12-05 00:18:33.926] [modengine] [info] Loaded external DLL C:\Users\basic\Documents\MithMaps\ModFiles\DenMaps\1.7.0-beta19\../../SeamlessCoop/v1.9.0/SeamlessCoop/ersc.dll
[2025-12-05 00:18:35.365] [modengine] [info] Loaded external DLL C:\Users\basic\Documents\MithMaps\ModFiles\DenMaps\1.7.0-beta19\../../DenMaps/1.7.0-beta19/mod_files/EldenRingScriptExtender.dll
[2025-12-05 00:18:35.365] [modengine] [warning] External dll C:\Users\basic\Documents\MithMaps\ModFiles\DenMaps\1.7.0-beta19\../../DenMaps/1.7.0-beta19/mod_files/EldenRingScriptExtender.dll at base address 0x7ff830f80000 is not a modengine extension
[2025-12-05 00:18:35.366] [modengine] [info] Loaded external DLL C:\Users\basic\Documents\MithMaps\ModFiles\DenMaps\1.7.0-beta19\../../DenMaps/1.7.0-beta19/mod_files/DEN-Maps.dll
[2025-12-05 00:18:35.366] [modengine] [warning] External dll C:\Users\basic\Documents\MithMaps\ModFiles\DenMaps\1.7.0-beta19\../../DenMaps/1.7.0-beta19/mod_files/DEN-Maps.dll at base address 0x7ff829fd0000 is not a modengine extension
[2025-12-05 00:18:39.425] [modengine] [info] Loaded external DLL C:\Users\basic\Documents\MithMaps\ModFiles\DenMaps\1.7.0-beta19\../../DenMaps/1.7.0-beta19/mod_files/3v3m.dll
[2025-12-05 00:18:39.425] [modengine] [warning] External dll C:\Users\basic\Documents\MithMaps\ModFiles\DenMaps\1.7.0-beta19\../../DenMaps/1.7.0-beta19/mod_files/3v3m.dll at base address 0x7ff864570000 is not a modengine extension
[2025-12-05 00:18:39.425] [modengine] [info] Enabling extension base
[2025-12-05 00:18:39.425] [modengine] [info] Enabled extension base
[2025-12-05 00:18:39.425] [modengine] [info] Enabling extension mod_loader
[2025-12-05 00:18:39.425] [modengine] [info] Installing mod location mod_files/file_modding
[2025-12-05 00:18:39.425] [modengine] [info] Resolved mod path to C:\Users\basic\Documents\MithMaps\ModFiles\DenMaps\1.7.0-beta19\mod_files/file_modding
[2025-12-05 00:18:39.425] [modengine] [info] Enabled extension mod_loader
[2025-12-05 00:18:39.457] [modengine] [info] Applied 3 hooks
[2025-12-05 00:18:39.460] [modengine] [info] Starting worker thread
[2025-12-05 00:24:28.287] [modengine] [info] Attempting to load global config at C:\Users\basic\Documents\MithMaps\modengine2\config.toml
[2025-12-05 00:24:28.287] [modengine] [info] Attempting to load mod settings config at C:\Users\basic\Documents\MithMaps\ModFiles\DenMaps\1.7.0-beta19\config_DenMaps_1.7.0-beta19.toml
[2025-12-05 00:24:28.297] [modengine] [info] Local config loaded
[2025-12-05 00:24:28.297] [modengine] [info] ModEngine version 2.1.0-0924ab36f1311bf84e7e626740b4bf2c0d54909a initializing for Elden Ring
[2025-12-05 00:24:28.297] [modengine] [info] Local settings loaded: true, Global settings loaded: false
[2025-12-05 00:24:28.297] [modengine] [info] Main thread ID: 22432
[2025-12-05 00:24:28.300] [modengine] [info] Loaded external DLL C:\Users\basic\Documents\MithMaps\ModFiles\DenMaps\1.7.0-beta19\../../SeamlessCoop/v1.9.0/SeamlessCoop/ersc.dll
[2025-12-05 00:24:29.583] [modengine] [info] Loaded external DLL C:\Users\basic\Documents\MithMaps\ModFiles\DenMaps\1.7.0-beta19\../../DenMaps/1.7.0-beta19/mod_files/EldenRingScriptExtender.dll
[2025-12-05 00:24:29.583] [modengine] [warning] External dll C:\Users\basic\Documents\MithMaps\ModFiles\DenMaps\1.7.0-beta19\../../DenMaps/1.7.0-beta19/mod_files/EldenRingScriptExtender.dll at base address 0x7ff830f80000 is not a modengine extension
[2025-12-05 00:24:29.585] [modengine] [info] Loaded external DLL C:\Users\basic\Documents\MithMaps\ModFiles\DenMaps\1.7.0-beta19\../../DenMaps/1.7.0-beta19/mod_files/DEN-Maps.dll
[2025-12-05 00:24:29.585] [modengine] [warning] External dll C:\Users\basic\Documents\MithMaps\ModFiles\DenMaps\1.7.0-beta19\../../DenMaps/1.7.0-beta19/mod_files/DEN-Maps.dll at base address 0x7ff829fd0000 is not a modengine extension
[2025-12-05 00:24:32.191] [modengine] [info] Loaded external DLL C:\Users\basic\Documents\MithMaps\ModFiles\DenMaps\1.7.0-beta19\../../DenMaps/1.7.0-beta19/mod_files/3v3m.dll
[2025-12-05 00:24:32.191] [modengine] [warning] External dll C:\Users\basic\Documents\MithMaps\ModFiles\DenMaps\1.7.0-beta19\../../DenMaps/1.7.0-beta19/mod_files/3v3m.dll at base address 0x7ff864570000 is not a modengine extension
[2025-12-05 00:24:32.191] [modengine] [info] Enabling extension base
[2025-12-05 00:24:32.192] [modengine] [info] Enabled extension base
[2025-12-05 00:24:32.192] [modengine] [info] Enabling extension mod_loader
[2025-12-05 00:24:32.192] [modengine] [info] Installing mod location mod_files/file_modding
[2025-12-05 00:24:32.192] [modengine] [info] Resolved mod path to C:\Users\basic\Documents\MithMaps\ModFiles\DenMaps\1.7.0-beta19\mod_files/file_modding
[2025-12-05 00:24:32.192] [modengine] [info] Enabled extension mod_loader
[2025-12-05 00:24:32.221] [modengine] [info] Applied 3 hooks
[2025-12-05 00:24:32.224] [modengine] [info] Starting worker thread
[2025-12-05 00:24:47.383] [modengine] [info] Attempting to load global config at C:\Users\basic\Documents\MithMaps\modengine2\config.toml
[2025-12-05 00:24:47.383] [modengine] [info] Attempting to load mod settings config at C:\Users\basic\Documents\MithMaps\ModFiles\DenMaps\1.7.0-beta19\config_DenMaps_1.7.0-beta19.toml
[2025-12-05 00:24:47.383] [modengine] [info] Local config loaded
[2025-12-05 00:24:47.383] [modengine] [info] ModEngine version 2.1.0-0924ab36f1311bf84e7e626740b4bf2c0d54909a initializing for Elden Ring
[2025-12-05 00:24:47.383] [modengine] [info] Local settings loaded: true, Global settings loaded: false
[2025-12-05 00:24:47.383] [modengine] [info] Main thread ID: 14076
[2025-12-05 00:24:47.386] [modengine] [info] Loaded external DLL C:\Users\basic\Documents\MithMaps\ModFiles\DenMaps\1.7.0-beta19\../../SeamlessCoop/v1.9.0/SeamlessCoop/ersc.dll
[2025-12-05 00:24:48.648] [modengine] [info] Loaded external DLL C:\Users\basic\Documents\MithMaps\ModFiles\DenMaps\1.7.0-beta19\../../DenMaps/1.7.0-beta19/mod_files/EldenRingScriptExtender.dll
[2025-12-05 00:24:48.648] [modengine] [warning] External dll C:\Users\basic\Documents\MithMaps\ModFiles\DenMaps\1.7.0-beta19\../../DenMaps/1.7.0-beta19/mod_files/EldenRingScriptExtender.dll at base address 0x7ff830f80000 is not a modengine extension
[2025-12-05 00:24:48.649] [modengine] [info] Loaded external DLL C:\Users\basic\Documents\MithMaps\ModFiles\DenMaps\1.7.0-beta19\../../DenMaps/1.7.0-beta19/mod_files/DEN-Maps.dll
[2025-12-05 00:24:48.649] [modengine] [warning] External dll C:\Users\basic\Documents\MithMaps\ModFiles\DenMaps\1.7.0-beta19\../../DenMaps/1.7.0-beta19/mod_files/DEN-Maps.dll at base address 0x7ff829fd0000 is not a modengine extension
[2025-12-05 00:24:51.249] [modengine] [info] Loaded external DLL C:\Users\basic\Documents\MithMaps\ModFiles\DenMaps\1.7.0-beta19\../../DenMaps/1.7.0-beta19/mod_files/3v3m.dll
[2025-12-05 00:24:51.249] [modengine] [warning] External dll C:\Users\basic\Documents\MithMaps\ModFiles\DenMaps\1.7.0-beta19\../../DenMaps/1.7.0-beta19/mod_files/3v3m.dll at base address 0x7ff864570000 is not a modengine extension
[2025-12-05 00:24:51.249] [modengine] [info] Enabling extension base
[2025-12-05 00:24:51.249] [modengine] [info] Enabled extension base
[2025-12-05 00:24:51.249] [modengine] [info] Enabling extension mod_loader
[2025-12-05 00:24:51.249] [modengine] [info] Installing mod location mod_files/file_modding
[2025-12-05 00:24:51.249] [modengine] [info] Resolved mod path to C:\Users\basic\Documents\MithMaps\ModFiles\DenMaps\1.7.0-beta19\mod_files/file_modding
[2025-12-05 00:24:51.249] [modengine] [info] Enabled extension mod_loader
[2025-12-05 00:24:51.279] [modengine] [info] Applied 3 hooks
[2025-12-05 00:24:51.282] [modengine] [info] Starting worker thread
[2025-12-05 00:37:53.753] [modengine] [info] Attempting to load global config at C:\Users\basic\Documents\MithMaps\modengine2\config.toml
[2025-12-05 00:37:53.753] [modengine] [info] Attempting to load mod settings config at C:\Users\basic\Documents\MithMaps\ModFiles\DenMaps\1.7.0-beta19\config_DenMaps_1.7.0-beta19.toml
[2025-12-05 00:37:53.754] [modengine] [info] Local config loaded
[2025-12-05 00:37:53.754] [modengine] [info] ModEngine version 2.1.0-0924ab36f1311bf84e7e626740b4bf2c0d54909a initializing for Elden Ring
[2025-12-05 00:37:53.754] [modengine] [info] Local settings loaded: true, Global settings loaded: false
[2025-12-05 00:37:53.754] [modengine] [info] Main thread ID: 6780
[2025-12-05 00:37:53.756] [modengine] [info] Loaded external DLL C:\Users\basic\Documents\MithMaps\ModFiles\DenMaps\1.7.0-beta19\../../SeamlessCoop/v1.9.0/SeamlessCoop/ersc.dll
[2025-12-05 00:37:55.022] [modengine] [info] Loaded external DLL C:\Users\basic\Documents\MithMaps\ModFiles\DenMaps\1.7.0-beta19\../../DenMaps/1.7.0-beta19/mod_files/EldenRingScriptExtender.dll
[2025-12-05 00:37:55.022] [modengine] [warning] External dll C:\Users\basic\Documents\MithMaps\ModFiles\DenMaps\1.7.0-beta19\../../DenMaps/1.7.0-beta19/mod_files/EldenRingScriptExtender.dll at base address 0x7ff80d0b0000 is not a modengine extension
[2025-12-05 00:37:55.023] [modengine] [info] Loaded external DLL C:\Users\basic\Documents\MithMaps\ModFiles\DenMaps\1.7.0-beta19\../../DenMaps/1.7.0-beta19/mod_files/DEN-Maps.dll
[2025-12-05 00:37:55.023] [modengine] [warning] External dll C:\Users\basic\Documents\MithMaps\ModFiles\DenMaps\1.7.0-beta19\../../DenMaps/1.7.0-beta19/mod_files/DEN-Maps.dll at base address 0x7ff80bda0000 is not a modengine extension
[2025-12-05 00:37:59.671] [modengine] [info] Loaded external DLL C:\Users\basic\Documents\MithMaps\ModFiles\DenMaps\1.7.0-beta19\../../DenMaps/1.7.0-beta19/mod_files/3v3m.dll
[2025-12-05 00:37:59.671] [modengine] [warning] External dll C:\Users\basic\Documents\MithMaps\ModFiles\DenMaps\1.7.0-beta19\../../DenMaps/1.7.0-beta19/mod_files/3v3m.dll at base address 0x7ff862b50000 is not a modengine extension
[2025-12-05 00:37:59.671] [modengine] [info] Enabling extension base
[2025-12-05 00:37:59.671] [modengine] [info] Enabled extension base
[2025-12-05 00:37:59.671] [modengine] [info] Enabling extension mod_loader
[2025-12-05 00:37:59.671] [modengine] [info] Installing mod location mod_files/file_modding
[2025-12-05 00:37:59.671] [modengine] [info] Resolved mod path to C:\Users\basic\Documents\MithMaps\ModFiles\DenMaps\1.7.0-beta19\mod_files/file_modding
[2025-12-05 00:37:59.671] [modengine] [info] Enabled extension mod_loader
[2025-12-05 00:37:59.700] [modengine] [info] Applied 3 hooks
[2025-12-05 00:37:59.703] [modengine] [info] Starting worker thread
[2025-12-05 00:51:10.344] [modengine] [info] Attempting to load global config at C:\Users\basic\Documents\MithMaps\modengine2\config.toml
[2025-12-05 00:51:10.345] [modengine] [info] Attempting to load mod settings config at C:\Users\basic\Documents\MithMaps\ModFiles\DenMaps\1.7.0-beta19\config_DenMaps_1.7.0-beta19.toml
[2025-12-05 00:51:10.345] [modengine] [info] Local config loaded
[2025-12-05 00:51:10.345] [modengine] [info] ModEngine version 2.1.0-0924ab36f1311bf84e7e626740b4bf2c0d54909a initializing for Elden Ring
[2025-12-05 00:51:10.345] [modengine] [info] Local settings loaded: true, Global settings loaded: false
[2025-12-05 00:51:10.345] [modengine] [info] Main thread ID: 7804
[2025-12-05 00:51:10.348] [modengine] [info] Loaded external DLL C:\Users\basic\Documents\MithMaps\ModFiles\DenMaps\1.7.0-beta19\../../SeamlessCoop/v1.9.0/SeamlessCoop/ersc.dll
[2025-12-05 00:51:11.576] [modengine] [info] Loaded external DLL C:\Users\basic\Documents\MithMaps\ModFiles\DenMaps\1.7.0-beta19\../../DenMaps/1.7.0-beta19/mod_files/EldenRingScriptExtender.dll
[2025-12-05 00:51:11.576] [modengine] [warning] External dll C:\Users\basic\Documents\MithMaps\ModFiles\DenMaps\1.7.0-beta19\../../DenMaps/1.7.0-beta19/mod_files/EldenRingScriptExtender.dll at base address 0x7ff856e70000 is not a modengine extension
[2025-12-05 00:51:11.577] [modengine] [info] Loaded external DLL C:\Users\basic\Documents\MithMaps\ModFiles\DenMaps\1.7.0-beta19\../../DenMaps/1.7.0-beta19/mod_files/DEN-Maps.dll
[2025-12-05 00:51:11.577] [modengine] [warning] External dll C:\Users\basic\Documents\MithMaps\ModFiles\DenMaps\1.7.0-beta19\../../DenMaps/1.7.0-beta19/mod_files/DEN-Maps.dll at base address 0x7ff856900000 is not a modengine extension
[2025-12-05 00:51:13.782] [modengine] [info] Loaded external DLL C:\Users\basic\Documents\MithMaps\ModFiles\DenMaps\1.7.0-beta19\../../DenMaps/1.7.0-beta19/mod_files/3v3m.dll
[2025-12-05 00:51:13.783] [modengine] [warning] External dll C:\Users\basic\Documents\MithMaps\ModFiles\DenMaps\1.7.0-beta19\../../DenMaps/1.7.0-beta19/mod_files/3v3m.dll at base address 0x7ff8650b0000 is not a modengine extension
[2025-12-05 00:51:13.783] [modengine] [info] Enabling extension base
[2025-12-05 00:51:13.783] [modengine] [info] Enabled extension base
[2025-12-05 00:51:13.783] [modengine] [info] Enabling extension mod_loader
[2025-12-05 00:51:13.783] [modengine] [info] Installing mod location mod_files/file_modding
[2025-12-05 00:51:13.783] [modengine] [info] Resolved mod path to C:\Users\basic\Documents\MithMaps\ModFiles\DenMaps\1.7.0-beta19\mod_files/file_modding
[2025-12-05 00:51:13.783] [modengine] [info] Enabled extension mod_loader
[2025-12-05 00:51:13.813] [modengine] [info] Applied 3 hooks
[2025-12-05 00:51:13.816] [modengine] [info] Starting worker thread
[2025-12-05 00:53:29.270] [modengine] [info] Attempting to load global config at C:\Users\basic\Documents\MithMaps\modengine2\config.toml
[2025-12-05 00:53:29.270] [modengine] [info] Attempting to load mod settings config at C:\Users\basic\Documents\MithMaps\ModFiles\DenMaps\1.7.0-beta19\config_DenMaps_1.7.0-beta19.toml
[2025-12-05 00:53:29.270] [modengine] [info] Local config loaded
[2025-12-05 00:53:29.271] [modengine] [info] ModEngine version 2.1.0-0924ab36f1311bf84e7e626740b4bf2c0d54909a initializing for Elden Ring
[2025-12-05 00:53:29.271] [modengine] [info] Local settings loaded: true, Global settings loaded: false
[2025-12-05 00:53:29.271] [modengine] [info] Main thread ID: 24300
[2025-12-05 00:53:29.273] [modengine] [info] Loaded external DLL C:\Users\basic\Documents\MithMaps\ModFiles\DenMaps\1.7.0-beta19\../../SeamlessCoop/v1.9.0/SeamlessCoop/ersc.dll
[2025-12-05 00:53:30.507] [modengine] [info] Loaded external DLL C:\Users\basic\Documents\MithMaps\ModFiles\DenMaps\1.7.0-beta19\../../DenMaps/1.7.0-beta19/mod_files/EldenRingScriptExtender.dll
[2025-12-05 00:53:30.507] [modengine] [warning] External dll C:\Users\basic\Documents\MithMaps\ModFiles\DenMaps\1.7.0-beta19\../../DenMaps/1.7.0-beta19/mod_files/EldenRingScriptExtender.dll at base address 0x7ff8578c0000 is not a modengine extension
[2025-12-05 00:53:30.508] [modengine] [info] Loaded external DLL C:\Users\basic\Documents\MithMaps\ModFiles\DenMaps\1.7.0-beta19\../../DenMaps/1.7.0-beta19/mod_files/DEN-Maps.dll
[2025-12-05 00:53:30.508] [modengine] [warning] External dll C:\Users\basic\Documents\MithMaps\ModFiles\DenMaps\1.7.0-beta19\../../DenMaps/1.7.0-beta19/mod_files/DEN-Maps.dll at base address 0x7ff856e80000 is not a modengine extension
[2025-12-05 00:53:31.394] [modengine] [info] Loaded external DLL C:\Users\basic\Documents\MithMaps\ModFiles\DenMaps\1.7.0-beta19\../../DenMaps/1.7.0-beta19/mod_files/3v3m.dll
[2025-12-05 00:53:31.394] [modengine] [warning] External dll C:\Users\basic\Documents\MithMaps\ModFiles\DenMaps\1.7.0-beta19\../../DenMaps/1.7.0-beta19/mod_files/3v3m.dll at base address 0x7ff8650b0000 is not a modengine extension
[2025-12-05 00:53:31.394] [modengine] [info] Enabling extension base
[2025-12-05 00:53:31.394] [modengine] [info] Enabled extension base
[2025-12-05 00:53:31.394] [modengine] [info] Enabling extension mod_loader
[2025-12-05 00:53:31.394] [modengine] [info] Installing mod location mod_files/file_modding
[2025-12-05 00:53:31.394] [modengine] [info] Resolved mod path to C:\Users\basic\Documents\MithMaps\ModFiles\DenMaps\1.7.0-beta19\mod_files/file_modding
[2025-12-05 00:53:31.394] [modengine] [info] Enabled extension mod_loader
[2025-12-05 00:53:31.424] [modengine] [info] Applied 3 hooks
[2025-12-05 00:53:31.427] [modengine] [info] Starting worker thread
[2025-12-05 00:56:11.434] [modengine] [info] Attempting to load global config at C:\Users\basic\Documents\MithMaps\modengine2\config.toml
[2025-12-05 00:56:11.434] [modengine] [info] Attempting to load mod settings config at C:\Users\basic\Documents\MithMaps\ModFiles\DenMaps\1.7.0-beta19\config_DenMaps_1.7.0-beta19.toml
[2025-12-05 00:56:11.434] [modengine] [info] Local config loaded
[2025-12-05 00:56:11.434] [modengine] [info] ModEngine version 2.1.0-0924ab36f1311bf84e7e626740b4bf2c0d54909a initializing for Elden Ring
[2025-12-05 00:56:11.434] [modengine] [info] Local settings loaded: true, Global settings loaded: false
[2025-12-05 00:56:11.434] [modengine] [info] Main thread ID: 24524
[2025-12-05 00:56:11.437] [modengine] [info] Loaded external DLL C:\Users\basic\Documents\MithMaps\ModFiles\DenMaps\1.7.0-beta19\../../SeamlessCoop/v1.9.0/SeamlessCoop/ersc.dll
[2025-12-05 00:56:12.698] [modengine] [info] Loaded external DLL C:\Users\basic\Documents\MithMaps\ModFiles\DenMaps\1.7.0-beta19\../../DenMaps/1.7.0-beta19/mod_files/EldenRingScriptExtender.dll
[2025-12-05 00:56:12.698] [modengine] [warning] External dll C:\Users\basic\Documents\MithMaps\ModFiles\DenMaps\1.7.0-beta19\../../DenMaps/1.7.0-beta19/mod_files/EldenRingScriptExtender.dll at base address 0x7ff84f710000 is not a modengine extension
[2025-12-05 00:56:12.698] [modengine] [info] Loaded external DLL C:\Users\basic\Documents\MithMaps\ModFiles\DenMaps\1.7.0-beta19\../../DenMaps/1.7.0-beta19/mod_files/DEN-Maps.dll
[2025-12-05 00:56:12.698] [modengine] [warning] External dll C:\Users\basic\Documents\MithMaps\ModFiles\DenMaps\1.7.0-beta19\../../DenMaps/1.7.0-beta19/mod_files/DEN-Maps.dll at base address 0x7ff84f0c0000 is not a modengine extension
[2025-12-05 00:56:14.265] [modengine] [info] Loaded external DLL C:\Users\basic\Documents\MithMaps\ModFiles\DenMaps\1.7.0-beta19\../../DenMaps/1.7.0-beta19/mod_files/3v3m.dll
[2025-12-05 00:56:14.265] [modengine] [warning] External dll C:\Users\basic\Documents\MithMaps\ModFiles\DenMaps\1.7.0-beta19\../../DenMaps/1.7.0-beta19/mod_files/3v3m.dll at base address 0x7ff8650b0000 is not a modengine extension
[2025-12-05 00:56:14.265] [modengine] [info] Enabling extension base
[2025-12-05 00:56:14.265] [modengine] [info] Enabled extension base
[2025-12-05 00:56:14.265] [modengine] [info] Enabling extension mod_loader
[2025-12-05 00:56:14.265] [modengine] [info] Installing mod location mod_files/file_modding
[2025-12-05 00:56:14.265] [modengine] [info] Resolved mod path to C:\Users\basic\Documents\MithMaps\ModFiles\DenMaps\1.7.0-beta19\mod_files/file_modding
[2025-12-05 00:56:14.265] [modengine] [info] Enabled extension mod_loader
[2025-12-05 00:56:14.294] [modengine] [info] Applied 3 hooks
[2025-12-05 00:56:14.297] [modengine] [info] Starting worker thread
