[2025-12-02 10:23:32.817] [modengine] [info] Attempting to load global config at C:\Users\basic\Desktop\MithMaps\ModFiles\ModEngine\v2.1.0\modengine2\config.toml
[2025-12-02 10:23:32.817] [modengine] [info] Attempting to load mod settings config at C:\Users\basic\Desktop\MithMaps\ModFiles\DenMaps\1.7.0-beta19\config_DenMaps_1.7.0-beta19.toml
[2025-12-02 10:23:32.817] [modengine] [info] Local config loaded
[2025-12-02 10:23:32.817] [modengine] [info] ModEngine version 2.1.0-0924ab36f1311bf84e7e626740b4bf2c0d54909a initializing for Elden Ring
[2025-12-02 10:23:32.817] [modengine] [info] Local settings loaded: true, Global settings loaded: false
[2025-12-02 10:23:32.817] [modengine] [info] Main thread ID: 2492
[2025-12-02 10:23:32.820] [modengine] [info] Loaded external DLL C:\Users\basic\Desktop\MithMaps\ModFiles\DenMaps\1.7.0-beta19\../../SeamlessCoop/v1.9.0/SeamlessCoop/ersc.dll
[2025-12-02 10:23:34.207] [modengine] [info] Loaded external DLL C:\Users\basic\Desktop\MithMaps\ModFiles\DenMaps\1.7.0-beta19\../../DenMaps/1.7.0-beta19/mod_files/EldenRingScriptExtender.dll
[2025-12-02 10:23:34.207] [modengine] [warning] External dll C:\Users\basic\Desktop\MithMaps\ModFiles\DenMaps\1.7.0-beta19\../../DenMaps/1.7.0-beta19/mod_files/EldenRingScriptExtender.dll at base address 0x7ff859250000 is not a modengine extension
[2025-12-02 10:23:34.208] [modengine] [info] Loaded external DLL C:\Users\basic\Desktop\MithMaps\ModFiles\DenMaps\1.7.0-beta19\../../DenMaps/1.7.0-beta19/mod_files/DEN-Maps.dll
[2025-12-02 10:23:34.208] [modengine] [warning] External dll C:\Users\basic\Desktop\MithMaps\ModFiles\DenMaps\1.7.0-beta19\../../DenMaps/1.7.0-beta19/mod_files/DEN-Maps.dll at base address 0x7ff856600000 is not a modengine extension
[2025-12-02 10:23:35.223] [modengine] [info] Loaded external DLL C:\Users\basic\Desktop\MithMaps\ModFiles\DenMaps\1.7.0-beta19\../../DenMaps/1.7.0-beta19/mod_files/3v3m.dll
[2025-12-02 10:23:35.223] [modengine] [warning] External dll C:\Users\basic\Desktop\MithMaps\ModFiles\DenMaps\1.7.0-beta19\../../DenMaps/1.7.0-beta19/mod_files/3v3m.dll at base address 0x7ff872e00000 is not a modengine extension
[2025-12-02 10:23:35.223] [modengine] [info] Enabling extension base
[2025-12-02 10:23:35.223] [modengine] [info] Enabled extension base
[2025-12-02 10:23:35.223] [modengine] [info] Enabling extension mod_loader
[2025-12-02 10:23:35.223] [modengine] [info] Installing mod location mod_files/file_modding
[2025-12-02 10:23:35.223] [modengine] [info] Resolved mod path to C:\Users\basic\Desktop\MithMaps\ModFiles\DenMaps\1.7.0-beta19\mod_files/file_modding
[2025-12-02 10:23:35.223] [modengine] [info] Enabled extension mod_loader
[2025-12-02 10:23:35.253] [modengine] [info] Applied 3 hooks
[2025-12-02 10:23:35.256] [modengine] [info] Starting worker thread
